==== LHAPDF6 USING DEFAULT-TYPE LHAGLUE INTERFACE ====
LHAPDF 6.1.5 loading /cvmfs/cms.cern.ch/slc6_amd64_gcc481/external/lhapdf/6.1.5-ddibom2/share/LHAPDF/NNPDF30_lo_as_0130_nf_4/NNPDF30_lo_as_0130_nf_4_0000.dat
NNPDF30_lo_as_0130_nf_4 PDF set, member #0, version 2; LHAPDF ID = 263400
 Process in group number            4
 A PDF is used, so alpha_s(MZ) is going to be modified
 Old value of alpha_s from param_card:   0.11839999999999999     
 New value of alpha_s from PDF lhapdf :  0.12470044313224841     
 using LHAPDF
 Warning! ptj set to xqcut=   20.000000000000000       to improve integration efficiency
 Note that this might affect non-radiated jets,
 e.g. from decays. Use cut_decays=F in run_card.
 Warning! mmjj set to xqcut=   20.000000000000000       to improve integration efficiency
 Note that this might affect non-radiated jets,
 e.g. from decays. Use cut_decays=F in run_card.
 *****************************************************
 *               MadGraph/MadEvent                   *
 *        --------------------------------           *
 *          http://madgraph.hep.uiuc.edu             *
 *          http://madgraph.phys.ucl.ac.be           *
 *          http://madgraph.roma2.infn.it            *
 *        --------------------------------           *
 *                                                   *
 *          PARAMETER AND COUPLING VALUES            *
 *                                                   *
 *****************************************************

  External Params
  ---------------------------------
  
 aEWM1 =    127.90000000000001     
 mdl_Gf =    1.1663700000000000E-005
 aS =   0.11839999999999999     
 mdl_ymb =    4.7000000000000002     
 mdl_ymt =    172.00000000000000     
 mdl_ymtau =    1.7769999999999999     
 mdl_xi =   0.10000000000000001     
 mdl_grhopWZ =   -5.1000000000000004E-003
 mdl_grhopWh =    140.00000000000000     
 mdl_grhopud =  -0.22000000000000000     
 mdl_grhoptb =   0.10000000000000001     
 mdl_grhopT23LbL =   0.10000000000000001     
 mdl_grhopX23LbL =   0.10000000000000001     
 mdl_grhopX53LX23L =   0.10000000000000001     
 mdl_grhopX53RX23R =   0.10000000000000001     
 mdl_grhopX53LtL =   0.10000000000000001     
 mdl_grhopX53RtR =   0.10000000000000001     
 mdl_grhopX53LT23L =   0.10000000000000001     
 mdl_grhopX53RT23R =   0.10000000000000001     
 mdl_grhopT23LB13L =   0.10000000000000001     
 mdl_grhopT23RB13R =   0.10000000000000001     
 mdl_grhoptLB13L =   0.10000000000000001     
 mdl_grhoptRB13R =   0.10000000000000001     
 mdl_grhopX23LB13L =   0.10000000000000001     
 mdl_grhopX23RB13R =   0.10000000000000001     
 mdl_grho0WW =    4.4000000000000003E-003
 mdl_grho0Zh =   -160.00000000000000     
 mdl_grho0ffL =   0.22000000000000000     
 mdl_grho0ffY =    1.2999999999999999E-003
 mdl_grho0ttL =   0.22000000000000000     
 mdl_grho0bbL =  -0.23000000000000001     
 mdl_grho0ttR =   0.10000000000000001     
 mdl_grho0bbR =   0.10000000000000001     
 mdl_grho0X53LX53L =   0.10000000000000001     
 mdl_grho0X53RX53R =   0.10000000000000001     
 mdl_grho0X23LX23L =   0.10000000000000001     
 mdl_grho0X23RX23R =   0.10000000000000001     
 mdl_grho0X23LtL =   0.10000000000000001     
 mdl_grho0X23RtR =   0.10000000000000001     
 mdl_grho0X23LT23L =   0.10000000000000001     
 mdl_grho0X23RT23R =   0.10000000000000001     
 mdl_grho0T23LT23L =   0.10000000000000001     
 mdl_grho0T23RT23R =   0.10000000000000001     
 mdl_grho0T23LtL =   0.10000000000000001     
 mdl_grho0T23RtR =   0.10000000000000001     
 mdl_grho0B13LB13L =   0.10000000000000001     
 mdl_grho0B13RB13R =   0.10000000000000001     
 mdl_grhoprhomZ =   0.55000000000000004     
 mdl_grhopWmrho0 =  -0.63000000000000000     
 mdl_grhoprhomrho0 =   0.10000000000000001     
 mdl_ghWW =    100.00000000000000     
 mdl_ghZZ =    100.00000000000000     
 mdl_ghhWW =   0.10000000000000001     
 mdl_ghhZZ =   0.10000000000000001     
 mdl_gWT23LbL =   0.10000000000000001     
 mdl_gWX23LbL =   0.10000000000000001     
 mdl_gWtLB13L =   0.10000000000000001     
 mdl_gWtRB13R =   0.10000000000000001     
 mdl_gWX53LtL =   0.10000000000000001     
 mdl_gWX53RtR =   0.10000000000000001     
 mdl_gZT23LtL =   0.10000000000000001     
 mdl_gZT23RtR =   0.10000000000000001     
 mdl_gZX23LtL =   0.10000000000000001     
 mdl_gZX23RtR =   0.10000000000000001     
 mdl_ghT23LtR =   0.10000000000000001     
 mdl_ghtLT23R =   0.10000000000000001     
 mdl_ghX23LtR =   0.10000000000000001     
 mdl_ghtLX23R =   0.10000000000000001     
 mdl_MZ =    91.187600000000003     
 mdl_MTA =    1.7769999999999999     
 mdl_MT =    172.00000000000000     
 mdl_MB =    4.7000000000000002     
 mdl_MH =    125.00000000000000     
 mdl_mrhop =    2500.0000000000000     
 mdl_mrho0 =    1800.0000000000000     
 mdl_MT23 =    1200.0000000000000     
 mdl_MB13 =    600.00000000000000     
 mdl_MX53 =    600.00000000000000     
 mdl_MX23 =    600.00000000000000     
 mdl_WZ =    2.4952000000000001     
 mdl_WW =    2.0850000000000000     
 mdl_WT =    1.5083359999999999     
 mdl_WH =    5.7530880000000000E-003
 mdl_wrhop =    25.000000000000000     
 mdl_wrho0 =    1.0000000000000000E-003
 mdl_WT23 =    1.0000000000000000E-003
 mdl_WB13 =    1.0000000000000000E-003
 mdl_WX53 =    1.0000000000000000E-003
 mdl_WX23 =    1.0000000000000000E-003
  Internal Params
  ---------------------------------
  
 mdl_MZ__exp__2 =    8315.1783937600012     
 mdl_MZ__exp__4 =    69142191.720053151     
 mdl_sqrt__2 =    1.4142135623730951     
 mdl_MH__exp__2 =    15625.000000000000     
 mdl_complexi =  (  0.0000000000000000     ,  1.0000000000000000     )
 mdl_aEW =    7.8186082877247844E-003
 mdl_MW =    79.824359746197842     
 mdl_sqrt__aEW =    8.8422894590285753E-002
 mdl_ee =   0.31345100004952897     
 mdl_MW__exp__2 =    6371.9284088904105     
 mdl_sw2 =   0.23369913342182447     
 mdl_cw =   0.87538612427783857     
 mdl_sqrt__sw2 =   0.48342438232036300     
 mdl_sw =   0.48342438232036300     
 mdl_g1 =   0.35807170271074895     
 mdl_gw =   0.64839716719502682     
 mdl_vev =    246.22056907348590     
 mdl_vev__exp__2 =    60624.568634871241     
 mdl_lam =   0.12886689630821144     
 mdl_yb =    2.6995322804122722E-002
 mdl_yt =   0.98791394091683138     
 mdl_ytau =    1.0206529494239589E-002
 mdl_muH =    88.388347648318444     
 mdl_ee__exp__2 =    9.8251529432049817E-002
 mdl_sw__exp__2 =   0.23369913342182450     
 mdl_cw__exp__2 =   0.76630086657817542     
  Internal Params evaluated point by point
  ----------------------------------------
  
 mdl_sqrt__aS =   0.34409301068170506     
 mdl_G__exp__2 =    1.4878582807401259     
  Couplings of onerho
  ---------------------------------
  
         GC_7 =   0.00000E+00   0.12198E+01
        GC_44 =   0.00000E+00   0.70711E-01
        GC_49 =  -0.00000E+00  -0.15556E+00
        GC_64 =   0.00000E+00   0.70711E-01

 Collider parameters:
 --------------------

 Running at P P   machine @    13000.000000000000       GeV
 PDF set = lhapdf 
 alpha_s(Mz)= 0.1247 running at 1 loops.
 alpha_s(Mz)= 0.1247 running at 1 loops.
 Renormalization scale set on event-by-event basis
 Factorization   scale set on event-by-event basis


 getting user params
Enter number of events and max and min iterations: 
 Number of events and iterations         2000           8           3
Enter desired fractional accuracy: 
 Desired fractional accuracy:    1.0000000000000000E-002
Enter 0 for fixed, 2 for adjustable grid: 
Suppress amplitude (0 no, 1 yes)? 
 Using suppressed amplitude.
Exact helicity sum (0 yes, n = number/event)? 
 Explicitly summing over helicities
Enter Configuration Number: 
Running Configuration Number:    2
 Not subdividing B.W.
 Attempting mappinvarients           1           6
 Completed mapping           6
 about to integrate           10        2000           8           3          10           1
 Using non-zero grid deformation.
 10 dimensions   2000 events 10 invarients  8 iterations  1 config(s),  (0.99)
 Using h-tuple random number sequence.
 fail to read data
 Error opening grid
 Using Uniform Grid!          24
 Using uniform alpha   1.0000000000000000     
 Grid defined OK
 Set CM energy to      13000.00
 Mapping Graph           2  to config           2
 Setting BW          -1           1   1200.0000000000000     
 Setting BW          -2           2   2500.0000000000000     
Setting grid   3    0.23669E-05   1
 Transforming s_hat 1/s            9   7.2091037221738402E-002
 Masses: 0.000E+00 0.000E+00 0.798E+02 0.470E+01 0.470E+01 0.000E+00
   2   1   2   3   4   5   6   7   8   9  10
Using random seed offsets     2 :      4
  with seed                   24
 Ranmar initialization seeds       31060        9401
 
 ********************************************
 * You are using the DiscreteSampler module *
 *      part of the MG5_aMC framework       *
 *         Author: Valentin Hirschi         *
 ********************************************
 
  Particle       3       4       5       6
      Et >     0.0    10.0    10.0    20.0
       E >     0.0     0.0     0.0     0.0
     Eta <    -1.0     5.0     5.0     5.0
   xqcut:      0.0     0.0     0.0    20.0
d R # 3  >    -0.0     0.0     0.0     0.0
d R # 4  >    -0.0    -0.0     0.0     0.0
d R # 5  >    -0.0    -0.0    -0.0     0.0
s min # 3>     0.0     0.0     0.0     0.0
s min # 4>     0.0     0.0     0.0     0.0
s min # 5>     0.0     0.0     0.0     0.0
xqcutij # 3>     0.0     0.0     0.0     0.0
xqcutij # 4>     0.0     0.0     0.0     0.0
xqcutij # 5>     0.0     0.0     0.0     0.0
 No cut BW           -1           1
 No cut BW           -2           2
 alpha_s for scale    2495.3165100255210       is    8.0591773697459179E-002
 Added good helicity           25   1.0882745204332704       in event            1
 Added good helicity           27   1.5400164880562453E-006  in event            1
 Added good helicity           29   5.2495323859765726E-006  in event            1
 Added good helicity           33   91.931431260200284       in event            1
 Added good helicity           35   1.3009210199550834E-004  in event            1
 Added good helicity           37   4.5137666234422192E-004  in event            1
 Added good helicity           41   1.9629787770129234       in event            1
 Added good helicity           43   2.7778098499456250E-006  in event            1
 Added good helicity           73   1.1620086934284362E-002  in event            1
 Added good helicity           81  0.98408182663664101       in event            1
 Added good helicity           83   1.2659836834123287E-006  in event            1
 Added good helicity           85   4.8326481030136108E-006  in event            1
 Added good helicity           89   2.1016005039085409E-002  in event            1
 Added good helicity           25   1.0882745204332698       in event            1
 Added good helicity           27   1.5400164880562436E-006  in event            1
 Added good helicity           29   5.2495323859765650E-006  in event            1
 Added good helicity           33   91.931431260200142       in event            1
 Added good helicity           35   1.3009210199550818E-004  in event            1
 Added good helicity           37   4.5137666234422121E-004  in event            1
 Added good helicity           41   1.9629787770129195       in event            1
 Added good helicity           43   2.7778098499456178E-006  in event            1
 Added good helicity           73   1.1620086934285859E-002  in event            1
 Added good helicity           81  0.98408182663676746       in event            1
 Added good helicity           83   1.2659836834124909E-006  in event            1
 Added good helicity           85   4.8326481030142274E-006  in event            1
 Added good helicity           89   2.1016005039088084E-002  in event            1
 Added good helicity           75   7.4724648956334889E-005  in event            2
 Added good helicity           77   1.8197249118302876E-005  in event            2
 Added good helicity           91   3.8353848725591458E-005  in event            2
 Added good helicity           75   7.4724648956334822E-005  in event            2
 Added good helicity           77   1.8197249118302839E-005  in event            2
 Added good helicity           91   3.8353848725591404E-005  in event            2
 Added good helicity           45   8.0626967745762961E-006  in event            3
 Added good helicity           45   8.0626967745762944E-006  in event            4
 Added good helicity           93   7.5681745652402310E-006  in event            4
 Added good helicity           93   7.5681745652402285E-006  in event            5
 RESET CUMULATIVE VARIABLE
 RESET CUMULATIVE VARIABLE
 RESET CUMULATIVE VARIABLE
 Iteration  1   Mean: 0.3800E+00 Abs mean: 0.3800E+00   Fluctuation:  0.109E+00   0.150E+03    81.6%
  1    0.3800E+00 0.3800E+00 +- 0.1088E+00     12.81
 Writing out events   2.9105307659164546E-005   12.805421617904946     
 Relative summed weights:
  0.4839E+00  0.2695E+00  0.3710E-01  0.2095E+00
 Relative number of events:
  0.4644E+00  0.4689E+00  0.2987E-01  0.3683E-01
 Events:
         933         942          60          74
 Iteration  2   Mean: 0.2666E+00 Abs mean: 0.2666E+00   Fluctuation:  0.261E-01   0.468E+02    86.4%
  2    0.2666E+00 0.2666E+00 +- 0.2607E-01      6.19
 Relative summed weights:
  0.4323E+00  0.4826E+00  0.2661E-01  0.5853E-01
 Relative number of events:
  0.4670E+00  0.4735E+00  0.2775E-01  0.3175E-01
 Events:
        1868        1894         111         127
 Iteration  3   Mean: 0.3070E+00 Abs mean: 0.3070E+00   Fluctuation:  0.192E-01   0.958E+02    86.1%
  3    0.3070E+00 0.3070E+00 +- 0.1917E-01      5.59
 Relative summed weights:
  0.4406E+00  0.3815E+00  0.7960E-01  0.9829E-01
 Relative number of events:
  0.4800E+00  0.4596E+00  0.3112E-01  0.2925E-01
 Events:
        3840        3677         249         234
 Accuracy:    0.056   0.010   0.052   1.158
 Found          810  events.
 Wrote           20  events.
 Actual xsec   0.29804397870736082     
 Correct abs xsec   0.29804397870736082     
 Event xsec   0.29804397870736093     
 Events wgts > 1:            1
 % Cross section > 1:    1.2145800967209644E-003  0.40751707247658187     
 Iteration  4   Mean: 0.2852E+00 Abs mean: 0.2852E+00   Fluctuation:  0.427E-02   0.181E+02    83.7%
  4    0.2852E+00 0.2852E+00 +- 0.4274E-02      1.90
 Relative summed weights:
  0.4499E+00  0.4602E+00  0.4572E-01  0.4416E-01
 Relative number of events:
  0.4654E+00  0.4778E+00  0.2925E-01  0.2756E-01
 Events:
        7446        7645         468         441
 Accuracy:    0.015   0.010   0.014   1.068
 Found         1701  events.
 Wrote          813  events.
 Actual xsec   0.28597069272521930     
 Correct abs xsec   0.28597069272521930     
 Event xsec   0.28597069272522158     
 Events wgts > 1:           19
 % Cross section > 1:    2.7750097907934526E-003  0.97038258163743185     
 Iteration  5   Mean: 0.2880E+00 Abs mean: 0.2880E+00   Fluctuation:  0.287E-02   0.296E+02    81.3%
  5    0.2880E+00 0.2880E+00 +- 0.2867E-02      1.78
 Relative summed weights:
  0.4475E+00  0.4441E+00  0.5317E-01  0.5520E-01
 Relative number of events:
  0.4765E+00  0.4668E+00  0.2800E-01  0.2863E-01
 Events:
       15249       14939         896         916
 Accuracy:    0.007   0.010   0.008   0.825
 Finished due to accuracy    7.4362959367467894E-003   1.0000000000000000E-002

 -------------------------------------------------------------------------------
 Accumulated results:   Integral =  0.2874E+00
                        Std dev  =  0.2353E-02
                       Cross sec =  0.2874E+00
             Chi**2 per DoF.     =      0.8249
 -------------------------------------------------------------------------------
 Found         3759  events.
 Wrote         1081  events.
 Actual xsec   0.28747287678171068     
 Correct abs xsec   0.28747287678171068     
 Event xsec   0.28747287678170519     
 Events wgts > 1:           13
 % Cross section > 1:    2.7600596176404219E-003  0.96011131503592073     
-------------------------------------------------
---------------------------
 Results Last   3 iters: Integral =   0.2875E+00
                     Abs integral =   0.2875E+00
                          Std dev =   0.2363E-02
                  Chi**2 per DoF. =      0.6716
-------------------------------------------------
---------------------------
 Status   1.0000000000000000E-002           6           8

ls status:
events.lhe
ftn25
ftn26
input_app.txt
results.dat
run1_app.log
