==== LHAPDF6 USING DEFAULT-TYPE LHAGLUE INTERFACE ====
LHAPDF 6.1.5 loading /cvmfs/cms.cern.ch/slc6_amd64_gcc481/external/lhapdf/6.1.5-ddibom2/share/LHAPDF/NNPDF30_lo_as_0130_nf_4/NNPDF30_lo_as_0130_nf_4_0000.dat
NNPDF30_lo_as_0130_nf_4 PDF set, member #0, version 2; LHAPDF ID = 263400
 Process in group number            3
 A PDF is used, so alpha_s(MZ) is going to be modified
 Old value of alpha_s from param_card:   0.11839999999999999     
 New value of alpha_s from PDF lhapdf :  0.12470044313224841     
 using LHAPDF
 Warning! ptj set to xqcut=   20.000000000000000       to improve integration efficiency
 Note that this might affect non-radiated jets,
 e.g. from decays. Use cut_decays=F in run_card.
 Warning! mmjj set to xqcut=   20.000000000000000       to improve integration efficiency
 Note that this might affect non-radiated jets,
 e.g. from decays. Use cut_decays=F in run_card.
 *****************************************************
 *               MadGraph/MadEvent                   *
 *        --------------------------------           *
 *          http://madgraph.hep.uiuc.edu             *
 *          http://madgraph.phys.ucl.ac.be           *
 *          http://madgraph.roma2.infn.it            *
 *        --------------------------------           *
 *                                                   *
 *          PARAMETER AND COUPLING VALUES            *
 *                                                   *
 *****************************************************

  External Params
  ---------------------------------
  
 aEWM1 =    127.90000000000001     
 mdl_Gf =    1.1663700000000000E-005
 aS =   0.11839999999999999     
 mdl_ymb =    4.7000000000000002     
 mdl_ymt =    172.00000000000000     
 mdl_ymtau =    1.7769999999999999     
 mdl_xi =   0.10000000000000001     
 mdl_grhopWZ =   -5.1000000000000004E-003
 mdl_grhopWh =    140.00000000000000     
 mdl_grhopud =  -0.22000000000000000     
 mdl_grhoptb =   0.10000000000000001     
 mdl_grhopT23LbL =   0.10000000000000001     
 mdl_grhopX23LbL =   0.10000000000000001     
 mdl_grhopX53LX23L =   0.10000000000000001     
 mdl_grhopX53RX23R =   0.10000000000000001     
 mdl_grhopX53LtL =   0.10000000000000001     
 mdl_grhopX53RtR =   0.10000000000000001     
 mdl_grhopX53LT23L =   0.10000000000000001     
 mdl_grhopX53RT23R =   0.10000000000000001     
 mdl_grhopT23LB13L =   0.10000000000000001     
 mdl_grhopT23RB13R =   0.10000000000000001     
 mdl_grhoptLB13L =   0.10000000000000001     
 mdl_grhoptRB13R =   0.10000000000000001     
 mdl_grhopX23LB13L =   0.10000000000000001     
 mdl_grhopX23RB13R =   0.10000000000000001     
 mdl_grho0WW =    4.4000000000000003E-003
 mdl_grho0Zh =   -160.00000000000000     
 mdl_grho0ffL =   0.22000000000000000     
 mdl_grho0ffY =    1.2999999999999999E-003
 mdl_grho0ttL =   0.22000000000000000     
 mdl_grho0bbL =  -0.23000000000000001     
 mdl_grho0ttR =   0.10000000000000001     
 mdl_grho0bbR =   0.10000000000000001     
 mdl_grho0X53LX53L =   0.10000000000000001     
 mdl_grho0X53RX53R =   0.10000000000000001     
 mdl_grho0X23LX23L =   0.10000000000000001     
 mdl_grho0X23RX23R =   0.10000000000000001     
 mdl_grho0X23LtL =   0.10000000000000001     
 mdl_grho0X23RtR =   0.10000000000000001     
 mdl_grho0X23LT23L =   0.10000000000000001     
 mdl_grho0X23RT23R =   0.10000000000000001     
 mdl_grho0T23LT23L =   0.10000000000000001     
 mdl_grho0T23RT23R =   0.10000000000000001     
 mdl_grho0T23LtL =   0.10000000000000001     
 mdl_grho0T23RtR =   0.10000000000000001     
 mdl_grho0B13LB13L =   0.10000000000000001     
 mdl_grho0B13RB13R =   0.10000000000000001     
 mdl_grhoprhomZ =   0.55000000000000004     
 mdl_grhopWmrho0 =  -0.63000000000000000     
 mdl_grhoprhomrho0 =   0.10000000000000001     
 mdl_ghWW =    100.00000000000000     
 mdl_ghZZ =    100.00000000000000     
 mdl_ghhWW =   0.10000000000000001     
 mdl_ghhZZ =   0.10000000000000001     
 mdl_gWT23LbL =   0.10000000000000001     
 mdl_gWX23LbL =   0.10000000000000001     
 mdl_gWtLB13L =   0.10000000000000001     
 mdl_gWtRB13R =   0.10000000000000001     
 mdl_gWX53LtL =   0.10000000000000001     
 mdl_gWX53RtR =   0.10000000000000001     
 mdl_gZT23LtL =   0.10000000000000001     
 mdl_gZT23RtR =   0.10000000000000001     
 mdl_gZX23LtL =   0.10000000000000001     
 mdl_gZX23RtR =   0.10000000000000001     
 mdl_ghT23LtR =   0.10000000000000001     
 mdl_ghtLT23R =   0.10000000000000001     
 mdl_ghX23LtR =   0.10000000000000001     
 mdl_ghtLX23R =   0.10000000000000001     
 mdl_MZ =    91.187600000000003     
 mdl_MTA =    1.7769999999999999     
 mdl_MT =    172.00000000000000     
 mdl_MB =    4.7000000000000002     
 mdl_MH =    125.00000000000000     
 mdl_mrhop =    2000.0000000000000     
 mdl_mrho0 =    1800.0000000000000     
 mdl_MT23 =    1500.0000000000000     
 mdl_MB13 =    600.00000000000000     
 mdl_MX53 =    600.00000000000000     
 mdl_MX23 =    600.00000000000000     
 mdl_WZ =    2.4952000000000001     
 mdl_WW =    2.0850000000000000     
 mdl_WT =    1.5083359999999999     
 mdl_WH =    5.7530880000000000E-003
 mdl_wrhop =    20.000000000000000     
 mdl_wrho0 =    1.0000000000000000E-003
 mdl_WT23 =    1.0000000000000000E-003
 mdl_WB13 =    1.0000000000000000E-003
 mdl_WX53 =    1.0000000000000000E-003
 mdl_WX23 =    1.0000000000000000E-003
  Internal Params
  ---------------------------------
  
 mdl_MZ__exp__2 =    8315.1783937600012     
 mdl_MZ__exp__4 =    69142191.720053151     
 mdl_sqrt__2 =    1.4142135623730951     
 mdl_MH__exp__2 =    15625.000000000000     
 mdl_complexi =  (  0.0000000000000000     ,  1.0000000000000000     )
 mdl_aEW =    7.8186082877247844E-003
 mdl_MW =    79.824359746197842     
 mdl_sqrt__aEW =    8.8422894590285753E-002
 mdl_ee =   0.31345100004952897     
 mdl_MW__exp__2 =    6371.9284088904105     
 mdl_sw2 =   0.23369913342182447     
 mdl_cw =   0.87538612427783857     
 mdl_sqrt__sw2 =   0.48342438232036300     
 mdl_sw =   0.48342438232036300     
 mdl_g1 =   0.35807170271074895     
 mdl_gw =   0.64839716719502682     
 mdl_vev =    246.22056907348590     
 mdl_vev__exp__2 =    60624.568634871241     
 mdl_lam =   0.12886689630821144     
 mdl_yb =    2.6995322804122722E-002
 mdl_yt =   0.98791394091683138     
 mdl_ytau =    1.0206529494239589E-002
 mdl_muH =    88.388347648318444     
 mdl_ee__exp__2 =    9.8251529432049817E-002
 mdl_sw__exp__2 =   0.23369913342182450     
 mdl_cw__exp__2 =   0.76630086657817542     
  Internal Params evaluated point by point
  ----------------------------------------
  
 mdl_sqrt__aS =   0.34409301068170506     
 mdl_G__exp__2 =    1.4878582807401259     
  Couplings of onerho
  ---------------------------------
  
         GC_7 =   0.00000E+00   0.12198E+01
        GC_44 =   0.00000E+00   0.70711E-01
        GC_49 =  -0.00000E+00  -0.15556E+00
        GC_64 =   0.00000E+00   0.70711E-01

 Collider parameters:
 --------------------

 Running at P P   machine @    13000.000000000000       GeV
 PDF set = lhapdf 
 alpha_s(Mz)= 0.1247 running at 1 loops.
 alpha_s(Mz)= 0.1247 running at 1 loops.
 Renormalization scale set on event-by-event basis
 Factorization   scale set on event-by-event basis


 getting user params
Enter number of events and max and min iterations: 
 Number of events and iterations         2000           8           3
Enter desired fractional accuracy: 
 Desired fractional accuracy:    1.0000000000000000E-002
Enter 0 for fixed, 2 for adjustable grid: 
Suppress amplitude (0 no, 1 yes)? 
 Using suppressed amplitude.
Exact helicity sum (0 yes, n = number/event)? 
 Explicitly summing over helicities
Enter Configuration Number: 
Running Configuration Number:    1
 Not subdividing B.W.
 Attempting mappinvarients           1           6
 Completed mapping           6
 about to integrate           10        2000           8           3          10           1
 Using non-zero grid deformation.
 10 dimensions   2000 events 10 invarients  8 iterations  1 config(s),  (0.99)
 Using h-tuple random number sequence.
 fail to read data
 Error opening grid
 Using Uniform Grid!          24
 Using uniform alpha   1.0000000000000000     
 Grid defined OK
 Set CM energy to      13000.00
 Mapping Graph           1  to config           1
 Setting BW          -1           1   1500.0000000000000     
Setting grid   2    0.13071E-06   1
 Setting PDF BW           9           2   2000.0000000000000     
 Transforming s_hat BW    2.3668639053254441E-002   2.3668639053254443E-004
 Masses: 0.000E+00 0.000E+00 0.470E+01 0.798E+02 0.470E+01 0.000E+00
   1   1   2   3   4   5   6   7   8   9  10
Using random seed offsets     1 :      1
  with seed                   24
 Ranmar initialization seeds       31059        9398
 
 ********************************************
 * You are using the DiscreteSampler module *
 *      part of the MG5_aMC framework       *
 *         Author: Valentin Hirschi         *
 ********************************************
 
  Particle       3       4       5       6
      Et >    10.0     0.0    10.0    20.0
       E >     0.0     0.0     0.0     0.0
     Eta <     5.0    -1.0     5.0     5.0
   xqcut:      0.0     0.0     0.0    20.0
d R # 3  >    -0.0     0.0     0.0     0.0
d R # 4  >    -0.0    -0.0     0.0     0.0
d R # 5  >    -0.0    -0.0    -0.0     0.0
s min # 3>     0.0     0.0     0.0     0.0
s min # 4>     0.0     0.0     0.0     0.0
s min # 5>     0.0     0.0     0.0     0.0
xqcutij # 3>     0.0     0.0     0.0     0.0
xqcutij # 4>     0.0     0.0     0.0     0.0
xqcutij # 5>     0.0     0.0     0.0     0.0
 No cut BW           -1           1
 No cut BW           -3           2
 alpha_s for scale    2009.4196067893349       is    8.2500992018024175E-002
 Added good helicity           73   2.7527046341543804E-003  in event            1
 Added good helicity           74   2.1798970529576172E-002  in event            1
 Added good helicity           77   9.9525700298856368       in event            1
 Added good helicity           78   78.816503162515730       in event            1
 Added good helicity           79   5.1469992150851465E-006  in event            1
 Added good helicity           80   4.0760184634044899E-005  in event            1
 Added good helicity           81   4.8438108328893708E-003  in event            1
 Added good helicity           82   3.8359178231718354E-002  in event            1
 Added good helicity           84   3.8376922057193555E-006  in event            1
 Added good helicity           85   1.6915117892761631E-006  in event            1
 Added good helicity           86   1.9779635916881704E-003  in event            1
 Added good helicity           89   6.1157631408281414E-003  in event            1
 Added good helicity           90   7.1515388751898374       in event            1
 Added good helicity           92   3.6984392017635348E-006  in event            1
 Added good helicity           93   2.9764773986995283E-006  in event            1
 Added good helicity           94   3.4805801239794301E-003  in event            1
 Added good helicity           73   2.7527046341543808E-003  in event            1
 Added good helicity           74   2.1798970529576168E-002  in event            1
 Added good helicity           77   9.9525700298856385       in event            1
 Added good helicity           78   78.816503162515730       in event            1
 Added good helicity           79   5.1469992150851609E-006  in event            1
 Added good helicity           80   4.0760184634045001E-005  in event            1
 Added good helicity           81   4.8438108328893803E-003  in event            1
 Added good helicity           82   3.8359178231718409E-002  in event            1
 Added good helicity           84   3.8376922057193555E-006  in event            1
 Added good helicity           85   1.6915117892761619E-006  in event            1
 Added good helicity           86   1.9779635916881717E-003  in event            1
 Added good helicity           89   6.1157631408281380E-003  in event            1
 Added good helicity           90   7.1515388751898392       in event            1
 Added good helicity           92   3.6984392017635462E-006  in event            1
 Added good helicity           93   2.9764773986995287E-006  in event            1
 Added good helicity           94   3.4805801239794370E-003  in event            1
 Added good helicity           75   1.4516504963132741E-006  in event            5
 Added good helicity           76   1.7617241551645529E-006  in event            5
 Added good helicity           83   1.9678302612408585E-006  in event            5
 Added good helicity           75   1.4516504963132741E-006  in event            3
 Added good helicity           76   1.7617241551645540E-006  in event            3
 Added good helicity           83   1.9678302612408593E-006  in event            3
 RESET CUMULATIVE VARIABLE
 RESET CUMULATIVE VARIABLE
 RESET CUMULATIVE VARIABLE
 Iteration  1   Mean: 0.1762E+02 Abs mean: 0.1762E+02   Fluctuation:  0.134E+01   0.779E+03    89.6%
  1    0.1762E+02 0.1762E+02 +- 0.1341E+01      3.40
 Writing out events   1.2294249386994064E-003   3.4028638373681335     
 Relative summed weights:
  0.4918E+00  0.5082E+00
 Relative number of events:
  0.5027E+00  0.4973E+00
 Events:
        1010         999
 Iteration  2   Mean: 0.1515E+02 Abs mean: 0.1515E+02   Fluctuation:  0.486E+00   0.485E+03    86.7%
  2    0.1515E+02 0.1515E+02 +- 0.4859E+00      2.03
 Relative summed weights:
  0.4703E+00  0.5297E+00
 Relative number of events:
  0.5012E+00  0.4988E+00
 Events:
        2005        1995
 Iteration  3   Mean: 0.1588E+02 Abs mean: 0.1588E+02   Fluctuation:  0.299E+00   0.394E+03    86.3%
  3    0.1588E+02 0.1588E+02 +- 0.2992E+00      1.69
 Relative summed weights:
  0.4994E+00  0.5006E+00
 Relative number of events:
  0.5024E+00  0.4976E+00
 Events:
        4019        3981
 Accuracy:    0.022   0.010   0.016   1.994
 Found          954  events.
 Wrote          737  events.
 Actual xsec    15.776989202131924     
 Correct abs xsec    15.776989202131924     
 Event xsec    15.776989202131697     
 Events wgts > 1:           34
 % Cross section > 1:   0.15065365214398305       0.95489481683633004     
 Iteration  4   Mean: 0.1570E+02 Abs mean: 0.1570E+02   Fluctuation:  0.195E+00   0.804E+03    85.6%
  4    0.1570E+02 0.1570E+02 +- 0.1952E+00      1.57
 Relative summed weights:
  0.4960E+00  0.5040E+00
 Relative number of events:
  0.4969E+00  0.5031E+00
 Events:
        7951        8049
 Accuracy:    0.011   0.010   0.010   1.355
 Found         1821  events.
 Wrote         1639  events.
 Actual xsec    15.699468553568449     
 Correct abs xsec    15.699468553568449     
 Event xsec    15.699468553569140     
 Events wgts > 1:           69
 % Cross section > 1:   0.15488305650188394       0.98654967824801043     
 Iteration  5   Mean: 0.1594E+02 Abs mean: 0.1594E+02   Fluctuation:  0.144E+00   0.134E+04    85.6%
  5    0.1594E+02 0.1594E+02 +- 0.1437E+00      1.61
 Relative summed weights:
  0.4943E+00  0.5057E+00
 Relative number of events:
  0.4945E+00  0.5055E+00
 Events:
       15824       16176
 Accuracy:    0.007   0.010   0.007   1.240
 Finished due to accuracy    7.3846427762946582E-003   1.0000000000000000E-002

 -------------------------------------------------------------------------------
 Accumulated results:   Integral =  0.1584E+02
                        Std dev  =  0.1051E+00
                       Cross sec =  0.1584E+02
             Chi**2 per DoF.     =      1.2401
 -------------------------------------------------------------------------------
 Found         3758  events.
 Wrote         3096  events.
 Actual xsec    15.859314436646134     
 Correct abs xsec    15.859314436646134     
 Event xsec    15.859314436648138     
 Events wgts > 1:           87
 % Cross section > 1:   0.15860594018244534        1.0000806832856179     
-------------------------------------------------
---------------------------
 Results Last   3 iters: Integral =   0.1586E+02
                     Abs integral =   0.1586E+02
                          Std dev =   0.1079E+00
                  Chi**2 per DoF. =      0.4678
-------------------------------------------------
---------------------------
 Status   1.0000000000000000E-002           6           8

ls status:
events.lhe
ftn25
ftn26
input_app.txt
results.dat
run1_app.log
