==== LHAPDF6 USING DEFAULT-TYPE LHAGLUE INTERFACE ====
LHAPDF 6.1.5 loading /cvmfs/cms.cern.ch/slc6_amd64_gcc481/external/lhapdf/6.1.5-ddibom2/share/LHAPDF/NNPDF30_lo_as_0130_nf_4/NNPDF30_lo_as_0130_nf_4_0000.dat
NNPDF30_lo_as_0130_nf_4 PDF set, member #0, version 2; LHAPDF ID = 263400
 Process in group number            4
 A PDF is used, so alpha_s(MZ) is going to be modified
 Old value of alpha_s from param_card:   0.11839999999999999     
 New value of alpha_s from PDF lhapdf :  0.12470044313224841     
 using LHAPDF
 Warning! ptj set to xqcut=   20.000000000000000       to improve integration efficiency
 Note that this might affect non-radiated jets,
 e.g. from decays. Use cut_decays=F in run_card.
 Warning! mmjj set to xqcut=   20.000000000000000       to improve integration efficiency
 Note that this might affect non-radiated jets,
 e.g. from decays. Use cut_decays=F in run_card.
 *****************************************************
 *               MadGraph/MadEvent                   *
 *        --------------------------------           *
 *          http://madgraph.hep.uiuc.edu             *
 *          http://madgraph.phys.ucl.ac.be           *
 *          http://madgraph.roma2.infn.it            *
 *        --------------------------------           *
 *                                                   *
 *          PARAMETER AND COUPLING VALUES            *
 *                                                   *
 *****************************************************

  External Params
  ---------------------------------
  
 aEWM1 =    127.90000000000001     
 mdl_Gf =    1.1663700000000000E-005
 aS =   0.11839999999999999     
 mdl_ymb =    4.7000000000000002     
 mdl_ymt =    172.00000000000000     
 mdl_ymtau =    1.7769999999999999     
 mdl_xi =   0.10000000000000001     
 mdl_grhopWZ =   -5.1000000000000004E-003
 mdl_grhopWh =    140.00000000000000     
 mdl_grhopud =  -0.22000000000000000     
 mdl_grhoptb =   0.10000000000000001     
 mdl_grhopT23LbL =   0.10000000000000001     
 mdl_grhopX23LbL =   0.10000000000000001     
 mdl_grhopX53LX23L =   0.10000000000000001     
 mdl_grhopX53RX23R =   0.10000000000000001     
 mdl_grhopX53LtL =   0.10000000000000001     
 mdl_grhopX53RtR =   0.10000000000000001     
 mdl_grhopX53LT23L =   0.10000000000000001     
 mdl_grhopX53RT23R =   0.10000000000000001     
 mdl_grhopT23LB13L =   0.10000000000000001     
 mdl_grhopT23RB13R =   0.10000000000000001     
 mdl_grhoptLB13L =   0.10000000000000001     
 mdl_grhoptRB13R =   0.10000000000000001     
 mdl_grhopX23LB13L =   0.10000000000000001     
 mdl_grhopX23RB13R =   0.10000000000000001     
 mdl_grho0WW =    4.4000000000000003E-003
 mdl_grho0Zh =   -160.00000000000000     
 mdl_grho0ffL =   0.22000000000000000     
 mdl_grho0ffY =    1.2999999999999999E-003
 mdl_grho0ttL =   0.22000000000000000     
 mdl_grho0bbL =  -0.23000000000000001     
 mdl_grho0ttR =   0.10000000000000001     
 mdl_grho0bbR =   0.10000000000000001     
 mdl_grho0X53LX53L =   0.10000000000000001     
 mdl_grho0X53RX53R =   0.10000000000000001     
 mdl_grho0X23LX23L =   0.10000000000000001     
 mdl_grho0X23RX23R =   0.10000000000000001     
 mdl_grho0X23LtL =   0.10000000000000001     
 mdl_grho0X23RtR =   0.10000000000000001     
 mdl_grho0X23LT23L =   0.10000000000000001     
 mdl_grho0X23RT23R =   0.10000000000000001     
 mdl_grho0T23LT23L =   0.10000000000000001     
 mdl_grho0T23RT23R =   0.10000000000000001     
 mdl_grho0T23LtL =   0.10000000000000001     
 mdl_grho0T23RtR =   0.10000000000000001     
 mdl_grho0B13LB13L =   0.10000000000000001     
 mdl_grho0B13RB13R =   0.10000000000000001     
 mdl_grhoprhomZ =   0.55000000000000004     
 mdl_grhopWmrho0 =  -0.63000000000000000     
 mdl_grhoprhomrho0 =   0.10000000000000001     
 mdl_ghWW =    100.00000000000000     
 mdl_ghZZ =    100.00000000000000     
 mdl_ghhWW =   0.10000000000000001     
 mdl_ghhZZ =   0.10000000000000001     
 mdl_gWT23LbL =   0.10000000000000001     
 mdl_gWX23LbL =   0.10000000000000001     
 mdl_gWtLB13L =   0.10000000000000001     
 mdl_gWtRB13R =   0.10000000000000001     
 mdl_gWX53LtL =   0.10000000000000001     
 mdl_gWX53RtR =   0.10000000000000001     
 mdl_gZT23LtL =   0.10000000000000001     
 mdl_gZT23RtR =   0.10000000000000001     
 mdl_gZX23LtL =   0.10000000000000001     
 mdl_gZX23RtR =   0.10000000000000001     
 mdl_ghT23LtR =   0.10000000000000001     
 mdl_ghtLT23R =   0.10000000000000001     
 mdl_ghX23LtR =   0.10000000000000001     
 mdl_ghtLX23R =   0.10000000000000001     
 mdl_MZ =    91.187600000000003     
 mdl_MTA =    1.7769999999999999     
 mdl_MT =    172.00000000000000     
 mdl_MB =    4.7000000000000002     
 mdl_MH =    125.00000000000000     
 mdl_mrhop =    2500.0000000000000     
 mdl_mrho0 =    1800.0000000000000     
 mdl_MT23 =    1900.0000000000000     
 mdl_MB13 =    600.00000000000000     
 mdl_MX53 =    600.00000000000000     
 mdl_MX23 =    600.00000000000000     
 mdl_WZ =    2.4952000000000001     
 mdl_WW =    2.0850000000000000     
 mdl_WT =    1.5083359999999999     
 mdl_WH =    5.7530880000000000E-003
 mdl_wrhop =    25.000000000000000     
 mdl_wrho0 =    1.0000000000000000E-003
 mdl_WT23 =    1.0000000000000000E-003
 mdl_WB13 =    1.0000000000000000E-003
 mdl_WX53 =    1.0000000000000000E-003
 mdl_WX23 =    1.0000000000000000E-003
  Internal Params
  ---------------------------------
  
 mdl_MZ__exp__2 =    8315.1783937600012     
 mdl_MZ__exp__4 =    69142191.720053151     
 mdl_sqrt__2 =    1.4142135623730951     
 mdl_MH__exp__2 =    15625.000000000000     
 mdl_complexi =  (  0.0000000000000000     ,  1.0000000000000000     )
 mdl_aEW =    7.8186082877247844E-003
 mdl_MW =    79.824359746197842     
 mdl_sqrt__aEW =    8.8422894590285753E-002
 mdl_ee =   0.31345100004952897     
 mdl_MW__exp__2 =    6371.9284088904105     
 mdl_sw2 =   0.23369913342182447     
 mdl_cw =   0.87538612427783857     
 mdl_sqrt__sw2 =   0.48342438232036300     
 mdl_sw =   0.48342438232036300     
 mdl_g1 =   0.35807170271074895     
 mdl_gw =   0.64839716719502682     
 mdl_vev =    246.22056907348590     
 mdl_vev__exp__2 =    60624.568634871241     
 mdl_lam =   0.12886689630821144     
 mdl_yb =    2.6995322804122722E-002
 mdl_yt =   0.98791394091683138     
 mdl_ytau =    1.0206529494239589E-002
 mdl_muH =    88.388347648318444     
 mdl_ee__exp__2 =    9.8251529432049817E-002
 mdl_sw__exp__2 =   0.23369913342182450     
 mdl_cw__exp__2 =   0.76630086657817542     
  Internal Params evaluated point by point
  ----------------------------------------
  
 mdl_sqrt__aS =   0.34409301068170506     
 mdl_G__exp__2 =    1.4878582807401259     
  Couplings of onerho
  ---------------------------------
  
         GC_7 =   0.00000E+00   0.12198E+01
        GC_44 =   0.00000E+00   0.70711E-01
        GC_49 =  -0.00000E+00  -0.15556E+00
        GC_64 =   0.00000E+00   0.70711E-01

 Collider parameters:
 --------------------

 Running at P P   machine @    13000.000000000000       GeV
 PDF set = lhapdf 
 alpha_s(Mz)= 0.1247 running at 1 loops.
 alpha_s(Mz)= 0.1247 running at 1 loops.
 Renormalization scale set on event-by-event basis
 Factorization   scale set on event-by-event basis


 getting user params
Enter number of events and max and min iterations: 
 Number of events and iterations         2000           8           3
Enter desired fractional accuracy: 
 Desired fractional accuracy:    1.0000000000000000E-002
Enter 0 for fixed, 2 for adjustable grid: 
Suppress amplitude (0 no, 1 yes)? 
 Using suppressed amplitude.
Exact helicity sum (0 yes, n = number/event)? 
 Explicitly summing over helicities
Enter Configuration Number: 
Running Configuration Number:    4
 Not subdividing B.W.
 Attempting mappinvarients           1           6
 Completed mapping           6
 about to integrate           10        2000           8           3          10           1
 Using non-zero grid deformation.
 10 dimensions   2000 events 10 invarients  8 iterations  1 config(s),  (0.99)
 Using h-tuple random number sequence.
 fail to read data
 Error opening grid
 Using Uniform Grid!          24
 Using uniform alpha   1.0000000000000000     
 Grid defined OK
 Set CM energy to      13000.00
 Mapping Graph           4  to config           4
 Setting BW          -1           1   1900.0000000000000     
 Setting BW          -2           2   2500.0000000000000     
Setting grid   3    0.23669E-05   1
 Transforming s_hat 1/s            9  0.10390558690431430     
 Masses: 0.000E+00 0.000E+00 0.798E+02 0.470E+01 0.470E+01 0.000E+00
   4   1   2   3   4   5   6   7   8   9  10
Using random seed offsets     4 :      2
  with seed                   24
 Ranmar initialization seeds       31062        9399
 
 ********************************************
 * You are using the DiscreteSampler module *
 *      part of the MG5_aMC framework       *
 *         Author: Valentin Hirschi         *
 ********************************************
 
  Particle       3       4       5       6
      Et >     0.0    10.0    10.0    20.0
       E >     0.0     0.0     0.0     0.0
     Eta <    -1.0     5.0     5.0     5.0
   xqcut:      0.0     0.0     0.0    20.0
d R # 3  >    -0.0     0.0     0.0     0.0
d R # 4  >    -0.0    -0.0     0.0     0.0
d R # 5  >    -0.0    -0.0    -0.0     0.0
s min # 3>     0.0     0.0     0.0     0.0
s min # 4>     0.0     0.0     0.0     0.0
s min # 5>     0.0     0.0     0.0     0.0
xqcutij # 3>     0.0     0.0     0.0     0.0
xqcutij # 4>     0.0     0.0     0.0     0.0
xqcutij # 5>     0.0     0.0     0.0     0.0
 No cut BW           -1           1
 No cut BW           -2           2
 alpha_s for scale    2497.9942415897981       is    8.0582539179875901E-002
 Added good helicity           73   1.2270482812454927E-003  in event            1
 Added good helicity           74   4.8342156602973092E-002  in event            1
 Added good helicity           81   2.5820546571669252       in event            1
 Added good helicity           82   93.343347003007594       in event            1
 Added good helicity           83   5.4160394242381105E-006  in event            1
 Added good helicity           84   1.6619309380397541E-004  in event            1
 Added good helicity           85   1.8284593357900851E-005  in event            1
 Added good helicity           86   6.6098775740729262E-004  in event            1
 Added good helicity           89   6.5077638398983531E-004  in event            1
 Added good helicity           90   2.3525935387279838E-002  in event            1
 Added good helicity           94   1.0289644118219866E-006  in event            1
 Added good helicity           73   1.2270482812454919E-003  in event            1
 Added good helicity           74   4.8342156602973092E-002  in event            1
 Added good helicity           81   2.5820546571669252       in event            1
 Added good helicity           82   93.343347003007594       in event            1
 Added good helicity           83   5.4160394242381037E-006  in event            1
 Added good helicity           84   1.6619309380397514E-004  in event            1
 Added good helicity           85   1.8284593357900851E-005  in event            1
 Added good helicity           86   6.6098775740729306E-004  in event            1
 Added good helicity           89   6.5077638398983542E-004  in event            1
 Added good helicity           90   2.3525935387279845E-002  in event            1
 Added good helicity           94   1.0289644118219862E-006  in event            1
 Added good helicity           75   1.5356618973258393E-006  in event           10
 Added good helicity           76   3.4271720225222965E-006  in event           10
 Added good helicity           92   1.6177737437808932E-005  in event           10
 Added good helicity           75   1.5356618973258402E-006  in event           10
 Added good helicity           76   3.4271720225222923E-006  in event           10
 Added good helicity           92   1.6177737437808935E-005  in event           10
 RESET CUMULATIVE VARIABLE
 RESET CUMULATIVE VARIABLE
 RESET CUMULATIVE VARIABLE
 Iteration  1   Mean: 0.3890E+01 Abs mean: 0.3890E+01   Fluctuation:  0.155E+01   0.246E+04    78.9%
  1    0.3890E+01 0.3890E+01 +- 0.1546E+01     17.77
 Writing out events   3.0829291580821610E-004   17.772395780089976     
 Relative summed weights:
  0.8444E+00  0.1556E+00
 Relative number of events:
  0.5017E+00  0.4983E+00
 Events:
        1008        1001
 Iteration  2   Mean: 0.1755E+01 Abs mean: 0.1755E+01   Fluctuation:  0.412E+00   0.148E+04    78.6%
  2    0.1755E+01 0.1755E+01 +- 0.4123E+00     14.86
 Relative summed weights:
  0.3794E+00  0.6206E+00
 Relative number of events:
  0.4908E+00  0.5092E+00
 Events:
        1963        2037
 Iteration  3   Mean: 0.1729E+01 Abs mean: 0.1729E+01   Fluctuation:  0.777E-01   0.270E+03    80.3%
  3    0.1729E+01 0.1729E+01 +- 0.7767E-01      4.02
 Relative summed weights:
  0.5332E+00  0.4668E+00
 Relative number of events:
  0.5045E+00  0.4955E+00
 Events:
        4036        3964
 Accuracy:    0.095   0.010   0.044   4.737
 Found          713  events.
 Wrote           64  events.
 Actual xsec    1.7558734431955594     
 Correct abs xsec    1.7558734431955594     
 Event xsec    1.7558734431955625     
 Events wgts > 1:            1
 % Cross section > 1:    1.4967458891588042E-002  0.85242241971314014     
 Iteration  4   Mean: 0.1798E+01 Abs mean: 0.1798E+01   Fluctuation:  0.311E-01   0.176E+03    77.4%
  4    0.1798E+01 0.1798E+01 +- 0.3111E-01      2.19
 Relative summed weights:
  0.5083E+00  0.4917E+00
 Relative number of events:
  0.4999E+00  0.5001E+00
 Events:
        7998        8002
 Accuracy:    0.028   0.010   0.016   3.114
 Found         1989  events.
 Wrote          586  events.
 Actual xsec    1.7887305083086542     
 Correct abs xsec    1.7887305083086542     
 Event xsec    1.7887305083086760     
 Events wgts > 1:           12
 % Cross section > 1:    1.4541994236493683E-002  0.81297848775687198     
 Iteration  5   Mean: 0.1791E+01 Abs mean: 0.1791E+01   Fluctuation:  0.141E-01   0.891E+02    73.9%
  5    0.1791E+01 0.1791E+01 +- 0.1413E-01      1.41
 Relative summed weights:
  0.4986E+00  0.5014E+00
 Relative number of events:
  0.4949E+00  0.5051E+00
 Events:
       15836       16164
 Accuracy:    0.011   0.010   0.007   2.338
 Found         4261  events.
 Wrote         3640  events.
 Actual xsec    1.7905427480571456     
 Correct abs xsec    1.7905427480571456     
 Event xsec    1.7905427480570928     
 Events wgts > 1:           80
 % Cross section > 1:    1.7572520079982838E-002  0.98140745866306045     
 Iteration  6   Mean: 0.1807E+01 Abs mean: 0.1807E+01   Fluctuation:  0.817E-02   0.964E+02    71.1%
  6    0.1807E+01 0.1807E+01 +- 0.8170E-02      1.14
 Relative summed weights:
  0.5016E+00  0.4984E+00
 Relative number of events:
  0.4991E+00  0.5009E+00
 Events:
       31945       32055
 Accuracy:    0.005   0.010   0.004   2.058
 Finished due to accuracy    5.4681995983360040E-003   1.0000000000000000E-002

 -------------------------------------------------------------------------------
 Accumulated results:   Integral =  0.1802E+01
                        Std dev  =  0.6870E-02
                       Cross sec =  0.1802E+01
             Chi**2 per DoF.     =      2.0578
 -------------------------------------------------------------------------------
 Found         8942  events.
 Wrote         8938  events.
 Actual xsec    1.8025653076586308     
 Correct abs xsec    1.8025653076586308     
 Event xsec    1.8025653076588199     
 Events wgts > 1:           66
 % Cross section > 1:    7.9556529787589564E-003  0.44135171940548412     
-------------------------------------------------
---------------------------
 Results Last   3 iters: Integral =   0.1803E+01
                     Abs integral =   0.1803E+01
                          Std dev =   0.6897E-02
                  Chi**2 per DoF. =      0.4784
-------------------------------------------------
---------------------------
 Status   1.0000000000000000E-002           7           8

ls status:
events.lhe
ftn25
ftn26
input_app.txt
results.dat
run1_app.log
