==== LHAPDF6 USING DEFAULT-TYPE LHAGLUE INTERFACE ====
LHAPDF 6.1.5 loading /cvmfs/cms.cern.ch/slc6_amd64_gcc481/external/lhapdf/6.1.5-ddibom2/share/LHAPDF/NNPDF30_lo_as_0130_nf_4/NNPDF30_lo_as_0130_nf_4_0000.dat
NNPDF30_lo_as_0130_nf_4 PDF set, member #0, version 2; LHAPDF ID = 263400
 A PDF is used, so alpha_s(MZ) is going to be modified
 Old value of alpha_s from param_card:   0.11839999999999999     
 New value of alpha_s from PDF lhapdf :  0.12470044313224841     
 using LHAPDF
 Results.dat xsec =    164.59000000000000       abs xsec =    164.59000000000000     
 Found            6  subprocesses
 SubProcess/Channel     kept   read   xsec 
P3_qq_bxwpbg/G1/     664    3521 0.273E+02
P3_qq_bxwpbg/G2/    1111    3968 0.566E+02
P3_qq_bxwpbg/G3/    1465    8126 0.712E+02
P3_qq_bxwpbg/G4/    1798   11706 0.849E+02
P4_qq_wmbxbg/G1/    2064   15138 0.959E+02
P4_qq_wmbxbg/G2/    2349   15951 0.108E+03
P4_qq_wmbxbg/G3/    2476   19851 0.113E+03
P4_qq_wmbxbg/G4/    2619   23664 0.119E+03
P3_gq_bxwpbq/G1/    2620   24747 0.119E+03
P3_gq_bxwpbq/G2/    2711   26170 0.123E+03
P4_gq_wmbxbq/G1/    2711   28108 0.123E+03
P4_gq_wmbxbq/G2/    2757   29195 0.124E+03
P1_qq_bxwpb/G1/    3421   29977 0.152E+03
P2_qq_wmbxb/G1/    3693   30757 0.163E+03
 Found         1025  events writing first         1000
 Unweighting selected         1000  events.
Truncated  0.00% of cross section
