==== LHAPDF6 USING DEFAULT-TYPE LHAGLUE INTERFACE ====
LHAPDF 6.1.5 loading /cvmfs/cms.cern.ch/slc6_amd64_gcc481/external/lhapdf/6.1.5-ddibom2/share/LHAPDF/NNPDF30_lo_as_0130_nf_4/NNPDF30_lo_as_0130_nf_4_0000.dat
NNPDF30_lo_as_0130_nf_4 PDF set, member #0, version 2; LHAPDF ID = 263400
 Process in group number            4
 A PDF is used, so alpha_s(MZ) is going to be modified
 Old value of alpha_s from param_card:   0.11839999999999999     
 New value of alpha_s from PDF lhapdf :  0.12470044313224841     
 using LHAPDF
 Warning! ptj set to xqcut=   20.000000000000000       to improve integration efficiency
 Note that this might affect non-radiated jets,
 e.g. from decays. Use cut_decays=F in run_card.
 Warning! mmjj set to xqcut=   20.000000000000000       to improve integration efficiency
 Note that this might affect non-radiated jets,
 e.g. from decays. Use cut_decays=F in run_card.
 *****************************************************
 *               MadGraph/MadEvent                   *
 *        --------------------------------           *
 *          http://madgraph.hep.uiuc.edu             *
 *          http://madgraph.phys.ucl.ac.be           *
 *          http://madgraph.roma2.infn.it            *
 *        --------------------------------           *
 *                                                   *
 *          PARAMETER AND COUPLING VALUES            *
 *                                                   *
 *****************************************************

  External Params
  ---------------------------------
  
 aEWM1 =    127.90000000000001     
 mdl_Gf =    1.1663700000000000E-005
 aS =   0.11839999999999999     
 mdl_ymb =    4.7000000000000002     
 mdl_ymt =    172.00000000000000     
 mdl_ymtau =    1.7769999999999999     
 mdl_xi =   0.10000000000000001     
 mdl_grhopWZ =   -5.1000000000000004E-003
 mdl_grhopWh =    140.00000000000000     
 mdl_grhopud =  -0.22000000000000000     
 mdl_grhoptb =   0.10000000000000001     
 mdl_grhopT23LbL =   0.10000000000000001     
 mdl_grhopX23LbL =   0.10000000000000001     
 mdl_grhopX53LX23L =   0.10000000000000001     
 mdl_grhopX53RX23R =   0.10000000000000001     
 mdl_grhopX53LtL =   0.10000000000000001     
 mdl_grhopX53RtR =   0.10000000000000001     
 mdl_grhopX53LT23L =   0.10000000000000001     
 mdl_grhopX53RT23R =   0.10000000000000001     
 mdl_grhopT23LB13L =   0.10000000000000001     
 mdl_grhopT23RB13R =   0.10000000000000001     
 mdl_grhoptLB13L =   0.10000000000000001     
 mdl_grhoptRB13R =   0.10000000000000001     
 mdl_grhopX23LB13L =   0.10000000000000001     
 mdl_grhopX23RB13R =   0.10000000000000001     
 mdl_grho0WW =    4.4000000000000003E-003
 mdl_grho0Zh =   -160.00000000000000     
 mdl_grho0ffL =   0.22000000000000000     
 mdl_grho0ffY =    1.2999999999999999E-003
 mdl_grho0ttL =   0.22000000000000000     
 mdl_grho0bbL =  -0.23000000000000001     
 mdl_grho0ttR =   0.10000000000000001     
 mdl_grho0bbR =   0.10000000000000001     
 mdl_grho0X53LX53L =   0.10000000000000001     
 mdl_grho0X53RX53R =   0.10000000000000001     
 mdl_grho0X23LX23L =   0.10000000000000001     
 mdl_grho0X23RX23R =   0.10000000000000001     
 mdl_grho0X23LtL =   0.10000000000000001     
 mdl_grho0X23RtR =   0.10000000000000001     
 mdl_grho0X23LT23L =   0.10000000000000001     
 mdl_grho0X23RT23R =   0.10000000000000001     
 mdl_grho0T23LT23L =   0.10000000000000001     
 mdl_grho0T23RT23R =   0.10000000000000001     
 mdl_grho0T23LtL =   0.10000000000000001     
 mdl_grho0T23RtR =   0.10000000000000001     
 mdl_grho0B13LB13L =   0.10000000000000001     
 mdl_grho0B13RB13R =   0.10000000000000001     
 mdl_grhoprhomZ =   0.55000000000000004     
 mdl_grhopWmrho0 =  -0.63000000000000000     
 mdl_grhoprhomrho0 =   0.10000000000000001     
 mdl_ghWW =    100.00000000000000     
 mdl_ghZZ =    100.00000000000000     
 mdl_ghhWW =   0.10000000000000001     
 mdl_ghhZZ =   0.10000000000000001     
 mdl_gWT23LbL =   0.10000000000000001     
 mdl_gWX23LbL =   0.10000000000000001     
 mdl_gWtLB13L =   0.10000000000000001     
 mdl_gWtRB13R =   0.10000000000000001     
 mdl_gWX53LtL =   0.10000000000000001     
 mdl_gWX53RtR =   0.10000000000000001     
 mdl_gZT23LtL =   0.10000000000000001     
 mdl_gZT23RtR =   0.10000000000000001     
 mdl_gZX23LtL =   0.10000000000000001     
 mdl_gZX23RtR =   0.10000000000000001     
 mdl_ghT23LtR =   0.10000000000000001     
 mdl_ghtLT23R =   0.10000000000000001     
 mdl_ghX23LtR =   0.10000000000000001     
 mdl_ghtLX23R =   0.10000000000000001     
 mdl_MZ =    91.187600000000003     
 mdl_MTA =    1.7769999999999999     
 mdl_MT =    172.00000000000000     
 mdl_MB =    4.7000000000000002     
 mdl_MH =    125.00000000000000     
 mdl_mrhop =    2000.0000000000000     
 mdl_mrho0 =    1800.0000000000000     
 mdl_MT23 =    1200.0000000000000     
 mdl_MB13 =    600.00000000000000     
 mdl_MX53 =    600.00000000000000     
 mdl_MX23 =    600.00000000000000     
 mdl_WZ =    2.4952000000000001     
 mdl_WW =    2.0850000000000000     
 mdl_WT =    1.5083359999999999     
 mdl_WH =    5.7530880000000000E-003
 mdl_wrhop =    20.000000000000000     
 mdl_wrho0 =    1.0000000000000000E-003
 mdl_WT23 =    1.0000000000000000E-003
 mdl_WB13 =    1.0000000000000000E-003
 mdl_WX53 =    1.0000000000000000E-003
 mdl_WX23 =    1.0000000000000000E-003
  Internal Params
  ---------------------------------
  
 mdl_MZ__exp__2 =    8315.1783937600012     
 mdl_MZ__exp__4 =    69142191.720053151     
 mdl_sqrt__2 =    1.4142135623730951     
 mdl_MH__exp__2 =    15625.000000000000     
 mdl_complexi =  (  0.0000000000000000     ,  1.0000000000000000     )
 mdl_aEW =    7.8186082877247844E-003
 mdl_MW =    79.824359746197842     
 mdl_sqrt__aEW =    8.8422894590285753E-002
 mdl_ee =   0.31345100004952897     
 mdl_MW__exp__2 =    6371.9284088904105     
 mdl_sw2 =   0.23369913342182447     
 mdl_cw =   0.87538612427783857     
 mdl_sqrt__sw2 =   0.48342438232036300     
 mdl_sw =   0.48342438232036300     
 mdl_g1 =   0.35807170271074895     
 mdl_gw =   0.64839716719502682     
 mdl_vev =    246.22056907348590     
 mdl_vev__exp__2 =    60624.568634871241     
 mdl_lam =   0.12886689630821144     
 mdl_yb =    2.6995322804122722E-002
 mdl_yt =   0.98791394091683138     
 mdl_ytau =    1.0206529494239589E-002
 mdl_muH =    88.388347648318444     
 mdl_ee__exp__2 =    9.8251529432049817E-002
 mdl_sw__exp__2 =   0.23369913342182450     
 mdl_cw__exp__2 =   0.76630086657817542     
  Internal Params evaluated point by point
  ----------------------------------------
  
 mdl_sqrt__aS =   0.34409301068170506     
 mdl_G__exp__2 =    1.4878582807401259     
  Couplings of onerho
  ---------------------------------
  
         GC_7 =   0.00000E+00   0.12198E+01
        GC_44 =   0.00000E+00   0.70711E-01
        GC_49 =  -0.00000E+00  -0.15556E+00
        GC_64 =   0.00000E+00   0.70711E-01

 Collider parameters:
 --------------------

 Running at P P   machine @    13000.000000000000       GeV
 PDF set = lhapdf 
 alpha_s(Mz)= 0.1247 running at 1 loops.
 alpha_s(Mz)= 0.1247 running at 1 loops.
 Renormalization scale set on event-by-event basis
 Factorization   scale set on event-by-event basis


 getting user params
Enter number of events and max and min iterations: 
 Number of events and iterations         2000           8           3
Enter desired fractional accuracy: 
 Desired fractional accuracy:    1.0000000000000000E-002
Enter 0 for fixed, 2 for adjustable grid: 
Suppress amplitude (0 no, 1 yes)? 
 Using suppressed amplitude.
Exact helicity sum (0 yes, n = number/event)? 
 Explicitly summing over helicities
Enter Configuration Number: 
Running Configuration Number:    3
 Not subdividing B.W.
 Attempting mappinvarients           1           6
 Completed mapping           6
 about to integrate           10        2000           8           3          10           1
 Using non-zero grid deformation.
 10 dimensions   2000 events 10 invarients  8 iterations  1 config(s),  (0.99)
 Using h-tuple random number sequence.
 fail to read data
 Error opening grid
 Using Uniform Grid!          24
 Using uniform alpha   1.0000000000000000     
 Grid defined OK
 Set CM energy to      13000.00
 Mapping Graph           3  to config           3
 Setting BW          -1           1   1200.0000000000000     
 Setting BW          -2           2   2000.0000000000000     
Setting grid   3    0.23669E-05   1
 Transforming s_hat 1/s            9   5.3805107587175605E-002
 Masses: 0.000E+00 0.000E+00 0.798E+02 0.470E+01 0.470E+01 0.000E+00
   3   1   2   3   4   5   6   7   8   9  10
Using random seed offsets     3 :      2
  with seed                   24
 Ranmar initialization seeds       31061        9399
 
 ********************************************
 * You are using the DiscreteSampler module *
 *      part of the MG5_aMC framework       *
 *         Author: Valentin Hirschi         *
 ********************************************
 
  Particle       3       4       5       6
      Et >     0.0    10.0    10.0    20.0
       E >     0.0     0.0     0.0     0.0
     Eta <    -1.0     5.0     5.0     5.0
   xqcut:      0.0     0.0     0.0    20.0
d R # 3  >    -0.0     0.0     0.0     0.0
d R # 4  >    -0.0    -0.0     0.0     0.0
d R # 5  >    -0.0    -0.0    -0.0     0.0
s min # 3>     0.0     0.0     0.0     0.0
s min # 4>     0.0     0.0     0.0     0.0
s min # 5>     0.0     0.0     0.0     0.0
xqcutij # 3>     0.0     0.0     0.0     0.0
xqcutij # 4>     0.0     0.0     0.0     0.0
xqcutij # 5>     0.0     0.0     0.0     0.0
 No cut BW           -1           1
 No cut BW           -2           2
 alpha_s for scale    2317.1353246554418       is    8.1234741922236953E-002
 Added good helicity           73   5.6272766401572651       in event            1
 Added good helicity           74  0.52620067375885693       in event            1
 Added good helicity           75   6.0630726676836381E-005  in event            1
 Added good helicity           76   9.4014878612044242E-006  in event            1
 Added good helicity           77   1.1932342494198412E-004  in event            1
 Added good helicity           78   1.1157806982521632E-005  in event            1
 Added good helicity           81   85.081259993118039       in event            1
 Added good helicity           82   4.5634382808926821       in event            1
 Added good helicity           83   9.1670250988251558E-004  in event            1
 Added good helicity           84   8.1533741294351648E-005  in event            1
 Added good helicity           85   1.8397833578490883E-003  in event            1
 Added good helicity           86   9.6900699940666161E-005  in event            1
 Added good helicity           89  0.18867209926203221       in event            1
 Added good helicity           90   1.0012469751756422E-002  in event            1
 Added good helicity           91   2.0328352794997982E-006  in event            1
 Added good helicity           93   2.0649333150490620E-006  in event            1
 Added good helicity           73   5.6272766401572651       in event            1
 Added good helicity           74  0.52620067375885704       in event            1
 Added good helicity           75   6.0630726676836442E-005  in event            1
 Added good helicity           76   9.4014878612044327E-006  in event            1
 Added good helicity           77   1.1932342494198410E-004  in event            1
 Added good helicity           78   1.1157806982521639E-005  in event            1
 Added good helicity           81   85.081259993118039       in event            1
 Added good helicity           82   4.5634382808926839       in event            1
 Added good helicity           83   9.1670250988251602E-004  in event            1
 Added good helicity           84   8.1533741294351675E-005  in event            1
 Added good helicity           85   1.8397833578490878E-003  in event            1
 Added good helicity           86   9.6900699940666120E-005  in event            1
 Added good helicity           89  0.18867209926203216       in event            1
 Added good helicity           90   1.0012469751756426E-002  in event            1
 Added good helicity           91   2.0328352794997994E-006  in event            1
 Added good helicity           93   2.0649333150490633E-006  in event            1
 Added good helicity           94   1.2362540973540875E-006  in event            9
 Added good helicity           94   1.2362540973540877E-006  in event            8
 RESET CUMULATIVE VARIABLE
 RESET CUMULATIVE VARIABLE
 RESET CUMULATIVE VARIABLE
 Iteration  1   Mean: 0.9497E+01 Abs mean: 0.9497E+01   Fluctuation:  0.745E+01   0.148E+05    83.2%
  1    0.9497E+01 0.9497E+01 +- 0.7448E+01     35.08
 Writing out events   7.1313793895535224E-004   35.075798886116559     
 Relative summed weights:
  0.9658E+00  0.3425E-01
 Relative number of events:
  0.5117E+00  0.4883E+00
 Events:
        1028         981
 Iteration  2   Mean: 0.3062E+01 Abs mean: 0.3062E+01   Fluctuation:  0.100E+01   0.382E+04    86.9%
  2    0.3062E+01 0.3062E+01 +- 0.1002E+01     20.70
 Relative summed weights:
  0.6858E+00  0.3142E+00
 Relative number of events:
  0.5012E+00  0.4988E+00
 Events:
        2005        1995
 Iteration  3   Mean: 0.3170E+01 Abs mean: 0.3170E+01   Fluctuation:  0.262E+00   0.119E+04    85.1%
  3    0.3170E+01 0.3170E+01 +- 0.2625E+00      7.41
 Relative summed weights:
  0.4823E+00  0.5177E+00
 Relative number of events:
  0.4924E+00  0.5076E+00
 Events:
        3939        4061
 Accuracy:    0.141   0.010   0.080   3.100
 Found          555  events.
 Wrote           16  events.
 Actual xsec    3.2287325754908887     
 Correct abs xsec    3.2287325754908887     
 Event xsec    3.2287325754908882     
 Events wgts > 1:            0
 % Cross section > 1:    0.0000000000000000        0.0000000000000000     
 Iteration  4   Mean: 0.3259E+01 Abs mean: 0.3259E+01   Fluctuation:  0.757E-01   0.397E+03    80.0%
  4    0.3259E+01 0.3259E+01 +- 0.7574E-01      2.94
 Relative summed weights:
  0.5157E+00  0.4843E+00
 Relative number of events:
  0.5011E+00  0.4989E+00
 Events:
        8018        7982
 Accuracy:    0.032   0.010   0.022   2.036
 Found         1717  events.
 Wrote          380  events.
 Actual xsec    3.2513910461601170     
 Correct abs xsec    3.2513910461601170     
 Event xsec    3.2513910461601125     
 Events wgts > 1:            9
 % Cross section > 1:    3.0829939850961351E-002  0.94820768751797657     
 Iteration  5   Mean: 0.3278E+01 Abs mean: 0.3278E+01   Fluctuation:  0.309E-01   0.178E+03    75.6%
  5    0.3278E+01 0.3278E+01 +- 0.3088E-01      1.69
 Relative summed weights:
  0.5017E+00  0.4983E+00
 Relative number of events:
  0.5032E+00  0.4968E+00
 Events:
       16102       15898
 Accuracy:    0.011   0.010   0.009   1.528
 Found         4123  events.
 Wrote         2667  events.
 Actual xsec    3.2740032734790736     
 Correct abs xsec    3.2740032734790736     
 Event xsec    3.2740032734790949     
 Events wgts > 1:           72
 % Cross section > 1:    3.2947436819931931E-002   1.0063348771463074     
 Iteration  6   Mean: 0.3246E+01 Abs mean: 0.3246E+01   Fluctuation:  0.160E-01   0.136E+03    72.0%
  6    0.3246E+01 0.3246E+01 +- 0.1596E-01      1.24
 Relative summed weights:
  0.4983E+00  0.5017E+00
 Relative number of events:
  0.4988E+00  0.5012E+00
 Events:
       31926       32074
 Accuracy:    0.005   0.010   0.004   1.395
 Finished due to accuracy    5.0529461471438535E-003   1.0000000000000000E-002

 -------------------------------------------------------------------------------
 Accumulated results:   Integral =  0.3253E+01
                        Std dev  =  0.1392E-01
                       Cross sec =  0.3253E+01
             Chi**2 per DoF.     =      1.3950
 -------------------------------------------------------------------------------
 Found         8676  events.
 Wrote         8672  events.
 Actual xsec    3.2529836696217158     
 Correct abs xsec    3.2529836696217158     
 Event xsec    3.2529836696210506     
 Events wgts > 1:          107
 % Cross section > 1:    1.6568863665778501E-002  0.50934358572137117     
-------------------------------------------------
---------------------------
 Results Last   3 iters: Integral =   0.3253E+01
                     Abs integral =   0.3253E+01
                          Std dev =   0.1394E-01
                  Chi**2 per DoF. =      0.4243
-------------------------------------------------
---------------------------
 Status   1.0000000000000000E-002           7           8

ls status:
events.lhe
ftn25
ftn26
input_app.txt
results.dat
run1_app.log
