==== LHAPDF6 USING DEFAULT-TYPE LHAGLUE INTERFACE ====
LHAPDF 6.1.5 loading /cvmfs/cms.cern.ch/slc6_amd64_gcc481/external/lhapdf/6.1.5-ddibom2/share/LHAPDF/NNPDF30_lo_as_0130_nf_4/NNPDF30_lo_as_0130_nf_4_0000.dat
NNPDF30_lo_as_0130_nf_4 PDF set, member #0, version 2; LHAPDF ID = 263400
 Process in group number            4
 A PDF is used, so alpha_s(MZ) is going to be modified
 Old value of alpha_s from param_card:   0.11839999999999999     
 New value of alpha_s from PDF lhapdf :  0.12470044313224841     
 using LHAPDF
 Warning! ptj set to xqcut=   20.000000000000000       to improve integration efficiency
 Note that this might affect non-radiated jets,
 e.g. from decays. Use cut_decays=F in run_card.
 Warning! mmjj set to xqcut=   20.000000000000000       to improve integration efficiency
 Note that this might affect non-radiated jets,
 e.g. from decays. Use cut_decays=F in run_card.
 *****************************************************
 *               MadGraph/MadEvent                   *
 *        --------------------------------           *
 *          http://madgraph.hep.uiuc.edu             *
 *          http://madgraph.phys.ucl.ac.be           *
 *          http://madgraph.roma2.infn.it            *
 *        --------------------------------           *
 *                                                   *
 *          PARAMETER AND COUPLING VALUES            *
 *                                                   *
 *****************************************************

  External Params
  ---------------------------------
  
 aEWM1 =    127.90000000000001     
 mdl_Gf =    1.1663700000000000E-005
 aS =   0.11839999999999999     
 mdl_ymb =    4.7000000000000002     
 mdl_ymt =    172.00000000000000     
 mdl_ymtau =    1.7769999999999999     
 mdl_xi =   0.10000000000000001     
 mdl_grhopWZ =   -5.1000000000000004E-003
 mdl_grhopWh =    140.00000000000000     
 mdl_grhopud =  -0.22000000000000000     
 mdl_grhoptb =   0.10000000000000001     
 mdl_grhopT23LbL =   0.10000000000000001     
 mdl_grhopX23LbL =   0.10000000000000001     
 mdl_grhopX53LX23L =   0.10000000000000001     
 mdl_grhopX53RX23R =   0.10000000000000001     
 mdl_grhopX53LtL =   0.10000000000000001     
 mdl_grhopX53RtR =   0.10000000000000001     
 mdl_grhopX53LT23L =   0.10000000000000001     
 mdl_grhopX53RT23R =   0.10000000000000001     
 mdl_grhopT23LB13L =   0.10000000000000001     
 mdl_grhopT23RB13R =   0.10000000000000001     
 mdl_grhoptLB13L =   0.10000000000000001     
 mdl_grhoptRB13R =   0.10000000000000001     
 mdl_grhopX23LB13L =   0.10000000000000001     
 mdl_grhopX23RB13R =   0.10000000000000001     
 mdl_grho0WW =    4.4000000000000003E-003
 mdl_grho0Zh =   -160.00000000000000     
 mdl_grho0ffL =   0.22000000000000000     
 mdl_grho0ffY =    1.2999999999999999E-003
 mdl_grho0ttL =   0.22000000000000000     
 mdl_grho0bbL =  -0.23000000000000001     
 mdl_grho0ttR =   0.10000000000000001     
 mdl_grho0bbR =   0.10000000000000001     
 mdl_grho0X53LX53L =   0.10000000000000001     
 mdl_grho0X53RX53R =   0.10000000000000001     
 mdl_grho0X23LX23L =   0.10000000000000001     
 mdl_grho0X23RX23R =   0.10000000000000001     
 mdl_grho0X23LtL =   0.10000000000000001     
 mdl_grho0X23RtR =   0.10000000000000001     
 mdl_grho0X23LT23L =   0.10000000000000001     
 mdl_grho0X23RT23R =   0.10000000000000001     
 mdl_grho0T23LT23L =   0.10000000000000001     
 mdl_grho0T23RT23R =   0.10000000000000001     
 mdl_grho0T23LtL =   0.10000000000000001     
 mdl_grho0T23RtR =   0.10000000000000001     
 mdl_grho0B13LB13L =   0.10000000000000001     
 mdl_grho0B13RB13R =   0.10000000000000001     
 mdl_grhoprhomZ =   0.55000000000000004     
 mdl_grhopWmrho0 =  -0.63000000000000000     
 mdl_grhoprhomrho0 =   0.10000000000000001     
 mdl_ghWW =    100.00000000000000     
 mdl_ghZZ =    100.00000000000000     
 mdl_ghhWW =   0.10000000000000001     
 mdl_ghhZZ =   0.10000000000000001     
 mdl_gWT23LbL =   0.10000000000000001     
 mdl_gWX23LbL =   0.10000000000000001     
 mdl_gWtLB13L =   0.10000000000000001     
 mdl_gWtRB13R =   0.10000000000000001     
 mdl_gWX53LtL =   0.10000000000000001     
 mdl_gWX53RtR =   0.10000000000000001     
 mdl_gZT23LtL =   0.10000000000000001     
 mdl_gZT23RtR =   0.10000000000000001     
 mdl_gZX23LtL =   0.10000000000000001     
 mdl_gZX23RtR =   0.10000000000000001     
 mdl_ghT23LtR =   0.10000000000000001     
 mdl_ghtLT23R =   0.10000000000000001     
 mdl_ghX23LtR =   0.10000000000000001     
 mdl_ghtLX23R =   0.10000000000000001     
 mdl_MZ =    91.187600000000003     
 mdl_MTA =    1.7769999999999999     
 mdl_MT =    172.00000000000000     
 mdl_MB =    4.7000000000000002     
 mdl_MH =    125.00000000000000     
 mdl_mrhop =    1500.0000000000000     
 mdl_mrho0 =    1800.0000000000000     
 mdl_MT23 =    700.00000000000000     
 mdl_MB13 =    600.00000000000000     
 mdl_MX53 =    600.00000000000000     
 mdl_MX23 =    600.00000000000000     
 mdl_WZ =    2.4952000000000001     
 mdl_WW =    2.0850000000000000     
 mdl_WT =    1.5083359999999999     
 mdl_WH =    5.7530880000000000E-003
 mdl_wrhop =    15.000000000000000     
 mdl_wrho0 =    1.0000000000000000E-003
 mdl_WT23 =    1.0000000000000000E-003
 mdl_WB13 =    1.0000000000000000E-003
 mdl_WX53 =    1.0000000000000000E-003
 mdl_WX23 =    1.0000000000000000E-003
  Internal Params
  ---------------------------------
  
 mdl_MZ__exp__2 =    8315.1783937600012     
 mdl_MZ__exp__4 =    69142191.720053151     
 mdl_sqrt__2 =    1.4142135623730951     
 mdl_MH__exp__2 =    15625.000000000000     
 mdl_complexi =  (  0.0000000000000000     ,  1.0000000000000000     )
 mdl_aEW =    7.8186082877247844E-003
 mdl_MW =    79.824359746197842     
 mdl_sqrt__aEW =    8.8422894590285753E-002
 mdl_ee =   0.31345100004952897     
 mdl_MW__exp__2 =    6371.9284088904105     
 mdl_sw2 =   0.23369913342182447     
 mdl_cw =   0.87538612427783857     
 mdl_sqrt__sw2 =   0.48342438232036300     
 mdl_sw =   0.48342438232036300     
 mdl_g1 =   0.35807170271074895     
 mdl_gw =   0.64839716719502682     
 mdl_vev =    246.22056907348590     
 mdl_vev__exp__2 =    60624.568634871241     
 mdl_lam =   0.12886689630821144     
 mdl_yb =    2.6995322804122722E-002
 mdl_yt =   0.98791394091683138     
 mdl_ytau =    1.0206529494239589E-002
 mdl_muH =    88.388347648318444     
 mdl_ee__exp__2 =    9.8251529432049817E-002
 mdl_sw__exp__2 =   0.23369913342182450     
 mdl_cw__exp__2 =   0.76630086657817542     
  Internal Params evaluated point by point
  ----------------------------------------
  
 mdl_sqrt__aS =   0.34409301068170506     
 mdl_G__exp__2 =    1.4878582807401259     
  Couplings of onerho
  ---------------------------------
  
         GC_7 =   0.00000E+00   0.12198E+01
        GC_44 =   0.00000E+00   0.70711E-01
        GC_49 =  -0.00000E+00  -0.15556E+00
        GC_64 =   0.00000E+00   0.70711E-01

 Collider parameters:
 --------------------

 Running at P P   machine @    13000.000000000000       GeV
 PDF set = lhapdf 
 alpha_s(Mz)= 0.1247 running at 1 loops.
 alpha_s(Mz)= 0.1247 running at 1 loops.
 Renormalization scale set on event-by-event basis
 Factorization   scale set on event-by-event basis


 getting user params
Enter number of events and max and min iterations: 
 Number of events and iterations         2000           8           3
Enter desired fractional accuracy: 
 Desired fractional accuracy:    1.0000000000000000E-002
Enter 0 for fixed, 2 for adjustable grid: 
Suppress amplitude (0 no, 1 yes)? 
 Using suppressed amplitude.
Exact helicity sum (0 yes, n = number/event)? 
 Explicitly summing over helicities
Enter Configuration Number: 
Running Configuration Number:    1
 Not subdividing B.W.
 Attempting mappinvarients           1           6
 Completed mapping           6
 about to integrate           10        2000           8           3          10           1
 Using non-zero grid deformation.
 10 dimensions   2000 events 10 invarients  8 iterations  1 config(s),  (0.99)
 Using h-tuple random number sequence.
 fail to read data
 Error opening grid
 Using Uniform Grid!          24
 Using uniform alpha   1.0000000000000000     
 Grid defined OK
 Set CM energy to      13000.00
 Mapping Graph           1  to config           1
 Setting BW          -1           1   700.00000000000000     
Setting grid   2    0.13071E-06   1
 Setting PDF BW           9           2   1500.0000000000000     
 Transforming s_hat BW    1.3313609467455623E-002   1.3313609467455623E-004
 Masses: 0.000E+00 0.000E+00 0.798E+02 0.470E+01 0.470E+01 0.000E+00
   1   1   2   3   4   5   6   7   8   9  10
Using random seed offsets     1 :      2
  with seed                   24
 Ranmar initialization seeds       31059        9399
 
 ********************************************
 * You are using the DiscreteSampler module *
 *      part of the MG5_aMC framework       *
 *         Author: Valentin Hirschi         *
 ********************************************
 
  Particle       3       4       5       6
      Et >     0.0    10.0    10.0    20.0
       E >     0.0     0.0     0.0     0.0
     Eta <    -1.0     5.0     5.0     5.0
   xqcut:      0.0     0.0     0.0    20.0
d R # 3  >    -0.0     0.0     0.0     0.0
d R # 4  >    -0.0    -0.0     0.0     0.0
d R # 5  >    -0.0    -0.0    -0.0     0.0
s min # 3>     0.0     0.0     0.0     0.0
s min # 4>     0.0     0.0     0.0     0.0
s min # 5>     0.0     0.0     0.0     0.0
xqcutij # 3>     0.0     0.0     0.0     0.0
xqcutij # 4>     0.0     0.0     0.0     0.0
xqcutij # 5>     0.0     0.0     0.0     0.0
 No cut BW           -1           1
 No cut BW           -3           2
 alpha_s for scale    1493.9216710119899       is    8.5266929093764668E-002
 Added good helicity           73   1.2399184962404528       in event            1
 Added good helicity           74   1.8369755743896600E-003  in event            1
 Added good helicity           81   94.506440068824432       in event            1
 Added good helicity           82  0.23214357122271370       in event            1
 Added good helicity           83   1.2117015909721485E-005  in event            1
 Added good helicity           84   1.6096447527581114E-005  in event            1
 Added good helicity           85   2.8273406662422830E-005  in event            1
 Added good helicity           89   1.9443587504038014E-002  in event            1
 Added good helicity           90   4.7752237618126794E-005  in event            1
 Added good helicity           93   1.1201856672661447E-004  in event            1
 Added good helicity           73   1.2399184962404521       in event            1
 Added good helicity           74   1.8369755743896585E-003  in event            1
 Added good helicity           81   94.506440068824432       in event            1
 Added good helicity           82  0.23214357122271367       in event            1
 Added good helicity           83   1.2117015909721482E-005  in event            1
 Added good helicity           84   1.6096447527581125E-005  in event            1
 Added good helicity           85   2.8273406662422813E-005  in event            1
 Added good helicity           89   1.9443587504038039E-002  in event            1
 Added good helicity           90   4.7752237618126868E-005  in event            1
 Added good helicity           93   1.1201856672661446E-004  in event            1
 Added good helicity           75   5.4821178009450229E-003  in event            3
 Added good helicity           76   3.8937287036560349E-005  in event            3
 Added good helicity           77   5.3466588287912422E-005  in event            3
 Added good helicity           78   4.5091312921680957E-005  in event            3
 Added good helicity           86   1.3930028227128227E-003  in event            3
 Added good helicity           87   5.3807394596396125E-006  in event            3
 Added good helicity           91   3.6483920975840980E-004  in event            3
 Added good helicity           92   2.5913089178043718E-006  in event            3
 Added good helicity           94   2.9640659692240990E-005  in event            3
 Added good helicity           75   5.4821178009450012E-003  in event            2
 Added good helicity           76   3.8937287036560688E-005  in event            2
 Added good helicity           77   5.3466588287912626E-005  in event            2
 Added good helicity           78   4.5091312921680842E-005  in event            2
 Added good helicity           86   1.3930028227128184E-003  in event            2
 Added good helicity           87   5.3807394596395955E-006  in event            2
 Added good helicity           91   3.6483920975840850E-004  in event            2
 Added good helicity           92   2.5913089178043943E-006  in event            2
 Added good helicity           94   2.9640659692240892E-005  in event            2
 Added good helicity           79   4.0534234470786457E-005  in event           10
 Added good helicity           95   5.5482447718881831E-006  in event           10
 Added good helicity           79   4.0534234470786403E-005  in event           10
 Added good helicity           95   5.5482447718881670E-006  in event           10
 RESET CUMULATIVE VARIABLE
 RESET CUMULATIVE VARIABLE
 RESET CUMULATIVE VARIABLE
 Iteration  1   Mean: 0.9094E+01 Abs mean: 0.9094E+01   Fluctuation:  0.757E+00   0.511E+03    91.4%
  1    0.9094E+01 0.9094E+01 +- 0.7573E+00      3.72
 Writing out events   6.2148894631126363E-004   3.7242464749652155     
 Relative summed weights:
  0.5733E+00  0.4267E+00
 Relative number of events:
  0.5002E+00  0.4998E+00
 Events:
        1005        1004
 Iteration  2   Mean: 0.8052E+01 Abs mean: 0.8052E+01   Fluctuation:  0.300E+00   0.293E+03    88.0%
  2    0.8052E+01 0.8052E+01 +- 0.2998E+00      2.35
 Relative summed weights:
  0.5517E+00  0.4483E+00
 Relative number of events:
  0.5062E+00  0.4938E+00
 Events:
        2025        1975
 Iteration  3   Mean: 0.8578E+01 Abs mean: 0.8578E+01   Fluctuation:  0.188E+00   0.373E+03    87.2%
  3    0.8578E+01 0.8578E+01 +- 0.1882E+00      1.96
 Relative summed weights:
  0.5042E+00  0.4958E+00
 Relative number of events:
  0.5036E+00  0.4964E+00
 Events:
        4029        3971
 Accuracy:    0.022   0.010   0.018   1.438
 Found          914  events.
 Wrote          468  events.
 Actual xsec    8.4746530620679081     
 Correct abs xsec    8.4746530620679081     
 Event xsec    8.4746530620677625     
 Events wgts > 1:           12
 % Cross section > 1:    7.2284822428356973E-002  0.85295317576953322     
 Iteration  4   Mean: 0.8291E+01 Abs mean: 0.8291E+01   Fluctuation:  0.111E+00   0.225E+03    86.5%
  4    0.8291E+01 0.8291E+01 +- 0.1107E+00      1.69
 Relative summed weights:
  0.4916E+00  0.5084E+00
 Relative number of events:
  0.5011E+00  0.4989E+00
 Events:
        8017        7983
 Accuracy:    0.012   0.010   0.011   1.298
 Found         1775  events.
 Wrote         1314  events.
 Actual xsec    8.3414476879863546     
 Correct abs xsec    8.3414476879863546     
 Event xsec    8.3414476879860100     
 Events wgts > 1:           48
 % Cross section > 1:    8.0367129085169742E-002  0.96346739908134438     
 Iteration  5   Mean: 0.8309E+01 Abs mean: 0.8309E+01   Fluctuation:  0.747E-01   0.193E+03    85.0%
  5    0.8309E+01 0.8309E+01 +- 0.7470E-01      1.61
 Relative summed weights:
  0.5010E+00  0.4990E+00
 Relative number of events:
  0.4984E+00  0.5016E+00
 Events:
       15950       16050
 Accuracy:    0.007   0.010   0.007   1.017
 Finished due to accuracy    6.9699210811800206E-003   1.0000000000000000E-002

 -------------------------------------------------------------------------------
 Accumulated results:   Integral =  0.8327E+01
                        Std dev  =  0.5757E-01
                       Cross sec =  0.8327E+01
             Chi**2 per DoF.     =      1.0166
 -------------------------------------------------------------------------------
 Found         3719  events.
 Wrote         2935  events.
 Actual xsec    8.3318766614817221     
 Correct abs xsec    8.3318766614817221     
 Event xsec    8.3318766614815161     
 Events wgts > 1:          115
 % Cross section > 1:    8.2417097447911924E-002  0.98917807831851756     
-------------------------------------------------
---------------------------
 Results Last   3 iters: Integral =   0.8332E+01
                     Abs integral =   0.8332E+01
                          Std dev =   0.5882E-01
                  Chi**2 per DoF. =      0.9736
-------------------------------------------------
---------------------------
 Status   1.0000000000000000E-002           6           8

ls status:
events.lhe
ftn25
ftn26
input_app.txt
results.dat
run1_app.log
