 Parameter mdl_xi               has been read with value 1.000000e-01        
 Parameter mdl_grhopwz          has been read with value -5.100000e-03       
 Parameter mdl_grhopwh          has been read with value 1.400000e+02        
 Parameter mdl_grhopud          has been read with value -2.200000e-01       
 Parameter mdl_grhoptb          has been read with value 1.000000e-01        
 Parameter mdl_grhopt23lbl      has been read with value 1.000000e-01        
 Parameter mdl_grhopx23lbl      has been read with value 1.000000e-01        
 Parameter mdl_grhopx53lx23l    has been read with value 1.000000e-01        
 Parameter mdl_grhopx53rx23r    has been read with value 1.000000e-01        
 Parameter mdl_grhopx53ltl      has been read with value 1.000000e-01        
 Parameter mdl_grhopx53rtr      has been read with value 1.000000e-01        
 Parameter mdl_grhopx53lt23l    has been read with value 1.000000e-01        
 Parameter mdl_grhopx53rt23r    has been read with value 1.000000e-01        
 Parameter mdl_grhopt23lb13l    has been read with value 1.000000e-01        
 Parameter mdl_grhopt23rb13r    has been read with value 1.000000e-01        
 Parameter mdl_grhoptlb13l      has been read with value 1.000000e-01        
 Parameter mdl_grhoptrb13r      has been read with value 1.000000e-01        
 Parameter mdl_grhopx23lb13l    has been read with value 1.000000e-01        
 Parameter mdl_grhopx23rb13r    has been read with value 1.000000e-01        
 Parameter mdl_grho0ww          has been read with value 4.400000e-03        
 Parameter mdl_grho0zh          has been read with value -1.600000e+02       
 Parameter mdl_grho0ffl         has been read with value 2.200000e-01        
 Parameter mdl_grho0ffy         has been read with value 1.300000e-03        
 Parameter mdl_grho0ttl         has been read with value 2.200000e-01        
 Parameter mdl_grho0bbl         has been read with value -2.300000e-01       
 Parameter mdl_grho0ttr         has been read with value 1.000000e-01        
 Parameter mdl_grho0bbr         has been read with value 1.000000e-01        
 Parameter mdl_grho0x53lx53l    has been read with value 1.000000e-01        
 Parameter mdl_grho0x53rx53r    has been read with value 1.000000e-01        
 Parameter mdl_grho0x23lx23l    has been read with value 1.000000e-01        
 Parameter mdl_grho0x23rx23r    has been read with value 1.000000e-01        
 Parameter mdl_grho0x23ltl      has been read with value 1.000000e-01        
 Parameter mdl_grho0x23rtr      has been read with value 1.000000e-01        
 Parameter mdl_grho0x23lt23l    has been read with value 1.000000e-01        
 Parameter mdl_grho0x23rt23r    has been read with value 1.000000e-01        
 Parameter mdl_grho0t23lt23l    has been read with value 1.000000e-01        
 Parameter mdl_grho0t23rt23r    has been read with value 1.000000e-01        
 Parameter mdl_grho0t23ltl      has been read with value 1.000000e-01        
 Parameter mdl_grho0t23rtr      has been read with value 1.000000e-01        
 Parameter mdl_grho0b13lb13l    has been read with value 1.000000e-01        
 Parameter mdl_grho0b13rb13r    has been read with value 1.000000e-01        
 Parameter mdl_grhoprhomz       has been read with value 5.500000e-01        
 Parameter mdl_grhopwmrho0      has been read with value -6.300000e-01       
 Parameter mdl_grhoprhomrho0    has been read with value 1.000000e-01        
 Parameter mdl_ghww             has been read with value 1.000000e+02        
 Parameter mdl_ghzz             has been read with value 1.000000e+02        
 Parameter mdl_ghhww            has been read with value 1.000000e-01        
 Parameter mdl_ghhzz            has been read with value 1.000000e-01        
 Parameter mdl_gwt23lbl         has been read with value 1.000000e-01        
 Parameter mdl_gwx23lbl         has been read with value 1.000000e-01        
 Parameter mdl_gwtlb13l         has been read with value 1.000000e-01        
 Parameter mdl_gwtrb13r         has been read with value 1.000000e-01        
 Parameter mdl_gwx53ltl         has been read with value 1.000000e-01        
 Parameter mdl_gwx53rtr         has been read with value 1.000000e-01        
 Parameter mdl_gzt23ltl         has been read with value 1.000000e-01        
 Parameter mdl_gzt23rtr         has been read with value 1.000000e-01        
 Parameter mdl_gzx23ltl         has been read with value 1.000000e-01        
 Parameter mdl_gzx23rtr         has been read with value 1.000000e-01        
 Parameter mdl_ght23ltr         has been read with value 1.000000e-01        
 Parameter mdl_ghtlt23r         has been read with value 1.000000e-01        
 Parameter mdl_ghx23ltr         has been read with value 1.000000e-01        
 Parameter mdl_ghtlx23r         has been read with value 1.000000e-01        
 Parameter mdl_mb               has been read with value 4.700000e+00        
 Parameter mdl_mt               has been read with value 1.720000e+02        
 Parameter mdl_mta              has been read with value 1.777000e+00        
 Parameter mdl_mz               has been read with value 9.118760e+01        
 Parameter mdl_mh               has been read with value 1.250000e+02        
 Parameter mdl_mt23             has been read with value 9.000000e+02        
 Parameter mdl_mb13             has been read with value 6.000000e+02        
 Parameter mdl_mx53             has been read with value 6.000000e+02        
 Parameter mdl_mx23             has been read with value 6.000000e+02        
 Parameter mdl_mrho0            has been read with value 1.800000e+03        
 Parameter mdl_mrhop            has been read with value 1.500000e+03        
 Parameter aewm1                has been read with value 1.279000e+02        
 Parameter mdl_gf               has been read with value 1.166370e-05        
 Parameter as                   has been read with value 1.184000e-01        
 Parameter mdl_ymb              has been read with value 4.700000e+00        
 Parameter mdl_ymt              has been read with value 1.720000e+02        
 Parameter mdl_ymtau            has been read with value 1.777000e+00        
 Parameter mdl_wt               has been read with value 1.466877e+00        
 Parameter mdl_wz               has been read with value 2.495200e+00        
 Parameter mdl_ww               has been read with value 2.002780e+00        
 Parameter mdl_wh               has been read with value 5.753088e-03        
 Parameter mdl_wt23             has been read with value 1.000000e-03        
 Parameter mdl_wb13             has been read with value 1.000000e-03        
 Parameter mdl_wx53             has been read with value 1.000000e-03        
 Parameter mdl_wx23             has been read with value 1.000000e-03        
 Parameter mdl_wrho0            has been read with value 1.000000e-03        
 Parameter mdl_wrhop            has been read with value 1.500000e+01        
