==== LHAPDF6 USING DEFAULT-TYPE LHAGLUE INTERFACE ====
LHAPDF 6.1.5 loading /cvmfs/cms.cern.ch/slc6_amd64_gcc481/external/lhapdf/6.1.5-ddibom2/share/LHAPDF/NNPDF30_lo_as_0130_nf_4/NNPDF30_lo_as_0130_nf_4_0000.dat
NNPDF30_lo_as_0130_nf_4 PDF set, member #0, version 2; LHAPDF ID = 263400
 Process in group number            3
 A PDF is used, so alpha_s(MZ) is going to be modified
 Old value of alpha_s from param_card:   0.11839999999999999     
 New value of alpha_s from PDF lhapdf :  0.12470044313224841     
 using LHAPDF
 Warning! ptj set to xqcut=   20.000000000000000       to improve integration efficiency
 Note that this might affect non-radiated jets,
 e.g. from decays. Use cut_decays=F in run_card.
 Warning! mmjj set to xqcut=   20.000000000000000       to improve integration efficiency
 Note that this might affect non-radiated jets,
 e.g. from decays. Use cut_decays=F in run_card.
 *****************************************************
 *               MadGraph/MadEvent                   *
 *        --------------------------------           *
 *          http://madgraph.hep.uiuc.edu             *
 *          http://madgraph.phys.ucl.ac.be           *
 *          http://madgraph.roma2.infn.it            *
 *        --------------------------------           *
 *                                                   *
 *          PARAMETER AND COUPLING VALUES            *
 *                                                   *
 *****************************************************

  External Params
  ---------------------------------
  
 aEWM1 =    127.90000000000001     
 mdl_Gf =    1.1663700000000000E-005
 aS =   0.11839999999999999     
 mdl_ymb =    4.7000000000000002     
 mdl_ymt =    172.00000000000000     
 mdl_ymtau =    1.7769999999999999     
 mdl_xi =   0.10000000000000001     
 mdl_grhopWZ =   -5.1000000000000004E-003
 mdl_grhopWh =    140.00000000000000     
 mdl_grhopud =  -0.22000000000000000     
 mdl_grhoptb =   0.10000000000000001     
 mdl_grhopT23LbL =   0.10000000000000001     
 mdl_grhopX23LbL =   0.10000000000000001     
 mdl_grhopX53LX23L =   0.10000000000000001     
 mdl_grhopX53RX23R =   0.10000000000000001     
 mdl_grhopX53LtL =   0.10000000000000001     
 mdl_grhopX53RtR =   0.10000000000000001     
 mdl_grhopX53LT23L =   0.10000000000000001     
 mdl_grhopX53RT23R =   0.10000000000000001     
 mdl_grhopT23LB13L =   0.10000000000000001     
 mdl_grhopT23RB13R =   0.10000000000000001     
 mdl_grhoptLB13L =   0.10000000000000001     
 mdl_grhoptRB13R =   0.10000000000000001     
 mdl_grhopX23LB13L =   0.10000000000000001     
 mdl_grhopX23RB13R =   0.10000000000000001     
 mdl_grho0WW =    4.4000000000000003E-003
 mdl_grho0Zh =   -160.00000000000000     
 mdl_grho0ffL =   0.22000000000000000     
 mdl_grho0ffY =    1.2999999999999999E-003
 mdl_grho0ttL =   0.22000000000000000     
 mdl_grho0bbL =  -0.23000000000000001     
 mdl_grho0ttR =   0.10000000000000001     
 mdl_grho0bbR =   0.10000000000000001     
 mdl_grho0X53LX53L =   0.10000000000000001     
 mdl_grho0X53RX53R =   0.10000000000000001     
 mdl_grho0X23LX23L =   0.10000000000000001     
 mdl_grho0X23RX23R =   0.10000000000000001     
 mdl_grho0X23LtL =   0.10000000000000001     
 mdl_grho0X23RtR =   0.10000000000000001     
 mdl_grho0X23LT23L =   0.10000000000000001     
 mdl_grho0X23RT23R =   0.10000000000000001     
 mdl_grho0T23LT23L =   0.10000000000000001     
 mdl_grho0T23RT23R =   0.10000000000000001     
 mdl_grho0T23LtL =   0.10000000000000001     
 mdl_grho0T23RtR =   0.10000000000000001     
 mdl_grho0B13LB13L =   0.10000000000000001     
 mdl_grho0B13RB13R =   0.10000000000000001     
 mdl_grhoprhomZ =   0.55000000000000004     
 mdl_grhopWmrho0 =  -0.63000000000000000     
 mdl_grhoprhomrho0 =   0.10000000000000001     
 mdl_ghWW =    100.00000000000000     
 mdl_ghZZ =    100.00000000000000     
 mdl_ghhWW =   0.10000000000000001     
 mdl_ghhZZ =   0.10000000000000001     
 mdl_gWT23LbL =   0.10000000000000001     
 mdl_gWX23LbL =   0.10000000000000001     
 mdl_gWtLB13L =   0.10000000000000001     
 mdl_gWtRB13R =   0.10000000000000001     
 mdl_gWX53LtL =   0.10000000000000001     
 mdl_gWX53RtR =   0.10000000000000001     
 mdl_gZT23LtL =   0.10000000000000001     
 mdl_gZT23RtR =   0.10000000000000001     
 mdl_gZX23LtL =   0.10000000000000001     
 mdl_gZX23RtR =   0.10000000000000001     
 mdl_ghT23LtR =   0.10000000000000001     
 mdl_ghtLT23R =   0.10000000000000001     
 mdl_ghX23LtR =   0.10000000000000001     
 mdl_ghtLX23R =   0.10000000000000001     
 mdl_MZ =    91.187600000000003     
 mdl_MTA =    1.7769999999999999     
 mdl_MT =    172.00000000000000     
 mdl_MB =    4.7000000000000002     
 mdl_MH =    125.00000000000000     
 mdl_mrhop =    2000.0000000000000     
 mdl_mrho0 =    1800.0000000000000     
 mdl_MT23 =    1500.0000000000000     
 mdl_MB13 =    600.00000000000000     
 mdl_MX53 =    600.00000000000000     
 mdl_MX23 =    600.00000000000000     
 mdl_WZ =    2.4952000000000001     
 mdl_WW =    2.0850000000000000     
 mdl_WT =    1.5083359999999999     
 mdl_WH =    5.7530880000000000E-003
 mdl_wrhop =    20.000000000000000     
 mdl_wrho0 =    1.0000000000000000E-003
 mdl_WT23 =    1.0000000000000000E-003
 mdl_WB13 =    1.0000000000000000E-003
 mdl_WX53 =    1.0000000000000000E-003
 mdl_WX23 =    1.0000000000000000E-003
  Internal Params
  ---------------------------------
  
 mdl_MZ__exp__2 =    8315.1783937600012     
 mdl_MZ__exp__4 =    69142191.720053151     
 mdl_sqrt__2 =    1.4142135623730951     
 mdl_MH__exp__2 =    15625.000000000000     
 mdl_complexi =  (  0.0000000000000000     ,  1.0000000000000000     )
 mdl_aEW =    7.8186082877247844E-003
 mdl_MW =    79.824359746197842     
 mdl_sqrt__aEW =    8.8422894590285753E-002
 mdl_ee =   0.31345100004952897     
 mdl_MW__exp__2 =    6371.9284088904105     
 mdl_sw2 =   0.23369913342182447     
 mdl_cw =   0.87538612427783857     
 mdl_sqrt__sw2 =   0.48342438232036300     
 mdl_sw =   0.48342438232036300     
 mdl_g1 =   0.35807170271074895     
 mdl_gw =   0.64839716719502682     
 mdl_vev =    246.22056907348590     
 mdl_vev__exp__2 =    60624.568634871241     
 mdl_lam =   0.12886689630821144     
 mdl_yb =    2.6995322804122722E-002
 mdl_yt =   0.98791394091683138     
 mdl_ytau =    1.0206529494239589E-002
 mdl_muH =    88.388347648318444     
 mdl_ee__exp__2 =    9.8251529432049817E-002
 mdl_sw__exp__2 =   0.23369913342182450     
 mdl_cw__exp__2 =   0.76630086657817542     
  Internal Params evaluated point by point
  ----------------------------------------
  
 mdl_sqrt__aS =   0.34409301068170506     
 mdl_G__exp__2 =    1.4878582807401259     
  Couplings of onerho
  ---------------------------------
  
         GC_7 =   0.00000E+00   0.12198E+01
        GC_44 =   0.00000E+00   0.70711E-01
        GC_49 =  -0.00000E+00  -0.15556E+00
        GC_64 =   0.00000E+00   0.70711E-01

 Collider parameters:
 --------------------

 Running at P P   machine @    13000.000000000000       GeV
 PDF set = lhapdf 
 alpha_s(Mz)= 0.1247 running at 1 loops.
 alpha_s(Mz)= 0.1247 running at 1 loops.
 Renormalization scale set on event-by-event basis
 Factorization   scale set on event-by-event basis


 getting user params
Enter number of events and max and min iterations: 
 Number of events and iterations         2000           8           3
Enter desired fractional accuracy: 
 Desired fractional accuracy:    1.0000000000000000E-002
Enter 0 for fixed, 2 for adjustable grid: 
Suppress amplitude (0 no, 1 yes)? 
 Using suppressed amplitude.
Exact helicity sum (0 yes, n = number/event)? 
 Explicitly summing over helicities
Enter Configuration Number: 
Running Configuration Number:    3
 Not subdividing B.W.
 Attempting mappinvarients           1           6
 Completed mapping           6
 about to integrate           10        2000           8           3          10           1
 Using non-zero grid deformation.
 10 dimensions   2000 events 10 invarients  8 iterations  1 config(s),  (0.99)
 Using h-tuple random number sequence.
 fail to read data
 Error opening grid
 Using Uniform Grid!          24
 Using uniform alpha   1.0000000000000000     
 Grid defined OK
 Set CM energy to      13000.00
 Mapping Graph           3  to config           3
 Setting BW          -1           1   1500.0000000000000     
 Setting BW          -2           2   2000.0000000000000     
Setting grid   3    0.23669E-05   1
 Transforming s_hat 1/s            9   6.5043464889851840E-002
 Masses: 0.000E+00 0.000E+00 0.470E+01 0.798E+02 0.470E+01 0.000E+00
   3   1   2   3   4   5   6   7   8   9  10
Using random seed offsets     3 :      1
  with seed                   24
 Ranmar initialization seeds       31061        9398
 
 ********************************************
 * You are using the DiscreteSampler module *
 *      part of the MG5_aMC framework       *
 *         Author: Valentin Hirschi         *
 ********************************************
 
  Particle       3       4       5       6
      Et >    10.0     0.0    10.0    20.0
       E >     0.0     0.0     0.0     0.0
     Eta <     5.0    -1.0     5.0     5.0
   xqcut:      0.0     0.0     0.0    20.0
d R # 3  >    -0.0     0.0     0.0     0.0
d R # 4  >    -0.0    -0.0     0.0     0.0
d R # 5  >    -0.0    -0.0    -0.0     0.0
s min # 3>     0.0     0.0     0.0     0.0
s min # 4>     0.0     0.0     0.0     0.0
s min # 5>     0.0     0.0     0.0     0.0
xqcutij # 3>     0.0     0.0     0.0     0.0
xqcutij # 4>     0.0     0.0     0.0     0.0
xqcutij # 5>     0.0     0.0     0.0     0.0
 No cut BW           -1           1
 No cut BW           -2           2
 alpha_s for scale    1956.8485424103658       is    8.2741109367787322E-002
 Added good helicity           73  0.11480723193999867       in event            1
 Added good helicity           74   3.1608756317547193E-003  in event            1
 Added good helicity           77   93.073669845365004       in event            1
 Added good helicity           78   2.4093458222564257       in event            1
 Added good helicity           79   3.2536314879590790E-004  in event            1
 Added good helicity           80   8.4241064509211143E-006  in event            1
 Added good helicity           81  0.38851019653399921       in event            1
 Added good helicity           82   1.0058126329244943E-002  in event            1
 Added good helicity           83   1.2578147745969175E-006  in event            1
 Added good helicity           89   1.0961398857874005E-004  in event            1
 Added good helicity           90   2.1929834894379611E-006  in event            1
 Added good helicity           73  0.11480723193999878       in event            1
 Added good helicity           74   3.1608756317547193E-003  in event            1
 Added good helicity           77   93.073669845365018       in event            1
 Added good helicity           78   2.4093458222564266       in event            1
 Added good helicity           79   3.2536314879590806E-004  in event            1
 Added good helicity           80   8.4241064509211177E-006  in event            1
 Added good helicity           81  0.38851019653399937       in event            1
 Added good helicity           82   1.0058126329244948E-002  in event            1
 Added good helicity           83   1.2578147745969184E-006  in event            1
 Added good helicity           89   1.0961398857874002E-004  in event            1
 Added good helicity           90   2.1929834894379602E-006  in event            1
 Added good helicity           75   1.5006561203497066E-005  in event            4
 Added good helicity           85   4.1487646800590465E-003  in event            4
 Added good helicity           86   8.7317093413141986E-005  in event            4
 Added good helicity           93   4.5251158135236992E-005  in event            4
 Added good helicity           94   1.3331104606140568E-006  in event            4
 Added good helicity           75   1.5006561203497043E-005  in event            4
 Added good helicity           85   4.1487646800590456E-003  in event            4
 Added good helicity           86   8.7317093413141972E-005  in event            4
 Added good helicity           93   4.5251158135236884E-005  in event            4
 Added good helicity           94   1.3331104606140547E-006  in event            4
 RESET CUMULATIVE VARIABLE
 RESET CUMULATIVE VARIABLE
 RESET CUMULATIVE VARIABLE
 Iteration  1   Mean: 0.3125E+01 Abs mean: 0.3125E+01   Fluctuation:  0.968E+00   0.119E+04    83.3%
  1    0.3125E+01 0.3125E+01 +- 0.9682E+00     13.86
 Writing out events   2.3434173367019729E-004   13.857418919256355     
 Relative summed weights:
  0.7276E+00  0.2724E+00
 Relative number of events:
  0.4913E+00  0.5087E+00
 Events:
         987        1022
 Iteration  2   Mean: 0.1019E+02 Abs mean: 0.1019E+02   Fluctuation:  0.198E+01   0.581E+04    82.5%
  2    0.1019E+02 0.1019E+02 +- 0.1984E+01     12.32
 Relative summed weights:
  0.4548E+00  0.5452E+00
 Relative number of events:
  0.5022E+00  0.4978E+00
 Events:
        2009        1991
 Iteration  3   Mean: 0.9051E+01 Abs mean: 0.9051E+01   Fluctuation:  0.351E+00   0.741E+03    83.2%
  3    0.9051E+01 0.9051E+01 +- 0.3513E+00      3.47
 Relative summed weights:
  0.4955E+00  0.5045E+00
 Relative number of events:
  0.5001E+00  0.4999E+00
 Events:
        4001        3999
 Accuracy:    0.059   0.010   0.038   2.457
 Found          667  events.
 Wrote          164  events.
 Actual xsec    9.0052036264365221     
 Correct abs xsec    9.0052036264365221     
 Event xsec    9.0052036264365274     
 Events wgts > 1:            6
 % Cross section > 1:    8.6663913750362698E-002  0.96237594779027447     
 Iteration  4   Mean: 0.9107E+01 Abs mean: 0.9107E+01   Fluctuation:  0.154E+00   0.764E+03    79.3%
  4    0.9107E+01 0.9107E+01 +- 0.1541E+00      2.14
 Relative summed weights:
  0.4972E+00  0.5028E+00
 Relative number of events:
  0.5006E+00  0.4994E+00
 Events:
        8009        7991
 Accuracy:    0.020   0.010   0.015   1.632
 Found         1891  events.
 Wrote          674  events.
 Actual xsec    9.1051451672018882     
 Correct abs xsec    9.1051451672018882     
 Event xsec    9.1051451672017762     
 Events wgts > 1:           11
 % Cross section > 1:    8.9098173262331465E-002  0.97854753138124217     
 Iteration  5   Mean: 0.9123E+01 Abs mean: 0.9123E+01   Fluctuation:  0.710E-01   0.250E+03    76.2%
  5    0.9123E+01 0.9123E+01 +- 0.7104E-01      1.39
 Relative summed weights:
  0.5029E+00  0.4971E+00
 Relative number of events:
  0.5021E+00  0.4979E+00
 Events:
       16066       15934
 Accuracy:    0.008   0.010   0.007   1.227
 Finished due to accuracy    7.7031121380143515E-003   1.0000000000000000E-002

 -------------------------------------------------------------------------------
 Accumulated results:   Integral =  0.9116E+01
                        Std dev  =  0.6338E-01
                       Cross sec =  0.9116E+01
             Chi**2 per DoF.     =      1.2274
 -------------------------------------------------------------------------------
 Found         4152  events.
 Wrote         3864  events.
 Actual xsec    9.1176761393466847     
 Correct abs xsec    9.1176761393466847     
 Event xsec    9.1176761393471946     
 Events wgts > 1:           97
 % Cross section > 1:    9.1275086344560274E-002   1.0010783992498264     
-------------------------------------------------
---------------------------
 Results Last   3 iters: Integral =   0.9118E+01
                     Abs integral =   0.9118E+01
                          Std dev =   0.6345E-01
                  Chi**2 per DoF. =      0.0229
-------------------------------------------------
---------------------------
 Status   1.0000000000000000E-002           6           8

ls status:
events.lhe
ftn25
ftn26
input_app.txt
results.dat
run1_app.log
