==== LHAPDF6 USING DEFAULT-TYPE LHAGLUE INTERFACE ====
LHAPDF 6.1.5 loading /cvmfs/cms.cern.ch/slc6_amd64_gcc481/external/lhapdf/6.1.5-ddibom2/share/LHAPDF/NNPDF30_lo_as_0130_nf_4/NNPDF30_lo_as_0130_nf_4_0000.dat
NNPDF30_lo_as_0130_nf_4 PDF set, member #0, version 2; LHAPDF ID = 263400
 Process in group number            3
 A PDF is used, so alpha_s(MZ) is going to be modified
 Old value of alpha_s from param_card:   0.11839999999999999     
 New value of alpha_s from PDF lhapdf :  0.12470044313224841     
 using LHAPDF
 Warning! ptj set to xqcut=   20.000000000000000       to improve integration efficiency
 Note that this might affect non-radiated jets,
 e.g. from decays. Use cut_decays=F in run_card.
 Warning! mmjj set to xqcut=   20.000000000000000       to improve integration efficiency
 Note that this might affect non-radiated jets,
 e.g. from decays. Use cut_decays=F in run_card.
 *****************************************************
 *               MadGraph/MadEvent                   *
 *        --------------------------------           *
 *          http://madgraph.hep.uiuc.edu             *
 *          http://madgraph.phys.ucl.ac.be           *
 *          http://madgraph.roma2.infn.it            *
 *        --------------------------------           *
 *                                                   *
 *          PARAMETER AND COUPLING VALUES            *
 *                                                   *
 *****************************************************

  External Params
  ---------------------------------
  
 aEWM1 =    127.90000000000001     
 mdl_Gf =    1.1663700000000000E-005
 aS =   0.11839999999999999     
 mdl_ymb =    4.7000000000000002     
 mdl_ymt =    172.00000000000000     
 mdl_ymtau =    1.7769999999999999     
 mdl_xi =   0.10000000000000001     
 mdl_grhopWZ =   -5.1000000000000004E-003
 mdl_grhopWh =    140.00000000000000     
 mdl_grhopud =  -0.22000000000000000     
 mdl_grhoptb =   0.10000000000000001     
 mdl_grhopT23LbL =   0.10000000000000001     
 mdl_grhopX23LbL =   0.10000000000000001     
 mdl_grhopX53LX23L =   0.10000000000000001     
 mdl_grhopX53RX23R =   0.10000000000000001     
 mdl_grhopX53LtL =   0.10000000000000001     
 mdl_grhopX53RtR =   0.10000000000000001     
 mdl_grhopX53LT23L =   0.10000000000000001     
 mdl_grhopX53RT23R =   0.10000000000000001     
 mdl_grhopT23LB13L =   0.10000000000000001     
 mdl_grhopT23RB13R =   0.10000000000000001     
 mdl_grhoptLB13L =   0.10000000000000001     
 mdl_grhoptRB13R =   0.10000000000000001     
 mdl_grhopX23LB13L =   0.10000000000000001     
 mdl_grhopX23RB13R =   0.10000000000000001     
 mdl_grho0WW =    4.4000000000000003E-003
 mdl_grho0Zh =   -160.00000000000000     
 mdl_grho0ffL =   0.22000000000000000     
 mdl_grho0ffY =    1.2999999999999999E-003
 mdl_grho0ttL =   0.22000000000000000     
 mdl_grho0bbL =  -0.23000000000000001     
 mdl_grho0ttR =   0.10000000000000001     
 mdl_grho0bbR =   0.10000000000000001     
 mdl_grho0X53LX53L =   0.10000000000000001     
 mdl_grho0X53RX53R =   0.10000000000000001     
 mdl_grho0X23LX23L =   0.10000000000000001     
 mdl_grho0X23RX23R =   0.10000000000000001     
 mdl_grho0X23LtL =   0.10000000000000001     
 mdl_grho0X23RtR =   0.10000000000000001     
 mdl_grho0X23LT23L =   0.10000000000000001     
 mdl_grho0X23RT23R =   0.10000000000000001     
 mdl_grho0T23LT23L =   0.10000000000000001     
 mdl_grho0T23RT23R =   0.10000000000000001     
 mdl_grho0T23LtL =   0.10000000000000001     
 mdl_grho0T23RtR =   0.10000000000000001     
 mdl_grho0B13LB13L =   0.10000000000000001     
 mdl_grho0B13RB13R =   0.10000000000000001     
 mdl_grhoprhomZ =   0.55000000000000004     
 mdl_grhopWmrho0 =  -0.63000000000000000     
 mdl_grhoprhomrho0 =   0.10000000000000001     
 mdl_ghWW =    100.00000000000000     
 mdl_ghZZ =    100.00000000000000     
 mdl_ghhWW =   0.10000000000000001     
 mdl_ghhZZ =   0.10000000000000001     
 mdl_gWT23LbL =   0.10000000000000001     
 mdl_gWX23LbL =   0.10000000000000001     
 mdl_gWtLB13L =   0.10000000000000001     
 mdl_gWtRB13R =   0.10000000000000001     
 mdl_gWX53LtL =   0.10000000000000001     
 mdl_gWX53RtR =   0.10000000000000001     
 mdl_gZT23LtL =   0.10000000000000001     
 mdl_gZT23RtR =   0.10000000000000001     
 mdl_gZX23LtL =   0.10000000000000001     
 mdl_gZX23RtR =   0.10000000000000001     
 mdl_ghT23LtR =   0.10000000000000001     
 mdl_ghtLT23R =   0.10000000000000001     
 mdl_ghX23LtR =   0.10000000000000001     
 mdl_ghtLX23R =   0.10000000000000001     
 mdl_MZ =    91.187600000000003     
 mdl_MTA =    1.7769999999999999     
 mdl_MT =    172.00000000000000     
 mdl_MB =    4.7000000000000002     
 mdl_MH =    125.00000000000000     
 mdl_mrhop =    2000.0000000000000     
 mdl_mrho0 =    1800.0000000000000     
 mdl_MT23 =    1200.0000000000000     
 mdl_MB13 =    600.00000000000000     
 mdl_MX53 =    600.00000000000000     
 mdl_MX23 =    600.00000000000000     
 mdl_WZ =    2.4952000000000001     
 mdl_WW =    2.0850000000000000     
 mdl_WT =    1.5083359999999999     
 mdl_WH =    5.7530880000000000E-003
 mdl_wrhop =    20.000000000000000     
 mdl_wrho0 =    1.0000000000000000E-003
 mdl_WT23 =    1.0000000000000000E-003
 mdl_WB13 =    1.0000000000000000E-003
 mdl_WX53 =    1.0000000000000000E-003
 mdl_WX23 =    1.0000000000000000E-003
  Internal Params
  ---------------------------------
  
 mdl_MZ__exp__2 =    8315.1783937600012     
 mdl_MZ__exp__4 =    69142191.720053151     
 mdl_sqrt__2 =    1.4142135623730951     
 mdl_MH__exp__2 =    15625.000000000000     
 mdl_complexi =  (  0.0000000000000000     ,  1.0000000000000000     )
 mdl_aEW =    7.8186082877247844E-003
 mdl_MW =    79.824359746197842     
 mdl_sqrt__aEW =    8.8422894590285753E-002
 mdl_ee =   0.31345100004952897     
 mdl_MW__exp__2 =    6371.9284088904105     
 mdl_sw2 =   0.23369913342182447     
 mdl_cw =   0.87538612427783857     
 mdl_sqrt__sw2 =   0.48342438232036300     
 mdl_sw =   0.48342438232036300     
 mdl_g1 =   0.35807170271074895     
 mdl_gw =   0.64839716719502682     
 mdl_vev =    246.22056907348590     
 mdl_vev__exp__2 =    60624.568634871241     
 mdl_lam =   0.12886689630821144     
 mdl_yb =    2.6995322804122722E-002
 mdl_yt =   0.98791394091683138     
 mdl_ytau =    1.0206529494239589E-002
 mdl_muH =    88.388347648318444     
 mdl_ee__exp__2 =    9.8251529432049817E-002
 mdl_sw__exp__2 =   0.23369913342182450     
 mdl_cw__exp__2 =   0.76630086657817542     
  Internal Params evaluated point by point
  ----------------------------------------
  
 mdl_sqrt__aS =   0.34409301068170506     
 mdl_G__exp__2 =    1.4878582807401259     
  Couplings of onerho
  ---------------------------------
  
         GC_7 =   0.00000E+00   0.12198E+01
        GC_44 =   0.00000E+00   0.70711E-01
        GC_49 =  -0.00000E+00  -0.15556E+00
        GC_64 =   0.00000E+00   0.70711E-01

 Collider parameters:
 --------------------

 Running at P P   machine @    13000.000000000000       GeV
 PDF set = lhapdf 
 alpha_s(Mz)= 0.1247 running at 1 loops.
 alpha_s(Mz)= 0.1247 running at 1 loops.
 Renormalization scale set on event-by-event basis
 Factorization   scale set on event-by-event basis


 getting user params
Enter number of events and max and min iterations: 
 Number of events and iterations         2000           8           3
Enter desired fractional accuracy: 
 Desired fractional accuracy:    1.0000000000000000E-002
Enter 0 for fixed, 2 for adjustable grid: 
Suppress amplitude (0 no, 1 yes)? 
 Using suppressed amplitude.
Exact helicity sum (0 yes, n = number/event)? 
 Explicitly summing over helicities
Enter Configuration Number: 
Running Configuration Number:    2
 Not subdividing B.W.
 Attempting mappinvarients           1           6
 Completed mapping           6
 about to integrate           10        2000           8           3          10           1
 Using non-zero grid deformation.
 10 dimensions   2000 events 10 invarients  8 iterations  1 config(s),  (0.99)
 Using h-tuple random number sequence.
 fail to read data
 Error opening grid
 Using Uniform Grid!          24
 Using uniform alpha   1.0000000000000000     
 Grid defined OK
 Set CM energy to      13000.00
 Mapping Graph           2  to config           2
 Setting BW          -1           1   1200.0000000000000     
 Setting BW          -2           2   2000.0000000000000     
Setting grid   3    0.23669E-05   1
 Transforming s_hat 1/s            9   5.3805107587175605E-002
 Masses: 0.000E+00 0.000E+00 0.470E+01 0.798E+02 0.470E+01 0.000E+00
   2   1   2   3   4   5   6   7   8   9  10
Using random seed offsets     2 :      3
  with seed                   24
 Ranmar initialization seeds       31060        9400
 
 ********************************************
 * You are using the DiscreteSampler module *
 *      part of the MG5_aMC framework       *
 *         Author: Valentin Hirschi         *
 ********************************************
 
  Particle       3       4       5       6
      Et >    10.0     0.0    10.0    20.0
       E >     0.0     0.0     0.0     0.0
     Eta <     5.0    -1.0     5.0     5.0
   xqcut:      0.0     0.0     0.0    20.0
d R # 3  >    -0.0     0.0     0.0     0.0
d R # 4  >    -0.0    -0.0     0.0     0.0
d R # 5  >    -0.0    -0.0    -0.0     0.0
s min # 3>     0.0     0.0     0.0     0.0
s min # 4>     0.0     0.0     0.0     0.0
s min # 5>     0.0     0.0     0.0     0.0
xqcutij # 3>     0.0     0.0     0.0     0.0
xqcutij # 4>     0.0     0.0     0.0     0.0
xqcutij # 5>     0.0     0.0     0.0     0.0
 No cut BW           -1           1
 No cut BW           -2           2
 alpha_s for scale    2032.8809260846833       is    8.2396311634270525E-002
 Added good helicity           25   5.4503404802656910       in event            1
 Added good helicity           27   2.5017752518485970E-006  in event            1
 Added good helicity           29   85.487085361085875       in event            1
 Added good helicity           31   4.4987885492730411E-005  in event            1
 Added good helicity           33   4.6609157883902377       in event            1
 Added good helicity           35   4.6138360383411902E-006  in event            1
 Added good helicity           37   2.4486228880913133E-004  in event            1
 Added good helicity           41   3.8405973830311340E-003  in event            1
 Added good helicity           45   2.0939655275191451E-004  in event            1
 Added good helicity           73   2.3863401012006000E-002  in event            1
 Added good helicity           77  0.35409107138576135       in event            1
 Added good helicity           81   1.9334874317365865E-002  in event            1
 Added good helicity           85   1.3120936867624528E-006  in event            1
 Added good helicity           89   1.9469172020805558E-005  in event            1
 Added good helicity           93   1.0630993676633797E-006  in event            1
 Added good helicity           25   5.4503404802656901       in event            1
 Added good helicity           27   2.5017752518485962E-006  in event            1
 Added good helicity           29   85.487085361085889       in event            1
 Added good helicity           31   4.4987885492730371E-005  in event            1
 Added good helicity           33   4.6609157883902395       in event            1
 Added good helicity           35   4.6138360383411928E-006  in event            1
 Added good helicity           37   2.4486228880913106E-004  in event            1
 Added good helicity           41   3.8405973830311336E-003  in event            1
 Added good helicity           45   2.0939655275191456E-004  in event            1
 Added good helicity           73   2.3863401012005968E-002  in event            1
 Added good helicity           77  0.35409107138576096       in event            1
 Added good helicity           81   1.9334874317365858E-002  in event            1
 Added good helicity           85   1.3120936867624506E-006  in event            1
 Added good helicity           89   1.9469172020805531E-005  in event            1
 Added good helicity           93   1.0630993676633790E-006  in event            1
 Added good helicity           79   4.3451375428071885E-005  in event            2
 Added good helicity           83   4.6571704124023702E-006  in event            2
 Added good helicity           79   4.3451375428071912E-005  in event            2
 Added good helicity           83   4.6571704124023719E-006  in event            2
 Added good helicity           75   1.0109267547641125E-005  in event            3
 Added good helicity           75   1.0109267547641183E-005  in event            4
 RESET CUMULATIVE VARIABLE
 RESET CUMULATIVE VARIABLE
 RESET CUMULATIVE VARIABLE
 Iteration  1   Mean: 0.1016E+01 Abs mean: 0.1016E+01   Fluctuation:  0.309E+00   0.534E+03    82.1%
  1    0.1016E+01 0.1016E+01 +- 0.3087E+00     13.59
 Writing out events   7.7280772093847914E-005   13.592050401579970     
 Relative summed weights:
  0.5881E+00  0.3947E+00  0.1161E-01  0.5575E-02
 Relative number of events:
  0.4435E+00  0.4559E+00  0.4778E-01  0.5276E-01
 Events:
         891         916          96         106
 Iteration  2   Mean: 0.2066E+01 Abs mean: 0.2066E+01   Fluctuation:  0.257E+00   0.591E+03    86.7%
  2    0.2066E+01 0.2066E+01 +- 0.2570E+00      7.87
 Relative summed weights:
  0.5006E+00  0.4437E+00  0.1022E-01  0.4549E-01
 Relative number of events:
  0.4833E+00  0.4475E+00  0.3150E-01  0.3775E-01
 Events:
        1933        1790         126         151
 Iteration  3   Mean: 0.2096E+01 Abs mean: 0.2096E+01   Fluctuation:  0.733E-01   0.161E+03    86.5%
  3    0.2096E+01 0.2096E+01 +- 0.7327E-01      3.13
 Relative summed weights:
  0.4794E+00  0.4699E+00  0.1842E-01  0.3223E-01
 Relative number of events:
  0.4680E+00  0.4798E+00  0.2687E-01  0.2538E-01
 Events:
        3744        3838         215         203
 Accuracy:    0.040   0.010   0.033   1.442
 Found          779  events.
 Wrote          190  events.
 Actual xsec    2.0805752815100780     
 Correct abs xsec    2.0805752815100780     
 Event xsec    2.0805752815100789     
 Events wgts > 1:            7
 % Cross section > 1:    1.9846829501152276E-002  0.95391066487858445     
 Iteration  4   Mean: 0.1985E+01 Abs mean: 0.1985E+01   Fluctuation:  0.335E-01   0.300E+03    83.9%
  4    0.1985E+01 0.1985E+01 +- 0.3348E-01      2.13
 Relative summed weights:
  0.4738E+00  0.4612E+00  0.3529E-01  0.2970E-01
 Relative number of events:
  0.4797E+00  0.4690E+00  0.2612E-01  0.2519E-01
 Events:
        7675        7504         418         403
 Accuracy:    0.019   0.010   0.015   1.576
 Found         1779  events.
 Wrote          392  events.
 Actual xsec    2.0067881503645104     
 Correct abs xsec    2.0067881503645104     
 Event xsec    2.0067881503645255     
 Events wgts > 1:            2
 % Cross section > 1:    1.6121148466268945E-002  0.80333085798521375     
 Iteration  5   Mean: 0.2010E+01 Abs mean: 0.2010E+01   Fluctuation:  0.219E-01   0.453E+03    81.3%
  5    0.2010E+01 0.2010E+01 +- 0.2194E-01      1.95
 Relative summed weights:
  0.4655E+00  0.4650E+00  0.3096E-01  0.3851E-01
 Relative number of events:
  0.4809E+00  0.4735E+00  0.2375E-01  0.2191E-01
 Events:
       15388       15151         760         701
 Accuracy:    0.010   0.010   0.009   1.184
 Finished due to accuracy    9.6156231314715197E-003   1.0000000000000000E-002

 -------------------------------------------------------------------------------
 Accumulated results:   Integral =  0.2008E+01
                        Std dev  =  0.1775E-01
                       Cross sec =  0.2008E+01
             Chi**2 per DoF.     =      1.1836
 -------------------------------------------------------------------------------
 Found         3877  events.
 Wrote         1030  events.
 Actual xsec    2.0087406745293528     
 Correct abs xsec    2.0087406745293528     
 Event xsec    2.0087406745293084     
 Events wgts > 1:           10
 % Cross section > 1:    1.8928843209268648E-002  0.94232388726355076     
-------------------------------------------------
---------------------------
 Results Last   3 iters: Integral =   0.2009E+01
                     Abs integral =   0.2009E+01
                          Std dev =   0.1781E-01
                  Chi**2 per DoF. =      0.9608
-------------------------------------------------
---------------------------
 Status   1.0000000000000000E-002           6           8

ls status:
events.lhe
ftn25
ftn26
input_app.txt
results.dat
run1_app.log
