==== LHAPDF6 USING DEFAULT-TYPE LHAGLUE INTERFACE ====
LHAPDF 6.1.5 loading /cvmfs/cms.cern.ch/slc6_amd64_gcc481/external/lhapdf/6.1.5-ddibom2/share/LHAPDF/NNPDF30_lo_as_0130_nf_4/NNPDF30_lo_as_0130_nf_4_0000.dat
NNPDF30_lo_as_0130_nf_4 PDF set, member #0, version 2; LHAPDF ID = 263400
 Process in group number            1
 A PDF is used, so alpha_s(MZ) is going to be modified
 Old value of alpha_s from param_card:   0.11839999999999999     
 New value of alpha_s from PDF lhapdf :  0.12470044313224841     
 using LHAPDF
 Warning! ptj set to xqcut=   20.000000000000000       to improve integration efficiency
 Note that this might affect non-radiated jets,
 e.g. from decays. Use cut_decays=F in run_card.
 Warning! mmjj set to xqcut=   20.000000000000000       to improve integration efficiency
 Note that this might affect non-radiated jets,
 e.g. from decays. Use cut_decays=F in run_card.
 *****************************************************
 *               MadGraph/MadEvent                   *
 *        --------------------------------           *
 *          http://madgraph.hep.uiuc.edu             *
 *          http://madgraph.phys.ucl.ac.be           *
 *          http://madgraph.roma2.infn.it            *
 *        --------------------------------           *
 *                                                   *
 *          PARAMETER AND COUPLING VALUES            *
 *                                                   *
 *****************************************************

  External Params
  ---------------------------------
  
 aEWM1 =    127.90000000000001     
 mdl_Gf =    1.1663700000000000E-005
 aS =   0.11839999999999999     
 mdl_ymb =    4.7000000000000002     
 mdl_ymt =    172.00000000000000     
 mdl_ymtau =    1.7769999999999999     
 mdl_xi =   0.10000000000000001     
 mdl_grhopWZ =   -5.1000000000000004E-003
 mdl_grhopWh =    140.00000000000000     
 mdl_grhopud =  -0.22000000000000000     
 mdl_grhoptb =   0.10000000000000001     
 mdl_grhopT23LbL =   0.10000000000000001     
 mdl_grhopX23LbL =   0.10000000000000001     
 mdl_grhopX53LX23L =   0.10000000000000001     
 mdl_grhopX53RX23R =   0.10000000000000001     
 mdl_grhopX53LtL =   0.10000000000000001     
 mdl_grhopX53RtR =   0.10000000000000001     
 mdl_grhopX53LT23L =   0.10000000000000001     
 mdl_grhopX53RT23R =   0.10000000000000001     
 mdl_grhopT23LB13L =   0.10000000000000001     
 mdl_grhopT23RB13R =   0.10000000000000001     
 mdl_grhoptLB13L =   0.10000000000000001     
 mdl_grhoptRB13R =   0.10000000000000001     
 mdl_grhopX23LB13L =   0.10000000000000001     
 mdl_grhopX23RB13R =   0.10000000000000001     
 mdl_grho0WW =    4.4000000000000003E-003
 mdl_grho0Zh =   -160.00000000000000     
 mdl_grho0ffL =   0.22000000000000000     
 mdl_grho0ffY =    1.2999999999999999E-003
 mdl_grho0ttL =   0.22000000000000000     
 mdl_grho0bbL =  -0.23000000000000001     
 mdl_grho0ttR =   0.10000000000000001     
 mdl_grho0bbR =   0.10000000000000001     
 mdl_grho0X53LX53L =   0.10000000000000001     
 mdl_grho0X53RX53R =   0.10000000000000001     
 mdl_grho0X23LX23L =   0.10000000000000001     
 mdl_grho0X23RX23R =   0.10000000000000001     
 mdl_grho0X23LtL =   0.10000000000000001     
 mdl_grho0X23RtR =   0.10000000000000001     
 mdl_grho0X23LT23L =   0.10000000000000001     
 mdl_grho0X23RT23R =   0.10000000000000001     
 mdl_grho0T23LT23L =   0.10000000000000001     
 mdl_grho0T23RT23R =   0.10000000000000001     
 mdl_grho0T23LtL =   0.10000000000000001     
 mdl_grho0T23RtR =   0.10000000000000001     
 mdl_grho0B13LB13L =   0.10000000000000001     
 mdl_grho0B13RB13R =   0.10000000000000001     
 mdl_grhoprhomZ =   0.55000000000000004     
 mdl_grhopWmrho0 =  -0.63000000000000000     
 mdl_grhoprhomrho0 =   0.10000000000000001     
 mdl_ghWW =    100.00000000000000     
 mdl_ghZZ =    100.00000000000000     
 mdl_ghhWW =   0.10000000000000001     
 mdl_ghhZZ =   0.10000000000000001     
 mdl_gWT23LbL =   0.10000000000000001     
 mdl_gWX23LbL =   0.10000000000000001     
 mdl_gWtLB13L =   0.10000000000000001     
 mdl_gWtRB13R =   0.10000000000000001     
 mdl_gWX53LtL =   0.10000000000000001     
 mdl_gWX53RtR =   0.10000000000000001     
 mdl_gZT23LtL =   0.10000000000000001     
 mdl_gZT23RtR =   0.10000000000000001     
 mdl_gZX23LtL =   0.10000000000000001     
 mdl_gZX23RtR =   0.10000000000000001     
 mdl_ghT23LtR =   0.10000000000000001     
 mdl_ghtLT23R =   0.10000000000000001     
 mdl_ghX23LtR =   0.10000000000000001     
 mdl_ghtLX23R =   0.10000000000000001     
 mdl_MZ =    91.187600000000003     
 mdl_MTA =    1.7769999999999999     
 mdl_MT =    172.00000000000000     
 mdl_MB =    4.7000000000000002     
 mdl_MH =    125.00000000000000     
 mdl_mrhop =    1500.0000000000000     
 mdl_mrho0 =    1800.0000000000000     
 mdl_MT23 =    1200.0000000000000     
 mdl_MB13 =    600.00000000000000     
 mdl_MX53 =    600.00000000000000     
 mdl_MX23 =    600.00000000000000     
 mdl_WZ =    2.4952000000000001     
 mdl_WW =    2.0850000000000000     
 mdl_WT =    1.5083359999999999     
 mdl_WH =    5.7530880000000000E-003
 mdl_wrhop =    15.000000000000000     
 mdl_wrho0 =    1.0000000000000000E-003
 mdl_WT23 =    1.0000000000000000E-003
 mdl_WB13 =    1.0000000000000000E-003
 mdl_WX53 =    1.0000000000000000E-003
 mdl_WX23 =    1.0000000000000000E-003
  Internal Params
  ---------------------------------
  
 mdl_MZ__exp__2 =    8315.1783937600012     
 mdl_MZ__exp__4 =    69142191.720053151     
 mdl_sqrt__2 =    1.4142135623730951     
 mdl_MH__exp__2 =    15625.000000000000     
 mdl_complexi =  (  0.0000000000000000     ,  1.0000000000000000     )
 mdl_aEW =    7.8186082877247844E-003
 mdl_MW =    79.824359746197842     
 mdl_sqrt__aEW =    8.8422894590285753E-002
 mdl_ee =   0.31345100004952897     
 mdl_MW__exp__2 =    6371.9284088904105     
 mdl_sw2 =   0.23369913342182447     
 mdl_cw =   0.87538612427783857     
 mdl_sqrt__sw2 =   0.48342438232036300     
 mdl_sw =   0.48342438232036300     
 mdl_g1 =   0.35807170271074895     
 mdl_gw =   0.64839716719502682     
 mdl_vev =    246.22056907348590     
 mdl_vev__exp__2 =    60624.568634871241     
 mdl_lam =   0.12886689630821144     
 mdl_yb =    2.6995322804122722E-002
 mdl_yt =   0.98791394091683138     
 mdl_ytau =    1.0206529494239589E-002
 mdl_muH =    88.388347648318444     
 mdl_ee__exp__2 =    9.8251529432049817E-002
 mdl_sw__exp__2 =   0.23369913342182450     
 mdl_cw__exp__2 =   0.76630086657817542     
  Internal Params evaluated point by point
  ----------------------------------------
  
 mdl_sqrt__aS =   0.34409301068170506     
 mdl_G__exp__2 =    1.4878582807401259     
  Couplings of onerho
  ---------------------------------
  
         GC_7 =   0.00000E+00   0.12198E+01
        GC_44 =   0.00000E+00   0.70711E-01
        GC_49 =  -0.00000E+00  -0.15556E+00
        GC_64 =   0.00000E+00   0.70711E-01

 Collider parameters:
 --------------------

 Running at P P   machine @    13000.000000000000       GeV
 PDF set = lhapdf 
 alpha_s(Mz)= 0.1247 running at 1 loops.
 alpha_s(Mz)= 0.1247 running at 1 loops.
 Renormalization scale set on event-by-event basis
 Factorization   scale set on event-by-event basis


 getting user params
Enter number of events and max and min iterations: 
 Number of events and iterations         2000           8           3
Enter desired fractional accuracy: 
 Desired fractional accuracy:    1.0000000000000000E-002
Enter 0 for fixed, 2 for adjustable grid: 
Suppress amplitude (0 no, 1 yes)? 
 Using suppressed amplitude.
Exact helicity sum (0 yes, n = number/event)? 
 Explicitly summing over helicities
Enter Configuration Number: 
Running Configuration Number:    1
 Not subdividing B.W.
 Attempting mappinvarients           1           5
 Completed mapping           5
 about to integrate            7        2000           8           3           7           1
 Using non-zero grid deformation.
  7 dimensions   2000 events  7 invarients  8 iterations  1 config(s),  (0.99)
 Using h-tuple random number sequence.
 fail to read data
 Error opening grid
 Using Uniform Grid!          24
 Using uniform alpha   1.0000000000000000     
 Grid defined OK
 Set CM energy to      13000.00
 Mapping Graph           1  to config           1
 Setting BW          -1           1   1200.0000000000000     
 Setting PDF BW           6           2   1500.0000000000000     
 Transforming s_hat BW    1.3313609467455623E-002   1.3313609467455623E-004
 Masses: 0.000E+00 0.000E+00 0.470E+01 0.798E+02 0.470E+01
   1   1   2   3   4   5   6   7
Using random seed offsets     1 :      5
  with seed                   24
 Ranmar initialization seeds       31059        9402
 
 ********************************************
 * You are using the DiscreteSampler module *
 *      part of the MG5_aMC framework       *
 *         Author: Valentin Hirschi         *
 ********************************************
 
  Particle       3       4       5
      Et >    10.0     0.0    10.0
       E >     0.0     0.0     0.0
     Eta <     5.0    -1.0     5.0
   xqcut:      0.0     0.0     0.0
d R # 3  >    -0.0     0.0     0.0
d R # 4  >    -0.0    -0.0     0.0
s min # 3>     0.0     0.0     0.0
s min # 4>     0.0     0.0     0.0
xqcutij # 3>     0.0     0.0     0.0
xqcutij # 4>     0.0     0.0     0.0
 No cut BW           -1           1
 No cut BW           -2           2
 alpha_s for scale    1500.7554152834061       is    8.5222962533118937E-002
 Added good helicity           37   11.932678264725924       in event            1
 Added good helicity           38   2.5468765938127618E-006  in event            1
 Added good helicity           39   35.967052411341477       in event            1
 Added good helicity           40   5.5603676918165584E-006  in event            1
 Added good helicity           41   8.7457159002122895E-003  in event            1
 Added good helicity           42   4.7068722492109995E-006  in event            1
 Added good helicity           43   2.2792805192632427E-002  in event            1
 Added good helicity           45   6.8701258910858265E-002  in event            1
 Added good helicity           47   1.6705335915484451E-005  in event            1
 Added good helicity           37   11.932678264725920       in event            1
 Added good helicity           38   2.5468765938127559E-006  in event            1
 Added good helicity           39   35.967052411341477       in event            1
 Added good helicity           40   5.5603676918165456E-006  in event            1
 Added good helicity           41   8.7457159002122670E-003  in event            1
 Added good helicity           42   4.7068722492109995E-006  in event            1
 Added good helicity           43   2.2792805192632395E-002  in event            1
 Added good helicity           45   6.8701258910858196E-002  in event            1
 Added good helicity           47   1.6705335915484383E-005  in event            1
 RESET CUMULATIVE VARIABLE
 RESET CUMULATIVE VARIABLE
 RESET CUMULATIVE VARIABLE
 Iteration  1   Mean: 0.2302E+02 Abs mean: 0.2302E+02   Fluctuation:  0.877E+00   0.255E+03    99.8%
  1    0.2302E+02 0.2302E+02 +- 0.8771E+00      1.70
 Writing out events   1.4418418239747831E-003   1.7036855109447497     
 Relative summed weights:
  0.4691E+00  0.5309E+00
 Relative number of events:
  0.4833E+00  0.5167E+00
 Events:
         971        1038
 Iteration  2   Mean: 0.2267E+02 Abs mean: 0.2267E+02   Fluctuation:  0.317E+00   0.121E+03    99.8%
  2    0.2267E+02 0.2267E+02 +- 0.3166E+00      0.88
 Relative summed weights:
  0.4964E+00  0.5036E+00
 Relative number of events:
  0.4878E+00  0.5122E+00
 Events:
        1951        2049
 Iteration  3   Mean: 0.2292E+02 Abs mean: 0.2292E+02   Fluctuation:  0.146E+00   0.707E+02    99.8%
  3    0.2292E+02 0.2292E+02 +- 0.1458E+00      0.57
 Relative summed weights:
  0.4996E+00  0.5004E+00
 Relative number of events:
  0.4999E+00  0.5001E+00
 Events:
        3999        4001
 Accuracy:    0.003   0.010   0.006   0.265
 Finished due to accuracy    2.9451028405602037E-003   1.0000000000000000E-002

 -------------------------------------------------------------------------------
 Accumulated results:   Integral =  0.2288E+02
                        Std dev  =  0.1309E+00
                       Cross sec =  0.2288E+02
             Chi**2 per DoF.     =      0.2648
 -------------------------------------------------------------------------------
 Found          819  events.
 Wrote          814  events.
 Actual xsec    22.878352643416168     
 Correct abs xsec    22.878352643416168     
 Event xsec    22.878352643415809     
 Events wgts > 1:            0
 % Cross section > 1:    0.0000000000000000        0.0000000000000000     
-------------------------------------------------
---------------------------
 Results Last   3 iters: Integral =   0.2288E+02
                     Abs integral =   0.2288E+02
                          Std dev =   0.1309E+00
                  Chi**2 per DoF. =      0.2685
-------------------------------------------------
---------------------------
 Status   1.0000000000000000E-002           4           8

ls status:
events.lhe
ftn25
ftn26
input_app.txt
results.dat
run1_app.log
