==== LHAPDF6 USING DEFAULT-TYPE LHAGLUE INTERFACE ====
LHAPDF 6.1.5 loading /cvmfs/cms.cern.ch/slc6_amd64_gcc481/external/lhapdf/6.1.5-ddibom2/share/LHAPDF/NNPDF30_lo_as_0130_nf_4/NNPDF30_lo_as_0130_nf_4_0000.dat
NNPDF30_lo_as_0130_nf_4 PDF set, member #0, version 2; LHAPDF ID = 263400
 Process in group number            3
 A PDF is used, so alpha_s(MZ) is going to be modified
 Old value of alpha_s from param_card:   0.11839999999999999     
 New value of alpha_s from PDF lhapdf :  0.12470044313224841     
 using LHAPDF
 Warning! ptj set to xqcut=   20.000000000000000       to improve integration efficiency
 Note that this might affect non-radiated jets,
 e.g. from decays. Use cut_decays=F in run_card.
 Warning! mmjj set to xqcut=   20.000000000000000       to improve integration efficiency
 Note that this might affect non-radiated jets,
 e.g. from decays. Use cut_decays=F in run_card.
 *****************************************************
 *               MadGraph/MadEvent                   *
 *        --------------------------------           *
 *          http://madgraph.hep.uiuc.edu             *
 *          http://madgraph.phys.ucl.ac.be           *
 *          http://madgraph.roma2.infn.it            *
 *        --------------------------------           *
 *                                                   *
 *          PARAMETER AND COUPLING VALUES            *
 *                                                   *
 *****************************************************

  External Params
  ---------------------------------
  
 aEWM1 =    127.90000000000001     
 mdl_Gf =    1.1663700000000000E-005
 aS =   0.11839999999999999     
 mdl_ymb =    4.7000000000000002     
 mdl_ymt =    172.00000000000000     
 mdl_ymtau =    1.7769999999999999     
 mdl_xi =   0.10000000000000001     
 mdl_grhopWZ =   -5.1000000000000004E-003
 mdl_grhopWh =    140.00000000000000     
 mdl_grhopud =  -0.22000000000000000     
 mdl_grhoptb =   0.10000000000000001     
 mdl_grhopT23LbL =   0.10000000000000001     
 mdl_grhopX23LbL =   0.10000000000000001     
 mdl_grhopX53LX23L =   0.10000000000000001     
 mdl_grhopX53RX23R =   0.10000000000000001     
 mdl_grhopX53LtL =   0.10000000000000001     
 mdl_grhopX53RtR =   0.10000000000000001     
 mdl_grhopX53LT23L =   0.10000000000000001     
 mdl_grhopX53RT23R =   0.10000000000000001     
 mdl_grhopT23LB13L =   0.10000000000000001     
 mdl_grhopT23RB13R =   0.10000000000000001     
 mdl_grhoptLB13L =   0.10000000000000001     
 mdl_grhoptRB13R =   0.10000000000000001     
 mdl_grhopX23LB13L =   0.10000000000000001     
 mdl_grhopX23RB13R =   0.10000000000000001     
 mdl_grho0WW =    4.4000000000000003E-003
 mdl_grho0Zh =   -160.00000000000000     
 mdl_grho0ffL =   0.22000000000000000     
 mdl_grho0ffY =    1.2999999999999999E-003
 mdl_grho0ttL =   0.22000000000000000     
 mdl_grho0bbL =  -0.23000000000000001     
 mdl_grho0ttR =   0.10000000000000001     
 mdl_grho0bbR =   0.10000000000000001     
 mdl_grho0X53LX53L =   0.10000000000000001     
 mdl_grho0X53RX53R =   0.10000000000000001     
 mdl_grho0X23LX23L =   0.10000000000000001     
 mdl_grho0X23RX23R =   0.10000000000000001     
 mdl_grho0X23LtL =   0.10000000000000001     
 mdl_grho0X23RtR =   0.10000000000000001     
 mdl_grho0X23LT23L =   0.10000000000000001     
 mdl_grho0X23RT23R =   0.10000000000000001     
 mdl_grho0T23LT23L =   0.10000000000000001     
 mdl_grho0T23RT23R =   0.10000000000000001     
 mdl_grho0T23LtL =   0.10000000000000001     
 mdl_grho0T23RtR =   0.10000000000000001     
 mdl_grho0B13LB13L =   0.10000000000000001     
 mdl_grho0B13RB13R =   0.10000000000000001     
 mdl_grhoprhomZ =   0.55000000000000004     
 mdl_grhopWmrho0 =  -0.63000000000000000     
 mdl_grhoprhomrho0 =   0.10000000000000001     
 mdl_ghWW =    100.00000000000000     
 mdl_ghZZ =    100.00000000000000     
 mdl_ghhWW =   0.10000000000000001     
 mdl_ghhZZ =   0.10000000000000001     
 mdl_gWT23LbL =   0.10000000000000001     
 mdl_gWX23LbL =   0.10000000000000001     
 mdl_gWtLB13L =   0.10000000000000001     
 mdl_gWtRB13R =   0.10000000000000001     
 mdl_gWX53LtL =   0.10000000000000001     
 mdl_gWX53RtR =   0.10000000000000001     
 mdl_gZT23LtL =   0.10000000000000001     
 mdl_gZT23RtR =   0.10000000000000001     
 mdl_gZX23LtL =   0.10000000000000001     
 mdl_gZX23RtR =   0.10000000000000001     
 mdl_ghT23LtR =   0.10000000000000001     
 mdl_ghtLT23R =   0.10000000000000001     
 mdl_ghX23LtR =   0.10000000000000001     
 mdl_ghtLX23R =   0.10000000000000001     
 mdl_MZ =    91.187600000000003     
 mdl_MTA =    1.7769999999999999     
 mdl_MT =    172.00000000000000     
 mdl_MB =    4.7000000000000002     
 mdl_MH =    125.00000000000000     
 mdl_mrhop =    1500.0000000000000     
 mdl_mrho0 =    1800.0000000000000     
 mdl_MT23 =    1200.0000000000000     
 mdl_MB13 =    600.00000000000000     
 mdl_MX53 =    600.00000000000000     
 mdl_MX23 =    600.00000000000000     
 mdl_WZ =    2.4952000000000001     
 mdl_WW =    2.0850000000000000     
 mdl_WT =    1.5083359999999999     
 mdl_WH =    5.7530880000000000E-003
 mdl_wrhop =    15.000000000000000     
 mdl_wrho0 =    1.0000000000000000E-003
 mdl_WT23 =    1.0000000000000000E-003
 mdl_WB13 =    1.0000000000000000E-003
 mdl_WX53 =    1.0000000000000000E-003
 mdl_WX23 =    1.0000000000000000E-003
  Internal Params
  ---------------------------------
  
 mdl_MZ__exp__2 =    8315.1783937600012     
 mdl_MZ__exp__4 =    69142191.720053151     
 mdl_sqrt__2 =    1.4142135623730951     
 mdl_MH__exp__2 =    15625.000000000000     
 mdl_complexi =  (  0.0000000000000000     ,  1.0000000000000000     )
 mdl_aEW =    7.8186082877247844E-003
 mdl_MW =    79.824359746197842     
 mdl_sqrt__aEW =    8.8422894590285753E-002
 mdl_ee =   0.31345100004952897     
 mdl_MW__exp__2 =    6371.9284088904105     
 mdl_sw2 =   0.23369913342182447     
 mdl_cw =   0.87538612427783857     
 mdl_sqrt__sw2 =   0.48342438232036300     
 mdl_sw =   0.48342438232036300     
 mdl_g1 =   0.35807170271074895     
 mdl_gw =   0.64839716719502682     
 mdl_vev =    246.22056907348590     
 mdl_vev__exp__2 =    60624.568634871241     
 mdl_lam =   0.12886689630821144     
 mdl_yb =    2.6995322804122722E-002
 mdl_yt =   0.98791394091683138     
 mdl_ytau =    1.0206529494239589E-002
 mdl_muH =    88.388347648318444     
 mdl_ee__exp__2 =    9.8251529432049817E-002
 mdl_sw__exp__2 =   0.23369913342182450     
 mdl_cw__exp__2 =   0.76630086657817542     
  Internal Params evaluated point by point
  ----------------------------------------
  
 mdl_sqrt__aS =   0.34409301068170506     
 mdl_G__exp__2 =    1.4878582807401259     
  Couplings of onerho
  ---------------------------------
  
         GC_7 =   0.00000E+00   0.12198E+01
        GC_44 =   0.00000E+00   0.70711E-01
        GC_49 =  -0.00000E+00  -0.15556E+00
        GC_64 =   0.00000E+00   0.70711E-01

 Collider parameters:
 --------------------

 Running at P P   machine @    13000.000000000000       GeV
 PDF set = lhapdf 
 alpha_s(Mz)= 0.1247 running at 1 loops.
 alpha_s(Mz)= 0.1247 running at 1 loops.
 Renormalization scale set on event-by-event basis
 Factorization   scale set on event-by-event basis


 getting user params
Enter number of events and max and min iterations: 
 Number of events and iterations         2000           8           3
Enter desired fractional accuracy: 
 Desired fractional accuracy:    1.0000000000000000E-002
Enter 0 for fixed, 2 for adjustable grid: 
Suppress amplitude (0 no, 1 yes)? 
 Using suppressed amplitude.
Exact helicity sum (0 yes, n = number/event)? 
 Explicitly summing over helicities
Enter Configuration Number: 
Running Configuration Number:    3
 Not subdividing B.W.
 Attempting mappinvarients           1           6
 Completed mapping           6
 about to integrate           10        2000           8           3          10           1
 Using non-zero grid deformation.
 10 dimensions   2000 events 10 invarients  8 iterations  1 config(s),  (0.99)
 Using h-tuple random number sequence.
 fail to read data
 Error opening grid
 Using Uniform Grid!          24
 Using uniform alpha   1.0000000000000000     
 Grid defined OK
 Set CM energy to      13000.00
 Mapping Graph           3  to config           3
 Setting BW          -1           1   1200.0000000000000     
 Setting BW          -2           2   1500.0000000000000     
Setting grid   3    0.23669E-05   1
 Transforming s_hat 1/s            9   3.8189296295808077E-002
 Masses: 0.000E+00 0.000E+00 0.470E+01 0.798E+02 0.470E+01 0.000E+00
   3   1   2   3   4   5   6   7   8   9  10
Using random seed offsets     3 :      1
  with seed                   24
 Ranmar initialization seeds       31061        9398
 
 ********************************************
 * You are using the DiscreteSampler module *
 *      part of the MG5_aMC framework       *
 *         Author: Valentin Hirschi         *
 ********************************************
 
  Particle       3       4       5       6
      Et >    10.0     0.0    10.0    20.0
       E >     0.0     0.0     0.0     0.0
     Eta <     5.0    -1.0     5.0     5.0
   xqcut:      0.0     0.0     0.0    20.0
d R # 3  >    -0.0     0.0     0.0     0.0
d R # 4  >    -0.0    -0.0     0.0     0.0
d R # 5  >    -0.0    -0.0    -0.0     0.0
s min # 3>     0.0     0.0     0.0     0.0
s min # 4>     0.0     0.0     0.0     0.0
s min # 5>     0.0     0.0     0.0     0.0
xqcutij # 3>     0.0     0.0     0.0     0.0
xqcutij # 4>     0.0     0.0     0.0     0.0
xqcutij # 5>     0.0     0.0     0.0     0.0
 No cut BW           -1           1
 No cut BW           -2           2
 alpha_s for scale    1468.4351420535304       is    8.5433110612887955E-002
 Added good helicity           73  0.11323554478002262       in event            1
 Added good helicity           74   2.6674488556363068E-003  in event            1
 Added good helicity           77   93.260563778880922       in event            1
 Added good helicity           78   1.9873255727851458       in event            1
 Added good helicity           79   5.7229173090587212E-004  in event            1
 Added good helicity           80   1.2199618088269712E-005  in event            1
 Added good helicity           81  0.62210614770615924       in event            1
 Added good helicity           82   1.3259323979996728E-002  in event            1
 Added good helicity           83   2.6619939898864087E-006  in event            1
 Added good helicity           89   2.4864975227928036E-004  in event            1
 Added good helicity           90   3.6205813925392440E-006  in event            1
 Added good helicity           93   1.6586489857096806E-006  in event            1
 Added good helicity           73  0.11323554478002271       in event            1
 Added good helicity           74   2.6674488556363090E-003  in event            1
 Added good helicity           77   93.260563778880908       in event            1
 Added good helicity           78   1.9873255727851458       in event            1
 Added good helicity           79   5.7229173090587212E-004  in event            1
 Added good helicity           80   1.2199618088269708E-005  in event            1
 Added good helicity           81  0.62210614770615869       in event            1
 Added good helicity           82   1.3259323979996721E-002  in event            1
 Added good helicity           83   2.6619939898864083E-006  in event            1
 Added good helicity           89   2.4864975227928041E-004  in event            1
 Added good helicity           90   3.6205813925392444E-006  in event            1
 Added good helicity           93   1.6586489857096804E-006  in event            1
 Added good helicity           75   1.6411923233060240E-006  in event            2
 Added good helicity           84   1.1649769139883105E-006  in event            2
 Added good helicity           75   1.6411923233060280E-006  in event            3
 Added good helicity           84   1.1649769139883118E-006  in event            3
 Added good helicity           85   1.0239781396131851E-002  in event            4
 Added good helicity           86   1.8632972167472678E-004  in event            4
 Added good helicity           94   6.8857341405309378E-006  in event            4
 Added good helicity           85   1.0239781396131853E-002  in event            4
 Added good helicity           86   1.8632972167472678E-004  in event            4
 Added good helicity           94   6.8857341405309717E-006  in event            4
 RESET CUMULATIVE VARIABLE
 RESET CUMULATIVE VARIABLE
 RESET CUMULATIVE VARIABLE
 Iteration  1   Mean: 0.1474E+02 Abs mean: 0.1474E+02   Fluctuation:  0.113E+02   0.225E+05    83.3%
  1    0.1474E+02 0.1474E+02 +- 0.1127E+02     34.21
 Writing out events   1.1053267194845329E-003   34.208865314342340     
 Relative summed weights:
  0.1100E+00  0.8900E+00
 Relative number of events:
  0.4878E+00  0.5122E+00
 Events:
         980        1029
 Iteration  2   Mean: 0.7411E+01 Abs mean: 0.7411E+01   Fluctuation:  0.140E+01   0.333E+04    85.6%
  2    0.7411E+01 0.7411E+01 +- 0.1402E+01     11.97
 Relative summed weights:
  0.7079E+00  0.2921E+00
 Relative number of events:
  0.5045E+00  0.4955E+00
 Events:
        2018        1982
 Iteration  3   Mean: 0.1221E+02 Abs mean: 0.1221E+02   Fluctuation:  0.104E+01   0.360E+04    86.8%
  3    0.1221E+02 0.1221E+02 +- 0.1042E+01      7.63
 Relative summed weights:
  0.4685E+00  0.5315E+00
 Relative number of events:
  0.4934E+00  0.5066E+00
 Events:
        3947        4053
 Accuracy:    0.113   0.010   0.077   2.118
 Found          711  events.
 Wrote           27  events.
 Actual xsec    11.434717935980871     
 Correct abs xsec    11.434717935980871     
 Event xsec    11.434717935980876     
 Events wgts > 1:            2
 % Cross section > 1:    2.9850816850727824E-002  0.26105424740559813     
 Iteration  4   Mean: 0.1216E+02 Abs mean: 0.1216E+02   Fluctuation:  0.263E+00   0.984E+03    81.8%
  4    0.1216E+02 0.1216E+02 +- 0.2635E+00      2.74
 Relative summed weights:
  0.5199E+00  0.4801E+00
 Relative number of events:
  0.5021E+00  0.4979E+00
 Events:
        8034        7966
 Accuracy:    0.025   0.010   0.021   1.444
 Found         1662  events.
 Wrote          406  events.
 Actual xsec    12.105131124146508     
 Correct abs xsec    12.105131124146508     
 Event xsec    12.105131124146654     
 Events wgts > 1:           10
 % Cross section > 1:   0.10911185187864957       0.90136860773857475     
 Iteration  5   Mean: 0.1167E+02 Abs mean: 0.1167E+02   Fluctuation:  0.104E+00   0.634E+03    77.6%
  5    0.1167E+02 0.1167E+02 +- 0.1043E+00      1.60
 Relative summed weights:
  0.4998E+00  0.5002E+00
 Relative number of events:
  0.5016E+00  0.4984E+00
 Events:
       16051       15949
 Accuracy:    0.011   0.010   0.008   1.815
 Found         3858  events.
 Wrote         2841  events.
 Actual xsec    11.748092953232485     
 Correct abs xsec    11.748092953232485     
 Event xsec    11.748092953232078     
 Events wgts > 1:           62
 % Cross section > 1:   0.11751259769130962        1.0002695599968003     
 Iteration  6   Mean: 0.1194E+02 Abs mean: 0.1194E+02   Fluctuation:  0.576E-01   0.458E+03    74.5%
  6    0.1194E+02 0.1194E+02 +- 0.5765E-01      1.22
 Relative summed weights:
  0.5020E+00  0.4980E+00
 Relative number of events:
  0.5020E+00  0.4980E+00
 Events:
       32131       31869
 Accuracy:    0.006   0.010   0.004   2.011
 Finished due to accuracy    5.9036553137430808E-003   1.0000000000000000E-002

 -------------------------------------------------------------------------------
 Accumulated results:   Integral =  0.1189E+02
                        Std dev  =  0.4948E-01
                       Cross sec =  0.1189E+02
             Chi**2 per DoF.     =      2.0106
 -------------------------------------------------------------------------------
 Found         8686  events.
 Wrote         8681  events.
 Actual xsec    11.886513894469077     
 Correct abs xsec    11.886513894469077     
 Event xsec    11.886513894469799     
 Events wgts > 1:          107
 % Cross section > 1:    7.5190859311701067E-002  0.63257284666687363     
-------------------------------------------------
---------------------------
 Results Last   3 iters: Integral =   0.1189E+02
                     Abs integral =   0.1189E+02
                          Std dev =   0.4956E-01
                  Chi**2 per DoF. =      2.9919
-------------------------------------------------
---------------------------
 Status   1.0000000000000000E-002           7           8

ls status:
events.lhe
ftn25
ftn26
input_app.txt
results.dat
run1_app.log
