==== LHAPDF6 USING DEFAULT-TYPE LHAGLUE INTERFACE ====
LHAPDF 6.1.5 loading /cvmfs/cms.cern.ch/slc6_amd64_gcc481/external/lhapdf/6.1.5-ddibom2/share/LHAPDF/NNPDF30_lo_as_0130_nf_4/NNPDF30_lo_as_0130_nf_4_0000.dat
NNPDF30_lo_as_0130_nf_4 PDF set, member #0, version 2; LHAPDF ID = 263400
 Process in group number            3
 A PDF is used, so alpha_s(MZ) is going to be modified
 Old value of alpha_s from param_card:   0.11839999999999999     
 New value of alpha_s from PDF lhapdf :  0.12470044313224841     
 using LHAPDF
 Warning! ptj set to xqcut=   20.000000000000000       to improve integration efficiency
 Note that this might affect non-radiated jets,
 e.g. from decays. Use cut_decays=F in run_card.
 Warning! mmjj set to xqcut=   20.000000000000000       to improve integration efficiency
 Note that this might affect non-radiated jets,
 e.g. from decays. Use cut_decays=F in run_card.
 *****************************************************
 *               MadGraph/MadEvent                   *
 *        --------------------------------           *
 *          http://madgraph.hep.uiuc.edu             *
 *          http://madgraph.phys.ucl.ac.be           *
 *          http://madgraph.roma2.infn.it            *
 *        --------------------------------           *
 *                                                   *
 *          PARAMETER AND COUPLING VALUES            *
 *                                                   *
 *****************************************************

  External Params
  ---------------------------------
  
 aEWM1 =    127.90000000000001     
 mdl_Gf =    1.1663700000000000E-005
 aS =   0.11839999999999999     
 mdl_ymb =    4.7000000000000002     
 mdl_ymt =    172.00000000000000     
 mdl_ymtau =    1.7769999999999999     
 mdl_xi =   0.10000000000000001     
 mdl_grhopWZ =   -5.1000000000000004E-003
 mdl_grhopWh =    140.00000000000000     
 mdl_grhopud =  -0.22000000000000000     
 mdl_grhoptb =   0.10000000000000001     
 mdl_grhopT23LbL =   0.10000000000000001     
 mdl_grhopX23LbL =   0.10000000000000001     
 mdl_grhopX53LX23L =   0.10000000000000001     
 mdl_grhopX53RX23R =   0.10000000000000001     
 mdl_grhopX53LtL =   0.10000000000000001     
 mdl_grhopX53RtR =   0.10000000000000001     
 mdl_grhopX53LT23L =   0.10000000000000001     
 mdl_grhopX53RT23R =   0.10000000000000001     
 mdl_grhopT23LB13L =   0.10000000000000001     
 mdl_grhopT23RB13R =   0.10000000000000001     
 mdl_grhoptLB13L =   0.10000000000000001     
 mdl_grhoptRB13R =   0.10000000000000001     
 mdl_grhopX23LB13L =   0.10000000000000001     
 mdl_grhopX23RB13R =   0.10000000000000001     
 mdl_grho0WW =    4.4000000000000003E-003
 mdl_grho0Zh =   -160.00000000000000     
 mdl_grho0ffL =   0.22000000000000000     
 mdl_grho0ffY =    1.2999999999999999E-003
 mdl_grho0ttL =   0.22000000000000000     
 mdl_grho0bbL =  -0.23000000000000001     
 mdl_grho0ttR =   0.10000000000000001     
 mdl_grho0bbR =   0.10000000000000001     
 mdl_grho0X53LX53L =   0.10000000000000001     
 mdl_grho0X53RX53R =   0.10000000000000001     
 mdl_grho0X23LX23L =   0.10000000000000001     
 mdl_grho0X23RX23R =   0.10000000000000001     
 mdl_grho0X23LtL =   0.10000000000000001     
 mdl_grho0X23RtR =   0.10000000000000001     
 mdl_grho0X23LT23L =   0.10000000000000001     
 mdl_grho0X23RT23R =   0.10000000000000001     
 mdl_grho0T23LT23L =   0.10000000000000001     
 mdl_grho0T23RT23R =   0.10000000000000001     
 mdl_grho0T23LtL =   0.10000000000000001     
 mdl_grho0T23RtR =   0.10000000000000001     
 mdl_grho0B13LB13L =   0.10000000000000001     
 mdl_grho0B13RB13R =   0.10000000000000001     
 mdl_grhoprhomZ =   0.55000000000000004     
 mdl_grhopWmrho0 =  -0.63000000000000000     
 mdl_grhoprhomrho0 =   0.10000000000000001     
 mdl_ghWW =    100.00000000000000     
 mdl_ghZZ =    100.00000000000000     
 mdl_ghhWW =   0.10000000000000001     
 mdl_ghhZZ =   0.10000000000000001     
 mdl_gWT23LbL =   0.10000000000000001     
 mdl_gWX23LbL =   0.10000000000000001     
 mdl_gWtLB13L =   0.10000000000000001     
 mdl_gWtRB13R =   0.10000000000000001     
 mdl_gWX53LtL =   0.10000000000000001     
 mdl_gWX53RtR =   0.10000000000000001     
 mdl_gZT23LtL =   0.10000000000000001     
 mdl_gZT23RtR =   0.10000000000000001     
 mdl_gZX23LtL =   0.10000000000000001     
 mdl_gZX23RtR =   0.10000000000000001     
 mdl_ghT23LtR =   0.10000000000000001     
 mdl_ghtLT23R =   0.10000000000000001     
 mdl_ghX23LtR =   0.10000000000000001     
 mdl_ghtLX23R =   0.10000000000000001     
 mdl_MZ =    91.187600000000003     
 mdl_MTA =    1.7769999999999999     
 mdl_MT =    172.00000000000000     
 mdl_MB =    4.7000000000000002     
 mdl_MH =    125.00000000000000     
 mdl_mrhop =    1500.0000000000000     
 mdl_mrho0 =    1800.0000000000000     
 mdl_MT23 =    700.00000000000000     
 mdl_MB13 =    600.00000000000000     
 mdl_MX53 =    600.00000000000000     
 mdl_MX23 =    600.00000000000000     
 mdl_WZ =    2.4952000000000001     
 mdl_WW =    2.0850000000000000     
 mdl_WT =    1.5083359999999999     
 mdl_WH =    5.7530880000000000E-003
 mdl_wrhop =    15.000000000000000     
 mdl_wrho0 =    1.0000000000000000E-003
 mdl_WT23 =    1.0000000000000000E-003
 mdl_WB13 =    1.0000000000000000E-003
 mdl_WX53 =    1.0000000000000000E-003
 mdl_WX23 =    1.0000000000000000E-003
  Internal Params
  ---------------------------------
  
 mdl_MZ__exp__2 =    8315.1783937600012     
 mdl_MZ__exp__4 =    69142191.720053151     
 mdl_sqrt__2 =    1.4142135623730951     
 mdl_MH__exp__2 =    15625.000000000000     
 mdl_complexi =  (  0.0000000000000000     ,  1.0000000000000000     )
 mdl_aEW =    7.8186082877247844E-003
 mdl_MW =    79.824359746197842     
 mdl_sqrt__aEW =    8.8422894590285753E-002
 mdl_ee =   0.31345100004952897     
 mdl_MW__exp__2 =    6371.9284088904105     
 mdl_sw2 =   0.23369913342182447     
 mdl_cw =   0.87538612427783857     
 mdl_sqrt__sw2 =   0.48342438232036300     
 mdl_sw =   0.48342438232036300     
 mdl_g1 =   0.35807170271074895     
 mdl_gw =   0.64839716719502682     
 mdl_vev =    246.22056907348590     
 mdl_vev__exp__2 =    60624.568634871241     
 mdl_lam =   0.12886689630821144     
 mdl_yb =    2.6995322804122722E-002
 mdl_yt =   0.98791394091683138     
 mdl_ytau =    1.0206529494239589E-002
 mdl_muH =    88.388347648318444     
 mdl_ee__exp__2 =    9.8251529432049817E-002
 mdl_sw__exp__2 =   0.23369913342182450     
 mdl_cw__exp__2 =   0.76630086657817542     
  Internal Params evaluated point by point
  ----------------------------------------
  
 mdl_sqrt__aS =   0.34409301068170506     
 mdl_G__exp__2 =    1.4878582807401259     
  Couplings of onerho
  ---------------------------------
  
         GC_7 =   0.00000E+00   0.12198E+01
        GC_44 =   0.00000E+00   0.70711E-01
        GC_49 =  -0.00000E+00  -0.15556E+00
        GC_64 =   0.00000E+00   0.70711E-01

 Collider parameters:
 --------------------

 Running at P P   machine @    13000.000000000000       GeV
 PDF set = lhapdf 
 alpha_s(Mz)= 0.1247 running at 1 loops.
 alpha_s(Mz)= 0.1247 running at 1 loops.
 Renormalization scale set on event-by-event basis
 Factorization   scale set on event-by-event basis


 getting user params
Enter number of events and max and min iterations: 
 Number of events and iterations         2000           8           3
Enter desired fractional accuracy: 
 Desired fractional accuracy:    1.0000000000000000E-002
Enter 0 for fixed, 2 for adjustable grid: 
Suppress amplitude (0 no, 1 yes)? 
 Using suppressed amplitude.
Exact helicity sum (0 yes, n = number/event)? 
 Explicitly summing over helicities
Enter Configuration Number: 
Running Configuration Number:    2
 Not subdividing B.W.
 Attempting mappinvarients           1           6
 Completed mapping           6
 about to integrate           10        2000           8           3          10           1
 Using non-zero grid deformation.
 10 dimensions   2000 events 10 invarients  8 iterations  1 config(s),  (0.99)
 Using h-tuple random number sequence.
 fail to read data
 Error opening grid
 Using Uniform Grid!          24
 Using uniform alpha   1.0000000000000000     
 Grid defined OK
 Set CM energy to      13000.00
 Mapping Graph           2  to config           2
 Setting BW          -1           1   700.00000000000000     
 Setting BW          -2           2   1500.0000000000000     
Setting grid   3    0.23669E-05   1
 Transforming s_hat 1/s            9   2.4636215584247115E-002
 Masses: 0.000E+00 0.000E+00 0.470E+01 0.798E+02 0.470E+01 0.000E+00
   2   1   2   3   4   5   6   7   8   9  10
Using random seed offsets     2 :      3
  with seed                   24
 Ranmar initialization seeds       31060        9400
 
 ********************************************
 * You are using the DiscreteSampler module *
 *      part of the MG5_aMC framework       *
 *         Author: Valentin Hirschi         *
 ********************************************
 
  Particle       3       4       5       6
      Et >    10.0     0.0    10.0    20.0
       E >     0.0     0.0     0.0     0.0
     Eta <     5.0    -1.0     5.0     5.0
   xqcut:      0.0     0.0     0.0    20.0
d R # 3  >    -0.0     0.0     0.0     0.0
d R # 4  >    -0.0    -0.0     0.0     0.0
d R # 5  >    -0.0    -0.0    -0.0     0.0
s min # 3>     0.0     0.0     0.0     0.0
s min # 4>     0.0     0.0     0.0     0.0
s min # 5>     0.0     0.0     0.0     0.0
xqcutij # 3>     0.0     0.0     0.0     0.0
xqcutij # 4>     0.0     0.0     0.0     0.0
xqcutij # 5>     0.0     0.0     0.0     0.0
 No cut BW           -1           1
 No cut BW           -2           2
 alpha_s for scale    1529.5367780401225       is    8.5040453044331096E-002
 Added good helicity           25   23.523716129576464       in event            1
 Added good helicity           27   3.3711492463492081E-005  in event            1
 Added good helicity           29   50.935733355125045       in event            1
 Added good helicity           31   1.3451454175311746E-004  in event            1
 Added good helicity           33   21.164297674274113       in event            1
 Added good helicity           35   2.6452584624284198E-005  in event            1
 Added good helicity           37   1.2693048399399257E-003  in event            1
 Added good helicity           41   2.7484166412066716E-003  in event            1
 Added good helicity           45   1.1419941187825044E-003  in event            1
 Added good helicity           73   9.3994138487271159E-002  in event            1
 Added good helicity           77  0.19524374986519732       in event            1
 Added good helicity           81   8.1634535825688637E-002  in event            1
 Added good helicity           85   6.4004470881904633E-006  in event            1
 Added good helicity           89   1.3294949136443428E-005  in event            1
 Added good helicity           93   5.5588309604227759E-006  in event            1
 Added good helicity           25   23.523716129576460       in event            1
 Added good helicity           27   3.3711492463492094E-005  in event            1
 Added good helicity           29   50.935733355125045       in event            1
 Added good helicity           31   1.3451454175311748E-004  in event            1
 Added good helicity           33   21.164297674274113       in event            1
 Added good helicity           35   2.6452584624284201E-005  in event            1
 Added good helicity           37   1.2693048399399253E-003  in event            1
 Added good helicity           41   2.7484166412066716E-003  in event            1
 Added good helicity           45   1.1419941187825037E-003  in event            1
 Added good helicity           73   9.3994138487270715E-002  in event            1
 Added good helicity           77  0.19524374986519644       in event            1
 Added good helicity           81   8.1634535825688317E-002  in event            1
 Added good helicity           85   6.4004470881904328E-006  in event            1
 Added good helicity           89   1.3294949136443365E-005  in event            1
 Added good helicity           93   5.5588309604227521E-006  in event            1
 Added good helicity           75   1.7146829979669195E-005  in event            2
 Added good helicity           79   1.3138661305349416E-004  in event            2
 Added good helicity           83   2.8036024707870875E-005  in event            2
 Added good helicity           75   1.7146829979669195E-005  in event            2
 Added good helicity           79   1.3138661305349419E-004  in event            2
 Added good helicity           83   2.8036024707870865E-005  in event            2
 Added good helicity           91   2.0500722381387990E-006  in event            4
 Added good helicity           91   2.0500722381388003E-006  in event            5
 RESET CUMULATIVE VARIABLE
 RESET CUMULATIVE VARIABLE
 RESET CUMULATIVE VARIABLE
 Iteration  1   Mean: 0.2858E+01 Abs mean: 0.2858E+01   Fluctuation:  0.902E+00   0.118E+04    83.1%
  1    0.2858E+01 0.2858E+01 +- 0.9021E+00     14.11
 Writing out events   2.1491771537695493E-004   14.113780127553168     
 Relative summed weights:
  0.3269E+00  0.6469E+00  0.1253E-01  0.1360E-01
 Relative number of events:
  0.4440E+00  0.4146E+00  0.6969E-01  0.7168E-01
 Events:
         892         833         140         144
 Iteration  2   Mean: 0.2601E+01 Abs mean: 0.2601E+01   Fluctuation:  0.391E+00   0.131E+04    90.2%
  2    0.2601E+01 0.2601E+01 +- 0.3914E+00      9.52
 Relative summed weights:
  0.3744E+00  0.5740E+00  0.3521E-01  0.1634E-01
 Relative number of events:
  0.4547E+00  0.4545E+00  0.4875E-01  0.4200E-01
 Events:
        1819        1818         195         168
 Iteration  3   Mean: 0.2744E+01 Abs mean: 0.2744E+01   Fluctuation:  0.131E+00   0.553E+03    89.2%
  3    0.2744E+01 0.2744E+01 +- 0.1312E+00      4.28
 Relative summed weights:
  0.4128E+00  0.5083E+00  0.5477E-01  0.2406E-01
 Relative number of events:
  0.4572E+00  0.4765E+00  0.3350E-01  0.3275E-01
 Events:
        3658        3812         268         262
 Accuracy:    0.012   0.010   0.045   0.065
 Found          706  events.
 Wrote           29  events.
 Actual xsec    2.7331093373545507     
 Correct abs xsec    2.7331093373545507     
 Event xsec    2.7331093373545494     
 Events wgts > 1:            1
 % Cross section > 1:    3.6238513023700847E-009   1.3259079147845980E-007
 Iteration  4   Mean: 0.2726E+01 Abs mean: 0.2726E+01   Fluctuation:  0.475E-01   0.344E+03    87.3%
  4    0.2726E+01 0.2726E+01 +- 0.4753E-01      2.21
 Relative summed weights:
  0.4695E+00  0.4538E+00  0.4485E-01  0.3177E-01
 Relative number of events:
  0.4687E+00  0.4631E+00  0.3431E-01  0.3394E-01
 Events:
        7499        7409         549         543
 Accuracy:    0.003   0.010   0.016   0.045
 Finished due to accuracy    3.4432272792596689E-003   1.0000000000000000E-002

 -------------------------------------------------------------------------------
 Accumulated results:   Integral =  0.2727E+01
                        Std dev  =  0.4435E-01
                       Cross sec =  0.2727E+01
             Chi**2 per DoF.     =      0.0448
 -------------------------------------------------------------------------------
 Found         1702  events.
 Wrote          521  events.
 Actual xsec    2.7265857284741051     
 Correct abs xsec    2.7265857284741051     
 Event xsec    2.7265857284741259     
 Events wgts > 1:            5
 % Cross section > 1:    2.5698724205511048E-002  0.94252397557632561     
-------------------------------------------------
---------------------------
 Results Last   3 iters: Integral =   0.2727E+01
                     Abs integral =   0.2727E+01
                          Std dev =   0.4440E-01
                  Chi**2 per DoF. =      0.0601
-------------------------------------------------
---------------------------
 Status   1.0000000000000000E-002           5           8

ls status:
events.lhe
ftn25
ftn26
input_app.txt
results.dat
run1_app.log
