==== LHAPDF6 USING DEFAULT-TYPE LHAGLUE INTERFACE ====
LHAPDF 6.1.5 loading /cvmfs/cms.cern.ch/slc6_amd64_gcc481/external/lhapdf/6.1.5-ddibom2/share/LHAPDF/NNPDF30_lo_as_0130_nf_4/NNPDF30_lo_as_0130_nf_4_0000.dat
NNPDF30_lo_as_0130_nf_4 PDF set, member #0, version 2; LHAPDF ID = 263400
 Process in group number            4
 A PDF is used, so alpha_s(MZ) is going to be modified
 Old value of alpha_s from param_card:   0.11839999999999999     
 New value of alpha_s from PDF lhapdf :  0.12470044313224841     
 using LHAPDF
 Warning! ptj set to xqcut=   20.000000000000000       to improve integration efficiency
 Note that this might affect non-radiated jets,
 e.g. from decays. Use cut_decays=F in run_card.
 Warning! mmjj set to xqcut=   20.000000000000000       to improve integration efficiency
 Note that this might affect non-radiated jets,
 e.g. from decays. Use cut_decays=F in run_card.
 *****************************************************
 *               MadGraph/MadEvent                   *
 *        --------------------------------           *
 *          http://madgraph.hep.uiuc.edu             *
 *          http://madgraph.phys.ucl.ac.be           *
 *          http://madgraph.roma2.infn.it            *
 *        --------------------------------           *
 *                                                   *
 *          PARAMETER AND COUPLING VALUES            *
 *                                                   *
 *****************************************************

  External Params
  ---------------------------------
  
 aEWM1 =    127.90000000000001     
 mdl_Gf =    1.1663700000000000E-005
 aS =   0.11839999999999999     
 mdl_ymb =    4.7000000000000002     
 mdl_ymt =    172.00000000000000     
 mdl_ymtau =    1.7769999999999999     
 mdl_xi =   0.10000000000000001     
 mdl_grhopWZ =   -5.1000000000000004E-003
 mdl_grhopWh =    140.00000000000000     
 mdl_grhopud =  -0.22000000000000000     
 mdl_grhoptb =   0.10000000000000001     
 mdl_grhopT23LbL =   0.10000000000000001     
 mdl_grhopX23LbL =   0.10000000000000001     
 mdl_grhopX53LX23L =   0.10000000000000001     
 mdl_grhopX53RX23R =   0.10000000000000001     
 mdl_grhopX53LtL =   0.10000000000000001     
 mdl_grhopX53RtR =   0.10000000000000001     
 mdl_grhopX53LT23L =   0.10000000000000001     
 mdl_grhopX53RT23R =   0.10000000000000001     
 mdl_grhopT23LB13L =   0.10000000000000001     
 mdl_grhopT23RB13R =   0.10000000000000001     
 mdl_grhoptLB13L =   0.10000000000000001     
 mdl_grhoptRB13R =   0.10000000000000001     
 mdl_grhopX23LB13L =   0.10000000000000001     
 mdl_grhopX23RB13R =   0.10000000000000001     
 mdl_grho0WW =    4.4000000000000003E-003
 mdl_grho0Zh =   -160.00000000000000     
 mdl_grho0ffL =   0.22000000000000000     
 mdl_grho0ffY =    1.2999999999999999E-003
 mdl_grho0ttL =   0.22000000000000000     
 mdl_grho0bbL =  -0.23000000000000001     
 mdl_grho0ttR =   0.10000000000000001     
 mdl_grho0bbR =   0.10000000000000001     
 mdl_grho0X53LX53L =   0.10000000000000001     
 mdl_grho0X53RX53R =   0.10000000000000001     
 mdl_grho0X23LX23L =   0.10000000000000001     
 mdl_grho0X23RX23R =   0.10000000000000001     
 mdl_grho0X23LtL =   0.10000000000000001     
 mdl_grho0X23RtR =   0.10000000000000001     
 mdl_grho0X23LT23L =   0.10000000000000001     
 mdl_grho0X23RT23R =   0.10000000000000001     
 mdl_grho0T23LT23L =   0.10000000000000001     
 mdl_grho0T23RT23R =   0.10000000000000001     
 mdl_grho0T23LtL =   0.10000000000000001     
 mdl_grho0T23RtR =   0.10000000000000001     
 mdl_grho0B13LB13L =   0.10000000000000001     
 mdl_grho0B13RB13R =   0.10000000000000001     
 mdl_grhoprhomZ =   0.55000000000000004     
 mdl_grhopWmrho0 =  -0.63000000000000000     
 mdl_grhoprhomrho0 =   0.10000000000000001     
 mdl_ghWW =    100.00000000000000     
 mdl_ghZZ =    100.00000000000000     
 mdl_ghhWW =   0.10000000000000001     
 mdl_ghhZZ =   0.10000000000000001     
 mdl_gWT23LbL =   0.10000000000000001     
 mdl_gWX23LbL =   0.10000000000000001     
 mdl_gWtLB13L =   0.10000000000000001     
 mdl_gWtRB13R =   0.10000000000000001     
 mdl_gWX53LtL =   0.10000000000000001     
 mdl_gWX53RtR =   0.10000000000000001     
 mdl_gZT23LtL =   0.10000000000000001     
 mdl_gZT23RtR =   0.10000000000000001     
 mdl_gZX23LtL =   0.10000000000000001     
 mdl_gZX23RtR =   0.10000000000000001     
 mdl_ghT23LtR =   0.10000000000000001     
 mdl_ghtLT23R =   0.10000000000000001     
 mdl_ghX23LtR =   0.10000000000000001     
 mdl_ghtLX23R =   0.10000000000000001     
 mdl_MZ =    91.187600000000003     
 mdl_MTA =    1.7769999999999999     
 mdl_MT =    172.00000000000000     
 mdl_MB =    4.7000000000000002     
 mdl_MH =    125.00000000000000     
 mdl_mrhop =    2500.0000000000000     
 mdl_mrho0 =    1800.0000000000000     
 mdl_MT23 =    1200.0000000000000     
 mdl_MB13 =    600.00000000000000     
 mdl_MX53 =    600.00000000000000     
 mdl_MX23 =    600.00000000000000     
 mdl_WZ =    2.4952000000000001     
 mdl_WW =    2.0850000000000000     
 mdl_WT =    1.5083359999999999     
 mdl_WH =    5.7530880000000000E-003
 mdl_wrhop =    25.000000000000000     
 mdl_wrho0 =    1.0000000000000000E-003
 mdl_WT23 =    1.0000000000000000E-003
 mdl_WB13 =    1.0000000000000000E-003
 mdl_WX53 =    1.0000000000000000E-003
 mdl_WX23 =    1.0000000000000000E-003
  Internal Params
  ---------------------------------
  
 mdl_MZ__exp__2 =    8315.1783937600012     
 mdl_MZ__exp__4 =    69142191.720053151     
 mdl_sqrt__2 =    1.4142135623730951     
 mdl_MH__exp__2 =    15625.000000000000     
 mdl_complexi =  (  0.0000000000000000     ,  1.0000000000000000     )
 mdl_aEW =    7.8186082877247844E-003
 mdl_MW =    79.824359746197842     
 mdl_sqrt__aEW =    8.8422894590285753E-002
 mdl_ee =   0.31345100004952897     
 mdl_MW__exp__2 =    6371.9284088904105     
 mdl_sw2 =   0.23369913342182447     
 mdl_cw =   0.87538612427783857     
 mdl_sqrt__sw2 =   0.48342438232036300     
 mdl_sw =   0.48342438232036300     
 mdl_g1 =   0.35807170271074895     
 mdl_gw =   0.64839716719502682     
 mdl_vev =    246.22056907348590     
 mdl_vev__exp__2 =    60624.568634871241     
 mdl_lam =   0.12886689630821144     
 mdl_yb =    2.6995322804122722E-002
 mdl_yt =   0.98791394091683138     
 mdl_ytau =    1.0206529494239589E-002
 mdl_muH =    88.388347648318444     
 mdl_ee__exp__2 =    9.8251529432049817E-002
 mdl_sw__exp__2 =   0.23369913342182450     
 mdl_cw__exp__2 =   0.76630086657817542     
  Internal Params evaluated point by point
  ----------------------------------------
  
 mdl_sqrt__aS =   0.34409301068170506     
 mdl_G__exp__2 =    1.4878582807401259     
  Couplings of onerho
  ---------------------------------
  
         GC_7 =   0.00000E+00   0.12198E+01
        GC_44 =   0.00000E+00   0.70711E-01
        GC_49 =  -0.00000E+00  -0.15556E+00
        GC_64 =   0.00000E+00   0.70711E-01

 Collider parameters:
 --------------------

 Running at P P   machine @    13000.000000000000       GeV
 PDF set = lhapdf 
 alpha_s(Mz)= 0.1247 running at 1 loops.
 alpha_s(Mz)= 0.1247 running at 1 loops.
 Renormalization scale set on event-by-event basis
 Factorization   scale set on event-by-event basis


 getting user params
Enter number of events and max and min iterations: 
 Number of events and iterations         2000           8           3
Enter desired fractional accuracy: 
 Desired fractional accuracy:    1.0000000000000000E-002
Enter 0 for fixed, 2 for adjustable grid: 
Suppress amplitude (0 no, 1 yes)? 
 Using suppressed amplitude.
Exact helicity sum (0 yes, n = number/event)? 
 Explicitly summing over helicities
Enter Configuration Number: 
Running Configuration Number:    2
 Not subdividing B.W.
 Attempting mappinvarients           1           6
 Completed mapping           6
 about to integrate           10        2000           8           3          10           1
 Using non-zero grid deformation.
 10 dimensions   2000 events 10 invarients  8 iterations  1 config(s),  (0.99)
 Using h-tuple random number sequence.
 fail to read data
 Error opening grid
 Using Uniform Grid!          24
 Using uniform alpha   1.0000000000000000     
 Grid defined OK
 Set CM energy to      13000.00
 Mapping Graph           2  to config           2
Setting grid   1    0.13071E-06   1
 Setting BW          -2           1   1200.0000000000000     
 Setting PDF BW           9           2   2500.0000000000000     
 Transforming s_hat BW    3.6982248520710068E-002   3.6982248520710064E-004
 Masses: 0.000E+00 0.000E+00 0.798E+02 0.470E+01 0.470E+01 0.000E+00
   2   1   2   3   4   5   6   7   8   9  10
Using random seed offsets     2 :      2
  with seed                   24
 Ranmar initialization seeds       31060        9399
 
 ********************************************
 * You are using the DiscreteSampler module *
 *      part of the MG5_aMC framework       *
 *         Author: Valentin Hirschi         *
 ********************************************
 
  Particle       3       4       5       6
      Et >     0.0    10.0    10.0    20.0
       E >     0.0     0.0     0.0     0.0
     Eta <    -1.0     5.0     5.0     5.0
   xqcut:      0.0     0.0     0.0    20.0
d R # 3  >    -0.0     0.0     0.0     0.0
d R # 4  >    -0.0    -0.0     0.0     0.0
d R # 5  >    -0.0    -0.0    -0.0     0.0
s min # 3>     0.0     0.0     0.0     0.0
s min # 4>     0.0     0.0     0.0     0.0
s min # 5>     0.0     0.0     0.0     0.0
xqcutij # 3>     0.0     0.0     0.0     0.0
xqcutij # 4>     0.0     0.0     0.0     0.0
xqcutij # 5>     0.0     0.0     0.0     0.0
 No cut BW           -2           1
 No cut BW           -3           2
 alpha_s for scale    2436.8220049692723       is    8.0796544309527901E-002
 Added good helicity           73   4.2374847081637799E-003  in event            1
 Added good helicity           74  0.13577740146824610       in event            1
 Added good helicity           76   1.2258573594750885E-005  in event            1
 Added good helicity           78   6.7763127519805469E-003  in event            1
 Added good helicity           81   2.7576658866209249       in event            1
 Added good helicity           82   88.357645859390459       in event            1
 Added good helicity           83   2.4897404749976964E-004  in event            1
 Added good helicity           84   7.9773120763368312E-003  in event            1
 Added good helicity           85   5.5759631980129292E-004  in event            1
 Added good helicity           86   4.4097171969520428       in event            1
 Added good helicity           88   3.9812842348082016E-004  in event            1
 Added good helicity           89   1.0491864878492485E-002  in event            1
 Added good helicity           90  0.29370316454262979       in event            1
 Added good helicity           92   2.6516797483409386E-005  in event            1
 Added good helicity           93   4.5110485971110482E-006  in event            1
 Added good helicity           94   1.4755353141904260E-002  in event            1
 Added good helicity           96   1.3321773759889922E-006  in event            1
 Added good helicity           73   4.2374847081637817E-003  in event            1
 Added good helicity           74  0.13577740146824627       in event            1
 Added good helicity           76   1.2258573594750897E-005  in event            1
 Added good helicity           78   6.7763127519805469E-003  in event            1
 Added good helicity           81   2.7576658866209240       in event            1
 Added good helicity           82   88.357645859390459       in event            1
 Added good helicity           83   2.4897404749976975E-004  in event            1
 Added good helicity           84   7.9773120763368382E-003  in event            1
 Added good helicity           85   5.5759631980129227E-004  in event            1
 Added good helicity           86   4.4097171969520410       in event            1
 Added good helicity           88   3.9812842348082016E-004  in event            1
 Added good helicity           89   1.0491864878492480E-002  in event            1
 Added good helicity           90  0.29370316454262907       in event            1
 Added good helicity           92   2.6516797483409348E-005  in event            1
 Added good helicity           93   4.5110485971110398E-006  in event            1
 Added good helicity           94   1.4755353141904267E-002  in event            1
 Added good helicity           96   1.3321773759889926E-006  in event            1
 Added good helicity           75   4.6717090507264300E-006  in event            3
 Added good helicity           77   7.6569560898431967E-006  in event            3
 Added good helicity           75   4.6717090507264173E-006  in event            2
 Added good helicity           77   7.6569560898432069E-006  in event            2
 Added good helicity           91   1.0542198000579229E-006  in event            7
 Added good helicity           91   1.0542198000579227E-006  in event           10
 RESET CUMULATIVE VARIABLE
 RESET CUMULATIVE VARIABLE
 RESET CUMULATIVE VARIABLE
 Iteration  1   Mean: 0.2813E+01 Abs mean: 0.2813E+01   Fluctuation:  0.300E+00   0.293E+03    92.2%
  1    0.2813E+01 0.2813E+01 +- 0.3001E+00      4.77
 Writing out events   1.9073298582047453E-004   4.7709479284211023     
 Relative summed weights:
  0.4605E+00  0.5395E+00
 Relative number of events:
  0.4998E+00  0.5002E+00
 Events:
        1004        1005
 Iteration  2   Mean: 0.2972E+01 Abs mean: 0.2972E+01   Fluctuation:  0.155E+00   0.299E+03    90.4%
  2    0.2972E+01 0.2972E+01 +- 0.1553E+00      3.30
 Relative summed weights:
  0.5214E+00  0.4786E+00
 Relative number of events:
  0.5082E+00  0.4918E+00
 Events:
        2033        1967
 Iteration  3   Mean: 0.2783E+01 Abs mean: 0.2783E+01   Fluctuation:  0.751E-01   0.163E+03    87.7%
  3    0.2783E+01 0.2783E+01 +- 0.7514E-01      2.41
 Relative summed weights:
  0.4807E+00  0.5193E+00
 Relative number of events:
  0.4935E+00  0.5065E+00
 Events:
        3948        4052
 Accuracy:    0.019   0.010   0.023   0.646
 Found          810  events.
 Wrote          288  events.
 Actual xsec    2.8223262376407625     
 Correct abs xsec    2.8223262376407625     
 Event xsec    2.8223262376407519     
 Events wgts > 1:            9
 % Cross section > 1:    2.7133519357974496E-002  0.96138848146258371     
 Iteration  4   Mean: 0.2960E+01 Abs mean: 0.2960E+01   Fluctuation:  0.492E-01   0.150E+03    85.7%
  4    0.2960E+01 0.2960E+01 +- 0.4923E-01      2.10
 Relative summed weights:
  0.5147E+00  0.4853E+00
 Relative number of events:
  0.5025E+00  0.4975E+00
 Events:
        8040        7960
 Accuracy:    0.015   0.010   0.014   1.302
 Found         1857  events.
 Wrote          800  events.
 Actual xsec    2.9152344182260910     
 Correct abs xsec    2.9152344182260910     
 Event xsec    2.9152344182260772     
 Events wgts > 1:           28
 % Cross section > 1:    2.8971438551962780E-002  0.99379447398236764     
 Iteration  5   Mean: 0.3001E+01 Abs mean: 0.3001E+01   Fluctuation:  0.331E-01   0.185E+03    84.5%
  5    0.3001E+01 0.3001E+01 +- 0.3312E-01      1.97
 Relative summed weights:
  0.5042E+00  0.4958E+00
 Relative number of events:
  0.4985E+00  0.5015E+00
 Events:
       15952       16048
 Accuracy:    0.011   0.010   0.009   1.656
 Found         3710  events.
 Wrote         1826  events.
 Actual xsec    2.9671245468584786     
 Correct abs xsec    2.9671245468584786     
 Event xsec    2.9671245468585004     
 Events wgts > 1:           48
 % Cross section > 1:    2.7629419161487645E-002  0.93118501516024388     
 Iteration  6   Mean: 0.2931E+01 Abs mean: 0.2931E+01   Fluctuation:  0.223E-01   0.145E+03    83.4%
  6    0.2931E+01 0.2931E+01 +- 0.2227E-01      1.92
 Relative summed weights:
  0.5039E+00  0.4961E+00
 Relative number of events:
  0.5001E+00  0.4999E+00
 Events:
       32008       31992
 Accuracy:    0.007   0.010   0.006   1.566
 Finished due to accuracy    7.1111196524134071E-003   1.0000000000000000E-002

 -------------------------------------------------------------------------------
 Accumulated results:   Integral =  0.2946E+01
                        Std dev  =  0.1674E-01
                       Cross sec =  0.2946E+01
             Chi**2 per DoF.     =      1.5660
 -------------------------------------------------------------------------------
 Found         7050  events.
 Wrote         3768  events.
 Actual xsec    2.9540847593761308     
 Correct abs xsec    2.9540847593761308     
 Event xsec    2.9540847593764989     
 Events wgts > 1:          124
 % Cross section > 1:    2.9361000001044024E-002  0.99391190140532981     
-------------------------------------------------
---------------------------
 Results Last   3 iters: Integral =   0.2954E+01
                     Abs integral =   0.2954E+01
                          Std dev =   0.1730E-01
                  Chi**2 per DoF. =      1.5724
-------------------------------------------------
---------------------------
 Status   1.0000000000000000E-002           7           8

ls status:
events.lhe
ftn25
ftn26
input_app.txt
results.dat
run1_app.log
