==== LHAPDF6 USING DEFAULT-TYPE LHAGLUE INTERFACE ====
LHAPDF 6.1.5 loading /cvmfs/cms.cern.ch/slc6_amd64_gcc481/external/lhapdf/6.1.5-ddibom2/share/LHAPDF/NNPDF30_lo_as_0130_nf_4/NNPDF30_lo_as_0130_nf_4_0000.dat
NNPDF30_lo_as_0130_nf_4 PDF set, member #0, version 2; LHAPDF ID = 263400
 Process in group number            3
 A PDF is used, so alpha_s(MZ) is going to be modified
 Old value of alpha_s from param_card:   0.11839999999999999     
 New value of alpha_s from PDF lhapdf :  0.12470044313224841     
 using LHAPDF
 Warning! ptj set to xqcut=   20.000000000000000       to improve integration efficiency
 Note that this might affect non-radiated jets,
 e.g. from decays. Use cut_decays=F in run_card.
 Warning! mmjj set to xqcut=   20.000000000000000       to improve integration efficiency
 Note that this might affect non-radiated jets,
 e.g. from decays. Use cut_decays=F in run_card.
 *****************************************************
 *               MadGraph/MadEvent                   *
 *        --------------------------------           *
 *          http://madgraph.hep.uiuc.edu             *
 *          http://madgraph.phys.ucl.ac.be           *
 *          http://madgraph.roma2.infn.it            *
 *        --------------------------------           *
 *                                                   *
 *          PARAMETER AND COUPLING VALUES            *
 *                                                   *
 *****************************************************

  External Params
  ---------------------------------
  
 aEWM1 =    127.90000000000001     
 mdl_Gf =    1.1663700000000000E-005
 aS =   0.11839999999999999     
 mdl_ymb =    4.7000000000000002     
 mdl_ymt =    172.00000000000000     
 mdl_ymtau =    1.7769999999999999     
 mdl_xi =   0.10000000000000001     
 mdl_grhopWZ =   -5.1000000000000004E-003
 mdl_grhopWh =    140.00000000000000     
 mdl_grhopud =  -0.22000000000000000     
 mdl_grhoptb =   0.10000000000000001     
 mdl_grhopT23LbL =   0.10000000000000001     
 mdl_grhopX23LbL =   0.10000000000000001     
 mdl_grhopX53LX23L =   0.10000000000000001     
 mdl_grhopX53RX23R =   0.10000000000000001     
 mdl_grhopX53LtL =   0.10000000000000001     
 mdl_grhopX53RtR =   0.10000000000000001     
 mdl_grhopX53LT23L =   0.10000000000000001     
 mdl_grhopX53RT23R =   0.10000000000000001     
 mdl_grhopT23LB13L =   0.10000000000000001     
 mdl_grhopT23RB13R =   0.10000000000000001     
 mdl_grhoptLB13L =   0.10000000000000001     
 mdl_grhoptRB13R =   0.10000000000000001     
 mdl_grhopX23LB13L =   0.10000000000000001     
 mdl_grhopX23RB13R =   0.10000000000000001     
 mdl_grho0WW =    4.4000000000000003E-003
 mdl_grho0Zh =   -160.00000000000000     
 mdl_grho0ffL =   0.22000000000000000     
 mdl_grho0ffY =    1.2999999999999999E-003
 mdl_grho0ttL =   0.22000000000000000     
 mdl_grho0bbL =  -0.23000000000000001     
 mdl_grho0ttR =   0.10000000000000001     
 mdl_grho0bbR =   0.10000000000000001     
 mdl_grho0X53LX53L =   0.10000000000000001     
 mdl_grho0X53RX53R =   0.10000000000000001     
 mdl_grho0X23LX23L =   0.10000000000000001     
 mdl_grho0X23RX23R =   0.10000000000000001     
 mdl_grho0X23LtL =   0.10000000000000001     
 mdl_grho0X23RtR =   0.10000000000000001     
 mdl_grho0X23LT23L =   0.10000000000000001     
 mdl_grho0X23RT23R =   0.10000000000000001     
 mdl_grho0T23LT23L =   0.10000000000000001     
 mdl_grho0T23RT23R =   0.10000000000000001     
 mdl_grho0T23LtL =   0.10000000000000001     
 mdl_grho0T23RtR =   0.10000000000000001     
 mdl_grho0B13LB13L =   0.10000000000000001     
 mdl_grho0B13RB13R =   0.10000000000000001     
 mdl_grhoprhomZ =   0.55000000000000004     
 mdl_grhopWmrho0 =  -0.63000000000000000     
 mdl_grhoprhomrho0 =   0.10000000000000001     
 mdl_ghWW =    100.00000000000000     
 mdl_ghZZ =    100.00000000000000     
 mdl_ghhWW =   0.10000000000000001     
 mdl_ghhZZ =   0.10000000000000001     
 mdl_gWT23LbL =   0.10000000000000001     
 mdl_gWX23LbL =   0.10000000000000001     
 mdl_gWtLB13L =   0.10000000000000001     
 mdl_gWtRB13R =   0.10000000000000001     
 mdl_gWX53LtL =   0.10000000000000001     
 mdl_gWX53RtR =   0.10000000000000001     
 mdl_gZT23LtL =   0.10000000000000001     
 mdl_gZT23RtR =   0.10000000000000001     
 mdl_gZX23LtL =   0.10000000000000001     
 mdl_gZX23RtR =   0.10000000000000001     
 mdl_ghT23LtR =   0.10000000000000001     
 mdl_ghtLT23R =   0.10000000000000001     
 mdl_ghX23LtR =   0.10000000000000001     
 mdl_ghtLX23R =   0.10000000000000001     
 mdl_MZ =    91.187600000000003     
 mdl_MTA =    1.7769999999999999     
 mdl_MT =    172.00000000000000     
 mdl_MB =    4.7000000000000002     
 mdl_MH =    125.00000000000000     
 mdl_mrhop =    2500.0000000000000     
 mdl_mrho0 =    1800.0000000000000     
 mdl_MT23 =    1900.0000000000000     
 mdl_MB13 =    600.00000000000000     
 mdl_MX53 =    600.00000000000000     
 mdl_MX23 =    600.00000000000000     
 mdl_WZ =    2.4952000000000001     
 mdl_WW =    2.0850000000000000     
 mdl_WT =    1.5083359999999999     
 mdl_WH =    5.7530880000000000E-003
 mdl_wrhop =    25.000000000000000     
 mdl_wrho0 =    1.0000000000000000E-003
 mdl_WT23 =    1.0000000000000000E-003
 mdl_WB13 =    1.0000000000000000E-003
 mdl_WX53 =    1.0000000000000000E-003
 mdl_WX23 =    1.0000000000000000E-003
  Internal Params
  ---------------------------------
  
 mdl_MZ__exp__2 =    8315.1783937600012     
 mdl_MZ__exp__4 =    69142191.720053151     
 mdl_sqrt__2 =    1.4142135623730951     
 mdl_MH__exp__2 =    15625.000000000000     
 mdl_complexi =  (  0.0000000000000000     ,  1.0000000000000000     )
 mdl_aEW =    7.8186082877247844E-003
 mdl_MW =    79.824359746197842     
 mdl_sqrt__aEW =    8.8422894590285753E-002
 mdl_ee =   0.31345100004952897     
 mdl_MW__exp__2 =    6371.9284088904105     
 mdl_sw2 =   0.23369913342182447     
 mdl_cw =   0.87538612427783857     
 mdl_sqrt__sw2 =   0.48342438232036300     
 mdl_sw =   0.48342438232036300     
 mdl_g1 =   0.35807170271074895     
 mdl_gw =   0.64839716719502682     
 mdl_vev =    246.22056907348590     
 mdl_vev__exp__2 =    60624.568634871241     
 mdl_lam =   0.12886689630821144     
 mdl_yb =    2.6995322804122722E-002
 mdl_yt =   0.98791394091683138     
 mdl_ytau =    1.0206529494239589E-002
 mdl_muH =    88.388347648318444     
 mdl_ee__exp__2 =    9.8251529432049817E-002
 mdl_sw__exp__2 =   0.23369913342182450     
 mdl_cw__exp__2 =   0.76630086657817542     
  Internal Params evaluated point by point
  ----------------------------------------
  
 mdl_sqrt__aS =   0.34409301068170506     
 mdl_G__exp__2 =    1.4878582807401259     
  Couplings of onerho
  ---------------------------------
  
         GC_7 =   0.00000E+00   0.12198E+01
        GC_44 =   0.00000E+00   0.70711E-01
        GC_49 =  -0.00000E+00  -0.15556E+00
        GC_64 =   0.00000E+00   0.70711E-01

 Collider parameters:
 --------------------

 Running at P P   machine @    13000.000000000000       GeV
 PDF set = lhapdf 
 alpha_s(Mz)= 0.1247 running at 1 loops.
 alpha_s(Mz)= 0.1247 running at 1 loops.
 Renormalization scale set on event-by-event basis
 Factorization   scale set on event-by-event basis


 getting user params
Enter number of events and max and min iterations: 
 Number of events and iterations         2000           8           3
Enter desired fractional accuracy: 
 Desired fractional accuracy:    1.0000000000000000E-002
Enter 0 for fixed, 2 for adjustable grid: 
Suppress amplitude (0 no, 1 yes)? 
 Using suppressed amplitude.
Exact helicity sum (0 yes, n = number/event)? 
 Explicitly summing over helicities
Enter Configuration Number: 
Running Configuration Number:    2
 Not subdividing B.W.
 Attempting mappinvarients           1           6
 Completed mapping           6
 about to integrate           10        2000           8           3          10           1
 Using non-zero grid deformation.
 10 dimensions   2000 events 10 invarients  8 iterations  1 config(s),  (0.99)
 Using h-tuple random number sequence.
 fail to read data
 Error opening grid
 Using Uniform Grid!          24
 Using uniform alpha   1.0000000000000000     
 Grid defined OK
 Set CM energy to      13000.00
 Mapping Graph           2  to config           2
 Setting BW          -1           1   1900.0000000000000     
 Setting BW          -2           2   2500.0000000000000     
Setting grid   3    0.23669E-05   1
 Transforming s_hat 1/s            9  0.10390558690431430     
 Masses: 0.000E+00 0.000E+00 0.470E+01 0.798E+02 0.470E+01 0.000E+00
   2   1   2   3   4   5   6   7   8   9  10
Using random seed offsets     2 :      3
  with seed                   24
 Ranmar initialization seeds       31060        9400
 
 ********************************************
 * You are using the DiscreteSampler module *
 *      part of the MG5_aMC framework       *
 *         Author: Valentin Hirschi         *
 ********************************************
 
  Particle       3       4       5       6
      Et >    10.0     0.0    10.0    20.0
       E >     0.0     0.0     0.0     0.0
     Eta <     5.0    -1.0     5.0     5.0
   xqcut:      0.0     0.0     0.0    20.0
d R # 3  >    -0.0     0.0     0.0     0.0
d R # 4  >    -0.0    -0.0     0.0     0.0
d R # 5  >    -0.0    -0.0    -0.0     0.0
s min # 3>     0.0     0.0     0.0     0.0
s min # 4>     0.0     0.0     0.0     0.0
s min # 5>     0.0     0.0     0.0     0.0
xqcutij # 3>     0.0     0.0     0.0     0.0
xqcutij # 4>     0.0     0.0     0.0     0.0
xqcutij # 5>     0.0     0.0     0.0     0.0
 No cut BW           -1           1
 No cut BW           -2           2
 alpha_s for scale    2535.6142501715481       is    8.0454052854460792E-002
 Added good helicity           25   1.5537345764825705       in event            1
 Added good helicity           29   92.714567214339297       in event            1
 Added good helicity           31   2.3946670846256781E-005  in event            1
 Added good helicity           33   1.2405461599495078       in event            1
 Added good helicity           37   9.8782275628637946E-005  in event            1
 Added good helicity           41   5.8945434258728911E-003  in event            1
 Added good helicity           45   7.8870596404955067E-005  in event            1
 Added good helicity           73   8.4741408351812660E-003  in event            1
 Added good helicity           77  0.47024820234807752       in event            1
 Added good helicity           81   6.2953709786084415E-003  in event            1
 Added good helicity           89   3.5774483930833780E-005  in event            1
 Added good helicity           25   1.5537345764825707       in event            1
 Added good helicity           29   92.714567214339297       in event            1
 Added good helicity           31   2.3946670846256774E-005  in event            1
 Added good helicity           33   1.2405461599495080       in event            1
 Added good helicity           37   9.8782275628637810E-005  in event            1
 Added good helicity           41   5.8945434258728833E-003  in event            1
 Added good helicity           45   7.8870596404954986E-005  in event            1
 Added good helicity           73   8.4741408351815158E-003  in event            1
 Added good helicity           77  0.47024820234809106       in event            1
 Added good helicity           81   6.2953709786086323E-003  in event            1
 Added good helicity           89   3.5774483930834763E-005  in event            1
 Added good helicity           79   2.3287264081125046E-005  in event            2
 Added good helicity           93   1.3144982139799181E-006  in event            2
 Added good helicity           79   2.3287264081125032E-005  in event            2
 Added good helicity           93   1.3144982139799229E-006  in event            2
 Added good helicity           27   9.5768763705258696E-006  in event            3
 Added good helicity           85   1.3507608000525198E-006  in event            3
 Added good helicity           27   9.5768763705258662E-006  in event            4
 Added good helicity           85   1.3507608000525213E-006  in event            4
 Added good helicity           83   1.7877181606442798E-006  in event           10
 Added good helicity           83   1.7877181606442779E-006  in event            9
 RESET CUMULATIVE VARIABLE
 RESET CUMULATIVE VARIABLE
 RESET CUMULATIVE VARIABLE
 Iteration  1   Mean: 0.1010E+01 Abs mean: 0.1010E+01   Fluctuation:  0.253E+00   0.263E+03    81.1%
  1    0.1010E+01 0.1010E+01 +- 0.2530E+00     11.20
 Writing out events   7.7898130916112131E-005   11.197845321595613     
 Relative summed weights:
  0.4011E+00  0.5928E+00  0.2205E-02  0.3929E-02
 Relative number of events:
  0.4291E+00  0.4579E+00  0.5525E-01  0.5774E-01
 Events:
         862         920         111         116
 Iteration  2   Mean: 0.9480E+00 Abs mean: 0.9480E+00   Fluctuation:  0.890E-01   0.209E+03    82.9%
  2    0.9480E+00 0.9480E+00 +- 0.8902E-01      5.94
 Relative summed weights:
  0.4086E+00  0.5187E+00  0.1480E-01  0.5784E-01
 Relative number of events:
  0.4575E+00  0.4730E+00  0.3425E-01  0.3525E-01
 Events:
        1830        1892         137         141
 Iteration  3   Mean: 0.9248E+00 Abs mean: 0.9248E+00   Fluctuation:  0.233E-01   0.384E+02    85.7%
  3    0.9248E+00 0.9248E+00 +- 0.2329E-01      2.25
 Relative summed weights:
  0.4753E+00  0.4914E+00  0.1490E-01  0.1840E-01
 Relative number of events:
  0.4690E+00  0.4889E+00  0.2212E-01  0.2000E-01
 Events:
        3752        3911         177         160
 Accuracy:    0.008   0.010   0.024   0.098
 Finished due to accuracy    7.5908339405132566E-003   1.0000000000000000E-002

 -------------------------------------------------------------------------------
 Accumulated results:   Integral =  0.9271E+00
                        Std dev  =  0.2245E-01
                       Cross sec =  0.9271E+00
             Chi**2 per DoF.     =      0.0983
 -------------------------------------------------------------------------------
 Found          873  events.
 Wrote          377  events.
 Actual xsec   0.92710375994449834     
 Correct abs xsec   0.92710375994449834     
 Event xsec   0.92710375994450156     
 Events wgts > 1:           10
 % Cross section > 1:    7.8698579336034732E-003  0.84886484918091365     
-------------------------------------------------
---------------------------
 Results Last   3 iters: Integral =   0.9271E+00
                     Abs integral =   0.9271E+00
                          Std dev =   0.2245E-01
                  Chi**2 per DoF. =      0.0869
-------------------------------------------------
---------------------------
 Status   1.0000000000000000E-002           4           8

ls status:
events.lhe
ftn25
ftn26
input_app.txt
results.dat
run1_app.log
