==== LHAPDF6 USING DEFAULT-TYPE LHAGLUE INTERFACE ====
LHAPDF 6.1.5 loading /cvmfs/cms.cern.ch/slc6_amd64_gcc481/external/lhapdf/6.1.5-ddibom2/share/LHAPDF/NNPDF30_lo_as_0130_nf_4/NNPDF30_lo_as_0130_nf_4_0000.dat
NNPDF30_lo_as_0130_nf_4 PDF set, member #0, version 2; LHAPDF ID = 263400
 Process in group number            4
 A PDF is used, so alpha_s(MZ) is going to be modified
 Old value of alpha_s from param_card:   0.11839999999999999     
 New value of alpha_s from PDF lhapdf :  0.12470044313224841     
 using LHAPDF
 Warning! ptj set to xqcut=   20.000000000000000       to improve integration efficiency
 Note that this might affect non-radiated jets,
 e.g. from decays. Use cut_decays=F in run_card.
 Warning! mmjj set to xqcut=   20.000000000000000       to improve integration efficiency
 Note that this might affect non-radiated jets,
 e.g. from decays. Use cut_decays=F in run_card.
 *****************************************************
 *               MadGraph/MadEvent                   *
 *        --------------------------------           *
 *          http://madgraph.hep.uiuc.edu             *
 *          http://madgraph.phys.ucl.ac.be           *
 *          http://madgraph.roma2.infn.it            *
 *        --------------------------------           *
 *                                                   *
 *          PARAMETER AND COUPLING VALUES            *
 *                                                   *
 *****************************************************

  External Params
  ---------------------------------
  
 aEWM1 =    127.90000000000001     
 mdl_Gf =    1.1663700000000000E-005
 aS =   0.11839999999999999     
 mdl_ymb =    4.7000000000000002     
 mdl_ymt =    172.00000000000000     
 mdl_ymtau =    1.7769999999999999     
 mdl_xi =   0.10000000000000001     
 mdl_grhopWZ =   -5.1000000000000004E-003
 mdl_grhopWh =    140.00000000000000     
 mdl_grhopud =  -0.22000000000000000     
 mdl_grhoptb =   0.10000000000000001     
 mdl_grhopT23LbL =   0.10000000000000001     
 mdl_grhopX23LbL =   0.10000000000000001     
 mdl_grhopX53LX23L =   0.10000000000000001     
 mdl_grhopX53RX23R =   0.10000000000000001     
 mdl_grhopX53LtL =   0.10000000000000001     
 mdl_grhopX53RtR =   0.10000000000000001     
 mdl_grhopX53LT23L =   0.10000000000000001     
 mdl_grhopX53RT23R =   0.10000000000000001     
 mdl_grhopT23LB13L =   0.10000000000000001     
 mdl_grhopT23RB13R =   0.10000000000000001     
 mdl_grhoptLB13L =   0.10000000000000001     
 mdl_grhoptRB13R =   0.10000000000000001     
 mdl_grhopX23LB13L =   0.10000000000000001     
 mdl_grhopX23RB13R =   0.10000000000000001     
 mdl_grho0WW =    4.4000000000000003E-003
 mdl_grho0Zh =   -160.00000000000000     
 mdl_grho0ffL =   0.22000000000000000     
 mdl_grho0ffY =    1.2999999999999999E-003
 mdl_grho0ttL =   0.22000000000000000     
 mdl_grho0bbL =  -0.23000000000000001     
 mdl_grho0ttR =   0.10000000000000001     
 mdl_grho0bbR =   0.10000000000000001     
 mdl_grho0X53LX53L =   0.10000000000000001     
 mdl_grho0X53RX53R =   0.10000000000000001     
 mdl_grho0X23LX23L =   0.10000000000000001     
 mdl_grho0X23RX23R =   0.10000000000000001     
 mdl_grho0X23LtL =   0.10000000000000001     
 mdl_grho0X23RtR =   0.10000000000000001     
 mdl_grho0X23LT23L =   0.10000000000000001     
 mdl_grho0X23RT23R =   0.10000000000000001     
 mdl_grho0T23LT23L =   0.10000000000000001     
 mdl_grho0T23RT23R =   0.10000000000000001     
 mdl_grho0T23LtL =   0.10000000000000001     
 mdl_grho0T23RtR =   0.10000000000000001     
 mdl_grho0B13LB13L =   0.10000000000000001     
 mdl_grho0B13RB13R =   0.10000000000000001     
 mdl_grhoprhomZ =   0.55000000000000004     
 mdl_grhopWmrho0 =  -0.63000000000000000     
 mdl_grhoprhomrho0 =   0.10000000000000001     
 mdl_ghWW =    100.00000000000000     
 mdl_ghZZ =    100.00000000000000     
 mdl_ghhWW =   0.10000000000000001     
 mdl_ghhZZ =   0.10000000000000001     
 mdl_gWT23LbL =   0.10000000000000001     
 mdl_gWX23LbL =   0.10000000000000001     
 mdl_gWtLB13L =   0.10000000000000001     
 mdl_gWtRB13R =   0.10000000000000001     
 mdl_gWX53LtL =   0.10000000000000001     
 mdl_gWX53RtR =   0.10000000000000001     
 mdl_gZT23LtL =   0.10000000000000001     
 mdl_gZT23RtR =   0.10000000000000001     
 mdl_gZX23LtL =   0.10000000000000001     
 mdl_gZX23RtR =   0.10000000000000001     
 mdl_ghT23LtR =   0.10000000000000001     
 mdl_ghtLT23R =   0.10000000000000001     
 mdl_ghX23LtR =   0.10000000000000001     
 mdl_ghtLX23R =   0.10000000000000001     
 mdl_MZ =    91.187600000000003     
 mdl_MTA =    1.7769999999999999     
 mdl_MT =    172.00000000000000     
 mdl_MB =    4.7000000000000002     
 mdl_MH =    125.00000000000000     
 mdl_mrhop =    1500.0000000000000     
 mdl_mrho0 =    1800.0000000000000     
 mdl_MT23 =    700.00000000000000     
 mdl_MB13 =    600.00000000000000     
 mdl_MX53 =    600.00000000000000     
 mdl_MX23 =    600.00000000000000     
 mdl_WZ =    2.4952000000000001     
 mdl_WW =    2.0850000000000000     
 mdl_WT =    1.5083359999999999     
 mdl_WH =    5.7530880000000000E-003
 mdl_wrhop =    15.000000000000000     
 mdl_wrho0 =    1.0000000000000000E-003
 mdl_WT23 =    1.0000000000000000E-003
 mdl_WB13 =    1.0000000000000000E-003
 mdl_WX53 =    1.0000000000000000E-003
 mdl_WX23 =    1.0000000000000000E-003
  Internal Params
  ---------------------------------
  
 mdl_MZ__exp__2 =    8315.1783937600012     
 mdl_MZ__exp__4 =    69142191.720053151     
 mdl_sqrt__2 =    1.4142135623730951     
 mdl_MH__exp__2 =    15625.000000000000     
 mdl_complexi =  (  0.0000000000000000     ,  1.0000000000000000     )
 mdl_aEW =    7.8186082877247844E-003
 mdl_MW =    79.824359746197842     
 mdl_sqrt__aEW =    8.8422894590285753E-002
 mdl_ee =   0.31345100004952897     
 mdl_MW__exp__2 =    6371.9284088904105     
 mdl_sw2 =   0.23369913342182447     
 mdl_cw =   0.87538612427783857     
 mdl_sqrt__sw2 =   0.48342438232036300     
 mdl_sw =   0.48342438232036300     
 mdl_g1 =   0.35807170271074895     
 mdl_gw =   0.64839716719502682     
 mdl_vev =    246.22056907348590     
 mdl_vev__exp__2 =    60624.568634871241     
 mdl_lam =   0.12886689630821144     
 mdl_yb =    2.6995322804122722E-002
 mdl_yt =   0.98791394091683138     
 mdl_ytau =    1.0206529494239589E-002
 mdl_muH =    88.388347648318444     
 mdl_ee__exp__2 =    9.8251529432049817E-002
 mdl_sw__exp__2 =   0.23369913342182450     
 mdl_cw__exp__2 =   0.76630086657817542     
  Internal Params evaluated point by point
  ----------------------------------------
  
 mdl_sqrt__aS =   0.34409301068170506     
 mdl_G__exp__2 =    1.4878582807401259     
  Couplings of onerho
  ---------------------------------
  
         GC_7 =   0.00000E+00   0.12198E+01
        GC_44 =   0.00000E+00   0.70711E-01
        GC_49 =  -0.00000E+00  -0.15556E+00
        GC_64 =   0.00000E+00   0.70711E-01

 Collider parameters:
 --------------------

 Running at P P   machine @    13000.000000000000       GeV
 PDF set = lhapdf 
 alpha_s(Mz)= 0.1247 running at 1 loops.
 alpha_s(Mz)= 0.1247 running at 1 loops.
 Renormalization scale set on event-by-event basis
 Factorization   scale set on event-by-event basis


 getting user params
Enter number of events and max and min iterations: 
 Number of events and iterations         2000           8           3
Enter desired fractional accuracy: 
 Desired fractional accuracy:    1.0000000000000000E-002
Enter 0 for fixed, 2 for adjustable grid: 
Suppress amplitude (0 no, 1 yes)? 
 Using suppressed amplitude.
Exact helicity sum (0 yes, n = number/event)? 
 Explicitly summing over helicities
Enter Configuration Number: 
Running Configuration Number:    3
 Not subdividing B.W.
 Attempting mappinvarients           1           6
 Completed mapping           6
 about to integrate           10        2000           8           3          10           1
 Using non-zero grid deformation.
 10 dimensions   2000 events 10 invarients  8 iterations  1 config(s),  (0.99)
 Using h-tuple random number sequence.
 fail to read data
 Error opening grid
 Using Uniform Grid!          24
 Using uniform alpha   1.0000000000000000     
 Grid defined OK
 Set CM energy to      13000.00
 Mapping Graph           3  to config           3
 Setting BW          -1           1   700.00000000000000     
 Setting BW          -2           2   1500.0000000000000     
Setting grid   3    0.23669E-05   1
 Transforming s_hat 1/s            9   2.4636215584247115E-002
 Masses: 0.000E+00 0.000E+00 0.798E+02 0.470E+01 0.470E+01 0.000E+00
   3   1   2   3   4   5   6   7   8   9  10
Using random seed offsets     3 :      2
  with seed                   24
 Ranmar initialization seeds       31061        9399
 
 ********************************************
 * You are using the DiscreteSampler module *
 *      part of the MG5_aMC framework       *
 *         Author: Valentin Hirschi         *
 ********************************************
 
  Particle       3       4       5       6
      Et >     0.0    10.0    10.0    20.0
       E >     0.0     0.0     0.0     0.0
     Eta <    -1.0     5.0     5.0     5.0
   xqcut:      0.0     0.0     0.0    20.0
d R # 3  >    -0.0     0.0     0.0     0.0
d R # 4  >    -0.0    -0.0     0.0     0.0
d R # 5  >    -0.0    -0.0    -0.0     0.0
s min # 3>     0.0     0.0     0.0     0.0
s min # 4>     0.0     0.0     0.0     0.0
s min # 5>     0.0     0.0     0.0     0.0
xqcutij # 3>     0.0     0.0     0.0     0.0
xqcutij # 4>     0.0     0.0     0.0     0.0
xqcutij # 5>     0.0     0.0     0.0     0.0
 No cut BW           -1           1
 No cut BW           -2           2
 alpha_s for scale    1691.3151674137034       is    8.4087322072156981E-002
 Added good helicity           73   15.266913622898093       in event            1
 Added good helicity           74   2.0614160119667950       in event            1
 Added good helicity           75   1.4797610012470231E-004  in event            1
 Added good helicity           76   3.4346248887326424E-005  in event            1
 Added good helicity           77   1.2359369512001180E-003  in event            1
 Added good helicity           78   1.6688246774276068E-004  in event            1
 Added good helicity           81   74.231184720272338       in event            1
 Added good helicity           82   3.8853496269382060       in event            1
 Added good helicity           83   7.1949324487219401E-004  in event            1
 Added good helicity           84   6.4735688733580038E-005  in event            1
 Added good helicity           85   6.3341709589825558E-003  in event            1
 Added good helicity           86   3.2755604927317485E-004  in event            1
 Added good helicity           89  0.51914601371050295       in event            1
 Added good helicity           90   2.6942759296320968E-002  in event            1
 Added good helicity           91   5.0318750990548730E-006  in event            1
 Added good helicity           93   1.0062483076433328E-005  in event            1
 Added good helicity           73   15.266913622898096       in event            1
 Added good helicity           74   2.0614160119667959       in event            1
 Added good helicity           75   1.4797610012470239E-004  in event            1
 Added good helicity           76   3.4346248887326451E-005  in event            1
 Added good helicity           77   1.2359369512001189E-003  in event            1
 Added good helicity           78   1.6688246774276073E-004  in event            1
 Added good helicity           81   74.231184720272338       in event            1
 Added good helicity           82   3.8853496269382037       in event            1
 Added good helicity           83   7.1949324487219433E-004  in event            1
 Added good helicity           84   6.4735688733580051E-005  in event            1
 Added good helicity           85   6.3341709589825575E-003  in event            1
 Added good helicity           86   3.2755604927317501E-004  in event            1
 Added good helicity           89  0.51914601371050295       in event            1
 Added good helicity           90   2.6942759296320975E-002  in event            1
 Added good helicity           91   5.0318750990548755E-006  in event            1
 Added good helicity           93   1.0062483076433318E-005  in event            1
 Added good helicity           92   3.4241617418975006E-006  in event            2
 Added good helicity           92   3.4241617418974998E-006  in event            3
 Added good helicity           94   2.4695562474525424E-006  in event            5
 Added good helicity           94   2.4695562474525424E-006  in event            6
 RESET CUMULATIVE VARIABLE
 RESET CUMULATIVE VARIABLE
 RESET CUMULATIVE VARIABLE
 Iteration  1   Mean: 0.2431E+01 Abs mean: 0.2431E+01   Fluctuation:  0.911E+00   0.164E+04    84.3%
  1    0.2431E+01 0.2431E+01 +- 0.9108E+00     16.76
 Writing out events   1.8027241792503194E-004   16.755472401752733     
 Relative summed weights:
  0.8420E+00  0.1580E+00
 Relative number of events:
  0.5202E+00  0.4798E+00
 Events:
        1045         964
 Iteration  2   Mean: 0.2582E+01 Abs mean: 0.2582E+01   Fluctuation:  0.342E+00   0.508E+03    88.2%
  2    0.2582E+01 0.2582E+01 +- 0.3422E+00      8.38
 Relative summed weights:
  0.4097E+00  0.5903E+00
 Relative number of events:
  0.4935E+00  0.5065E+00
 Events:
        1974        2026
 Iteration  3   Mean: 0.3657E+01 Abs mean: 0.3657E+01   Fluctuation:  0.209E+00   0.643E+03    87.0%
  3    0.3657E+01 0.3657E+01 +- 0.2094E+00      5.12
 Relative summed weights:
  0.4869E+00  0.5131E+00
 Relative number of events:
  0.4995E+00  0.5005E+00
 Events:
        3996        4004
 Accuracy:    0.084   0.010   0.052   2.629
 Found          718  events.
 Wrote           58  events.
 Actual xsec    3.4673741523079866     
 Correct abs xsec    3.4673741523079866     
 Event xsec    3.4673741523079857     
 Events wgts > 1:            3
 % Cross section > 1:    3.0379452804615355E-002  0.87615156225335256     
 Iteration  4   Mean: 0.3655E+01 Abs mean: 0.3655E+01   Fluctuation:  0.673E-01   0.179E+03    82.5%
  4    0.3655E+01 0.3655E+01 +- 0.6730E-01      2.33
 Relative summed weights:
  0.5103E+00  0.4897E+00
 Relative number of events:
  0.4991E+00  0.5009E+00
 Events:
        7985        8015
 Accuracy:    0.024   0.010   0.017   1.888
 Found         1840  events.
 Wrote          609  events.
 Actual xsec    3.6370361524293937     
 Correct abs xsec    3.6370361524293937     
 Event xsec    3.6370361524293529     
 Events wgts > 1:           19
 % Cross section > 1:    2.9571092851795974E-002  0.81305468553134963     
 Iteration  5   Mean: 0.3623E+01 Abs mean: 0.3623E+01   Fluctuation:  0.289E-01   0.864E+02    77.9%
  5    0.3623E+01 0.3623E+01 +- 0.2894E-01      1.43
 Relative summed weights:
  0.5004E+00  0.4996E+00
 Relative number of events:
  0.4981E+00  0.5019E+00
 Events:
       15940       16060
 Accuracy:    0.009   0.010   0.007   1.430
 Finished due to accuracy    8.6784340878139771E-003   1.0000000000000000E-002

 -------------------------------------------------------------------------------
 Accumulated results:   Integral =  0.3625E+01
                        Std dev  =  0.2631E-01
                       Cross sec =  0.3625E+01
             Chi**2 per DoF.     =      1.4300
 -------------------------------------------------------------------------------
 Found         4033  events.
 Wrote         4029  events.
 Actual xsec    3.6285928746752290     
 Correct abs xsec    3.6285928746752290     
 Event xsec    3.6285928746752569     
 Events wgts > 1:          120
 % Cross section > 1:    3.1507367460906030E-002  0.86830814448219962     
-------------------------------------------------
---------------------------
 Results Last   3 iters: Integral =   0.3629E+01
                     Abs integral =   0.3629E+01
                          Std dev =   0.2638E-01
                  Chi**2 per DoF. =      0.1068
-------------------------------------------------
---------------------------
 Status   1.0000000000000000E-002           6           8

ls status:
events.lhe
ftn25
ftn26
input_app.txt
results.dat
run1_app.log
