==== LHAPDF6 USING DEFAULT-TYPE LHAGLUE INTERFACE ====
LHAPDF 6.1.5 loading /cvmfs/cms.cern.ch/slc6_amd64_gcc481/external/lhapdf/6.1.5-ddibom2/share/LHAPDF/NNPDF30_lo_as_0130_nf_4/NNPDF30_lo_as_0130_nf_4_0000.dat
NNPDF30_lo_as_0130_nf_4 PDF set, member #0, version 2; LHAPDF ID = 263400
 Process in group number            3
 A PDF is used, so alpha_s(MZ) is going to be modified
 Old value of alpha_s from param_card:   0.11839999999999999     
 New value of alpha_s from PDF lhapdf :  0.12470044313224841     
 using LHAPDF
 Warning! ptj set to xqcut=   20.000000000000000       to improve integration efficiency
 Note that this might affect non-radiated jets,
 e.g. from decays. Use cut_decays=F in run_card.
 Warning! mmjj set to xqcut=   20.000000000000000       to improve integration efficiency
 Note that this might affect non-radiated jets,
 e.g. from decays. Use cut_decays=F in run_card.
 *****************************************************
 *               MadGraph/MadEvent                   *
 *        --------------------------------           *
 *          http://madgraph.hep.uiuc.edu             *
 *          http://madgraph.phys.ucl.ac.be           *
 *          http://madgraph.roma2.infn.it            *
 *        --------------------------------           *
 *                                                   *
 *          PARAMETER AND COUPLING VALUES            *
 *                                                   *
 *****************************************************

  External Params
  ---------------------------------
  
 aEWM1 =    127.90000000000001     
 mdl_Gf =    1.1663700000000000E-005
 aS =   0.11839999999999999     
 mdl_ymb =    4.7000000000000002     
 mdl_ymt =    172.00000000000000     
 mdl_ymtau =    1.7769999999999999     
 mdl_xi =   0.10000000000000001     
 mdl_grhopWZ =   -5.1000000000000004E-003
 mdl_grhopWh =    140.00000000000000     
 mdl_grhopud =  -0.22000000000000000     
 mdl_grhoptb =   0.10000000000000001     
 mdl_grhopT23LbL =   0.10000000000000001     
 mdl_grhopX23LbL =   0.10000000000000001     
 mdl_grhopX53LX23L =   0.10000000000000001     
 mdl_grhopX53RX23R =   0.10000000000000001     
 mdl_grhopX53LtL =   0.10000000000000001     
 mdl_grhopX53RtR =   0.10000000000000001     
 mdl_grhopX53LT23L =   0.10000000000000001     
 mdl_grhopX53RT23R =   0.10000000000000001     
 mdl_grhopT23LB13L =   0.10000000000000001     
 mdl_grhopT23RB13R =   0.10000000000000001     
 mdl_grhoptLB13L =   0.10000000000000001     
 mdl_grhoptRB13R =   0.10000000000000001     
 mdl_grhopX23LB13L =   0.10000000000000001     
 mdl_grhopX23RB13R =   0.10000000000000001     
 mdl_grho0WW =    4.4000000000000003E-003
 mdl_grho0Zh =   -160.00000000000000     
 mdl_grho0ffL =   0.22000000000000000     
 mdl_grho0ffY =    1.2999999999999999E-003
 mdl_grho0ttL =   0.22000000000000000     
 mdl_grho0bbL =  -0.23000000000000001     
 mdl_grho0ttR =   0.10000000000000001     
 mdl_grho0bbR =   0.10000000000000001     
 mdl_grho0X53LX53L =   0.10000000000000001     
 mdl_grho0X53RX53R =   0.10000000000000001     
 mdl_grho0X23LX23L =   0.10000000000000001     
 mdl_grho0X23RX23R =   0.10000000000000001     
 mdl_grho0X23LtL =   0.10000000000000001     
 mdl_grho0X23RtR =   0.10000000000000001     
 mdl_grho0X23LT23L =   0.10000000000000001     
 mdl_grho0X23RT23R =   0.10000000000000001     
 mdl_grho0T23LT23L =   0.10000000000000001     
 mdl_grho0T23RT23R =   0.10000000000000001     
 mdl_grho0T23LtL =   0.10000000000000001     
 mdl_grho0T23RtR =   0.10000000000000001     
 mdl_grho0B13LB13L =   0.10000000000000001     
 mdl_grho0B13RB13R =   0.10000000000000001     
 mdl_grhoprhomZ =   0.55000000000000004     
 mdl_grhopWmrho0 =  -0.63000000000000000     
 mdl_grhoprhomrho0 =   0.10000000000000001     
 mdl_ghWW =    100.00000000000000     
 mdl_ghZZ =    100.00000000000000     
 mdl_ghhWW =   0.10000000000000001     
 mdl_ghhZZ =   0.10000000000000001     
 mdl_gWT23LbL =   0.10000000000000001     
 mdl_gWX23LbL =   0.10000000000000001     
 mdl_gWtLB13L =   0.10000000000000001     
 mdl_gWtRB13R =   0.10000000000000001     
 mdl_gWX53LtL =   0.10000000000000001     
 mdl_gWX53RtR =   0.10000000000000001     
 mdl_gZT23LtL =   0.10000000000000001     
 mdl_gZT23RtR =   0.10000000000000001     
 mdl_gZX23LtL =   0.10000000000000001     
 mdl_gZX23RtR =   0.10000000000000001     
 mdl_ghT23LtR =   0.10000000000000001     
 mdl_ghtLT23R =   0.10000000000000001     
 mdl_ghX23LtR =   0.10000000000000001     
 mdl_ghtLX23R =   0.10000000000000001     
 mdl_MZ =    91.187600000000003     
 mdl_MTA =    1.7769999999999999     
 mdl_MT =    172.00000000000000     
 mdl_MB =    4.7000000000000002     
 mdl_MH =    125.00000000000000     
 mdl_mrhop =    2500.0000000000000     
 mdl_mrho0 =    1800.0000000000000     
 mdl_MT23 =    1500.0000000000000     
 mdl_MB13 =    600.00000000000000     
 mdl_MX53 =    600.00000000000000     
 mdl_MX23 =    600.00000000000000     
 mdl_WZ =    2.4952000000000001     
 mdl_WW =    2.0850000000000000     
 mdl_WT =    1.5083359999999999     
 mdl_WH =    5.7530880000000000E-003
 mdl_wrhop =    25.000000000000000     
 mdl_wrho0 =    1.0000000000000000E-003
 mdl_WT23 =    1.0000000000000000E-003
 mdl_WB13 =    1.0000000000000000E-003
 mdl_WX53 =    1.0000000000000000E-003
 mdl_WX23 =    1.0000000000000000E-003
  Internal Params
  ---------------------------------
  
 mdl_MZ__exp__2 =    8315.1783937600012     
 mdl_MZ__exp__4 =    69142191.720053151     
 mdl_sqrt__2 =    1.4142135623730951     
 mdl_MH__exp__2 =    15625.000000000000     
 mdl_complexi =  (  0.0000000000000000     ,  1.0000000000000000     )
 mdl_aEW =    7.8186082877247844E-003
 mdl_MW =    79.824359746197842     
 mdl_sqrt__aEW =    8.8422894590285753E-002
 mdl_ee =   0.31345100004952897     
 mdl_MW__exp__2 =    6371.9284088904105     
 mdl_sw2 =   0.23369913342182447     
 mdl_cw =   0.87538612427783857     
 mdl_sqrt__sw2 =   0.48342438232036300     
 mdl_sw =   0.48342438232036300     
 mdl_g1 =   0.35807170271074895     
 mdl_gw =   0.64839716719502682     
 mdl_vev =    246.22056907348590     
 mdl_vev__exp__2 =    60624.568634871241     
 mdl_lam =   0.12886689630821144     
 mdl_yb =    2.6995322804122722E-002
 mdl_yt =   0.98791394091683138     
 mdl_ytau =    1.0206529494239589E-002
 mdl_muH =    88.388347648318444     
 mdl_ee__exp__2 =    9.8251529432049817E-002
 mdl_sw__exp__2 =   0.23369913342182450     
 mdl_cw__exp__2 =   0.76630086657817542     
  Internal Params evaluated point by point
  ----------------------------------------
  
 mdl_sqrt__aS =   0.34409301068170506     
 mdl_G__exp__2 =    1.4878582807401259     
  Couplings of onerho
  ---------------------------------
  
         GC_7 =   0.00000E+00   0.12198E+01
        GC_44 =   0.00000E+00   0.70711E-01
        GC_49 =  -0.00000E+00  -0.15556E+00
        GC_64 =   0.00000E+00   0.70711E-01

 Collider parameters:
 --------------------

 Running at P P   machine @    13000.000000000000       GeV
 PDF set = lhapdf 
 alpha_s(Mz)= 0.1247 running at 1 loops.
 alpha_s(Mz)= 0.1247 running at 1 loops.
 Renormalization scale set on event-by-event basis
 Factorization   scale set on event-by-event basis


 getting user params
Enter number of events and max and min iterations: 
 Number of events and iterations         2000           8           3
Enter desired fractional accuracy: 
 Desired fractional accuracy:    1.0000000000000000E-002
Enter 0 for fixed, 2 for adjustable grid: 
Suppress amplitude (0 no, 1 yes)? 
 Using suppressed amplitude.
Exact helicity sum (0 yes, n = number/event)? 
 Explicitly summing over helicities
Enter Configuration Number: 
Running Configuration Number:    3
 Not subdividing B.W.
 Attempting mappinvarients           1           6
 Completed mapping           6
 about to integrate           10        2000           8           3          10           1
 Using non-zero grid deformation.
 10 dimensions   2000 events 10 invarients  8 iterations  1 config(s),  (0.99)
 Using h-tuple random number sequence.
 fail to read data
 Error opening grid
 Using Uniform Grid!          24
 Using uniform alpha   1.0000000000000000     
 Grid defined OK
 Set CM energy to      13000.00
 Mapping Graph           3  to config           3
 Setting BW          -1           1   1500.0000000000000     
 Setting BW          -2           2   2500.0000000000000     
Setting grid   3    0.23669E-05   1
 Transforming s_hat 1/s            9   8.5015785056959003E-002
 Masses: 0.000E+00 0.000E+00 0.470E+01 0.798E+02 0.470E+01 0.000E+00
   3   1   2   3   4   5   6   7   8   9  10
Using random seed offsets     3 :      1
  with seed                   24
 Ranmar initialization seeds       31061        9398
 
 ********************************************
 * You are using the DiscreteSampler module *
 *      part of the MG5_aMC framework       *
 *         Author: Valentin Hirschi         *
 ********************************************
 
  Particle       3       4       5       6
      Et >    10.0     0.0    10.0    20.0
       E >     0.0     0.0     0.0     0.0
     Eta <     5.0    -1.0     5.0     5.0
   xqcut:      0.0     0.0     0.0    20.0
d R # 3  >    -0.0     0.0     0.0     0.0
d R # 4  >    -0.0    -0.0     0.0     0.0
d R # 5  >    -0.0    -0.0    -0.0     0.0
s min # 3>     0.0     0.0     0.0     0.0
s min # 4>     0.0     0.0     0.0     0.0
s min # 5>     0.0     0.0     0.0     0.0
xqcutij # 3>     0.0     0.0     0.0     0.0
xqcutij # 4>     0.0     0.0     0.0     0.0
xqcutij # 5>     0.0     0.0     0.0     0.0
 No cut BW           -1           1
 No cut BW           -2           2
 alpha_s for scale    2444.2074440978772       is    8.0770363707437343E-002
 Added good helicity           73  0.34128362261641515       in event            1
 Added good helicity           74   1.3942478704262150E-002  in event            1
 Added good helicity           77   91.557487001110729       in event            1
 Added good helicity           78   3.6548400476097882       in event            1
 Added good helicity           79   2.4844185844071859E-004  in event            1
 Added good helicity           80   9.9189891042313743E-006  in event            1
 Added good helicity           81  0.41554968258765623       in event            1
 Added good helicity           82   1.6589346859791614E-002  in event            1
 Added good helicity           83   1.4672273324964847E-006  in event            1
 Added good helicity           89   4.5061684878670609E-005  in event            1
 Added good helicity           90   1.5276377020765154E-006  in event            1
 Added good helicity           73  0.34128362261641526       in event            1
 Added good helicity           74   1.3942478704262158E-002  in event            1
 Added good helicity           77   91.557487001110729       in event            1
 Added good helicity           78   3.6548400476097904       in event            1
 Added good helicity           79   2.4844185844071864E-004  in event            1
 Added good helicity           80   9.9189891042313760E-006  in event            1
 Added good helicity           81  0.41554968258765607       in event            1
 Added good helicity           82   1.6589346859791607E-002  in event            1
 Added good helicity           83   1.4672273324964860E-006  in event            1
 Added good helicity           89   4.5061684878670596E-005  in event            1
 Added good helicity           90   1.5276377020765158E-006  in event            1
 Added good helicity           75   1.1785587142494374E-006  in event            2
 Added good helicity           75   1.1785587142494376E-006  in event            3
 Added good helicity           85   9.1468998221449019E-004  in event            4
 Added good helicity           86   2.7016006385313258E-005  in event            4
 Added good helicity           93   3.8005466848756260E-005  in event            4
 Added good helicity           85   9.1468998221448986E-004  in event            4
 Added good helicity           86   2.7016006385313262E-005  in event            4
 Added good helicity           93   3.8005466848756159E-005  in event            4
 RESET CUMULATIVE VARIABLE
 RESET CUMULATIVE VARIABLE
 RESET CUMULATIVE VARIABLE
 Iteration  1   Mean: 0.4830E+01 Abs mean: 0.4830E+01   Fluctuation:  0.166E+01   0.204E+04    82.5%
  1    0.4830E+01 0.4830E+01 +- 0.1659E+01     15.36
 Writing out events   3.6570146247475951E-004   15.362683622708170     
 Relative summed weights:
  0.4289E+00  0.5711E+00
 Relative number of events:
  0.4998E+00  0.5002E+00
 Events:
        1004        1005
 Iteration  2   Mean: 0.4508E+01 Abs mean: 0.4508E+01   Fluctuation:  0.698E+00   0.199E+04    81.7%
  2    0.4508E+01 0.4508E+01 +- 0.6982E+00      9.80
 Relative summed weights:
  0.3646E+00  0.6354E+00
 Relative number of events:
  0.5145E+00  0.4855E+00
 Events:
        2058        1942
 Iteration  3   Mean: 0.5192E+01 Abs mean: 0.5192E+01   Fluctuation:  0.229E+00   0.624E+03    80.5%
  3    0.5192E+01 0.5192E+01 +- 0.2293E+00      3.95
 Relative summed weights:
  0.5124E+00  0.4876E+00
 Relative number of events:
  0.5002E+00  0.4998E+00
 Events:
        4002        3998
 Accuracy:    0.025   0.010   0.042   0.358
 Found          802  events.
 Wrote           82  events.
 Actual xsec    5.1360820128198057     
 Correct abs xsec    5.1360820128198057     
 Event xsec    5.1360820128198181     
 Events wgts > 1:            4
 % Cross section > 1:    4.7112772725371330E-002  0.91729011740420818     
 Iteration  4   Mean: 0.5376E+01 Abs mean: 0.5376E+01   Fluctuation:  0.964E-01   0.385E+03    78.4%
  4    0.5376E+01 0.5376E+01 +- 0.9641E-01      2.27
 Relative summed weights:
  0.5034E+00  0.4966E+00
 Relative number of events:
  0.4941E+00  0.5059E+00
 Events:
        7906        8094
 Accuracy:    0.012   0.010   0.017   0.542
 Found         1878  events.
 Wrote          635  events.
 Actual xsec    5.3406354773050628     
 Correct abs xsec    5.3406354773050628     
 Event xsec    5.3406354773050877     
 Events wgts > 1:           12
 % Cross section > 1:    5.1800217392360993E-002  0.96992609985244038     
 Iteration  5   Mean: 0.5607E+01 Abs mean: 0.5607E+01   Fluctuation:  0.475E-01   0.243E+03    75.5%
  5    0.5607E+01 0.5607E+01 +- 0.4746E-01      1.51
 Relative summed weights:
  0.5054E+00  0.4946E+00
 Relative number of events:
  0.5032E+00  0.4968E+00
 Events:
       16103       15897
 Accuracy:    0.011   0.010   0.008   2.060
 Found         4261  events.
 Wrote         3073  events.
 Actual xsec    5.5537417044487025     
 Correct abs xsec    5.5537417044487025     
 Event xsec    5.5537417044487212     
 Events wgts > 1:           73
 % Cross section > 1:    5.5162282038974518E-002  0.99324536455823642     
 Iteration  6   Mean: 0.5589E+01 Abs mean: 0.5589E+01   Fluctuation:  0.256E-01   0.144E+03    72.6%
  6    0.5589E+01 0.5589E+01 +- 0.2561E-01      1.16
 Relative summed weights:
  0.5004E+00  0.4996E+00
 Relative number of events:
  0.5007E+00  0.4993E+00
 Events:
       32046       31954
 Accuracy:    0.005   0.010   0.004   1.749
 Finished due to accuracy    5.1769438926189560E-003   1.0000000000000000E-002

 -------------------------------------------------------------------------------
 Accumulated results:   Integral =  0.5578E+01
                        Std dev  =  0.2184E-01
                       Cross sec =  0.5578E+01
             Chi**2 per DoF.     =      1.7487
 -------------------------------------------------------------------------------
 Found         8685  events.
 Wrote         8682  events.
 Actual xsec    5.5822435799839596     
 Correct abs xsec    5.5822435799839596     
 Event xsec    5.5822435799845094     
 Events wgts > 1:           87
 % Cross section > 1:    1.8232433961309233E-002  0.32661480460442083     
-------------------------------------------------
---------------------------
 Results Last   3 iters: Integral =   0.5582E+01
                     Abs integral =   0.5582E+01
                          Std dev =   0.2195E-01
                  Chi**2 per DoF. =      2.4441
-------------------------------------------------
---------------------------
 Status   1.0000000000000000E-002           7           8

ls status:
events.lhe
ftn25
ftn26
input_app.txt
results.dat
run1_app.log
